

Microchip Technology PIC18 LITE Macro Assembler V1.35 build -356382666 
                                                                                               Mon Feb 01 15:33:20 2016

Microchip Technology Omniscient Code Generator v1.35 (Free mode) build 201507080246
     1                           	processor	18F46K22
     2                           	fnconf	rparam,??,?,0
     3                           	opt	pw 120
     4                           	opt	lm
     5                           	psect	idataCOMRAM,global,class=CODE,delta=1
     6                           	psect	cinit,global,reloc=2,class=CODE,delta=1
     7                           	psect	bitbssCOMRAM,global,bit,class=COMRAM,space=1,delta=1
     8                           	psect	bssCOMRAM,global,class=COMRAM,space=1,delta=1
     9                           	psect	dataCOMRAM,global,class=COMRAM,space=1,delta=1
    10                           	psect	bssBANK0,global,class=BANK0,space=1,delta=1
    11                           	psect	cstackBANK0,global,class=BANK0,space=1,delta=1
    12                           	psect	cstackCOMRAM,global,class=COMRAM,space=1,delta=1
    13                           	psect	text0,global,reloc=2,class=CODE,delta=1
    14                           	psect	text1,global,reloc=2,class=CODE,delta=1
    15                           	psect	text2,global,reloc=2,class=CODE,delta=1
    16                           	psect	text3,global,reloc=2,class=CODE,delta=1
    17                           	psect	text4,global,reloc=2,class=CODE,delta=1
    18                           	psect	text5,global,reloc=2,class=CODE,delta=1
    19                           	psect	text6,global,reloc=2,class=CODE,delta=1
    20                           	psect	text7,global,reloc=2,class=CODE,delta=1
    21                           	psect	intcode,global,reloc=2,class=CODE,delta=1
    22                           	psect	text9,global,reloc=2,class=CODE,delta=1
    23                           	psect	text10,global,reloc=2,class=CODE,delta=1
    24                           	psect	intsave_regs,global,class=BIGRAM,space=1,delta=1
    25                           	psect	rparam,global,class=COMRAM,space=1,delta=1
    26                           	psect	temp,global,ovrld,common,class=COMRAM,space=1,delta=1
    27  0000                     
    28                           	psect	idataCOMRAM
    29  0001B2                     __pidataCOMRAM:
    30                           	opt stack 0
    31                           
    32                           ;initializer for _c_path
    33  0001B2  000A               	dw	10
    34                           
    35                           ;initializer for _cm100
    36  0001B4  5B1B               	dw	23323
    37                           
    38                           ;initializer for _cm120
    39  0001B6  6D53               	dw	27987
    40                           
    41                           ;initializer for _cm180
    42  0001B8  A3FE               	dw	41982
    43                           
    44                           ;initializer for _cm220
    45  0001BA  C86E               	dw	51310
    46                           
    47                           ;initializer for _cm50
    48  0001BC  2D8E               	dw	11662
    49                           
    50                           ;initializer for _cm80
    51  0001BE  48E3               	dw	18659
    52  0000                     _ANSELA	set	3896
    53  0000                     _ANSELB	set	3897
    54  0000                     _ANSELC	set	3898
    55  0000                     _ANSELD	set	3899
    56  0000                     _ANSELE	set	3900
    57  0000                     _TMR5H	set	3920
    58  0000                     _TMR5L	set	3919
    59  0000                     _OSCCON	set	4051
    60  0000                     _PORTA	set	3968
    61  0000                     _PORTAbits	set	3968
    62  0000                     _PORTB	set	3969
    63  0000                     _PORTBbits	set	3969
    64  0000                     _PORTC	set	3970
    65  0000                     _PORTD	set	3971
    66  0000                     _PORTE	set	3972
    67  0000                     _SSP1BUF	set	4041
    68  0000                     _SSP1CON1	set	4038
    69  0000                     _SSP1STAT	set	4039
    70  0000                     _T3CONbits	set	4017
    71  0000                     _T3GCONbits	set	4020
    72  0000                     _TMR3H	set	4019
    73  0000                     _TMR3L	set	4018
    74  0000                     _TRISA	set	3986
    75  0000                     _TRISB	set	3987
    76  0000                     _TRISC	set	3988
    77  0000                     _TRISD	set	3989
    78  0000                     _TRISE	set	3990
    79  0000                     _GIE	set	32663
    80  0000                     _PEIE	set	32662
    81  0000                     _SSP1IF	set	31987
    82  0000                     _TMR3GIE	set	32025
    83  0000                     _TMR3GIF	set	32033
    84  0000                     _TMR3IF	set	32009
    85  0000                     _TMR5IF	set	31729
    86                           
    87                           ; #config settings
    88  0000                     
    89                           	psect	cinit
    90  000094                     __pcinit:
    91                           	opt stack 0
    92  000094                     start_initialization:
    93                           	opt stack 0
    94  000094                     __initialization:
    95                           	opt stack 0
    96                           
    97                           ; Clear objects allocated to BANK0 (154 bytes)
    98  000094  EE00  F060         	lfsr	0,__pbssBANK0
    99  000098  0E9A               	movlw	154
   100  00009A                     clear_0:
   101  00009A  6AEE               	clrf	postinc0,c
   102  00009C  06E8               	decf	wreg,f,c
   103  00009E  E1FD               	bnz	clear_0
   104                           
   105                           ; Clear objects allocated to BITCOMRAM (1 bytes)
   106  0000A0  6A57               	clrf	(__pbitbssCOMRAM/(0+8))& (0+255),c
   107                           
   108                           ; Clear objects allocated to COMRAM (54 bytes)
   109  0000A2  EE00  F001         	lfsr	0,__pbssCOMRAM
   110  0000A6  0E36               	movlw	54
   111  0000A8                     clear_1:
   112  0000A8  6AEE               	clrf	postinc0,c
   113  0000AA  06E8               	decf	wreg,f,c
   114  0000AC  E1FD               	bnz	clear_1
   115                           
   116                           ; Initialize objects allocated to COMRAM (14 bytes)
   117                           ; load TBLPTR registers with __pidataCOMRAM
   118  0000AE  0EB2               	movlw	low __pidataCOMRAM
   119  0000B0  6EF6               	movwf	tblptrl,c
   120  0000B2  0E01               	movlw	high __pidataCOMRAM
   121  0000B4  6EF7               	movwf	tblptrh,c
   122  0000B6  0E00               	movlw	low (__pidataCOMRAM shr (0+16))
   123  0000B8  6EF8               	movwf	tblptru,c
   124  0000BA  EE00  F049         	lfsr	0,__pdataCOMRAM
   125  0000BE  EE10 F00E          	lfsr	1,14
   126  0000C2                     copy_data0:
   127  0000C2  0009               	tblrd		*+
   128  0000C4  CFF5 FFEE          	movff	tablat,postinc0
   129  0000C8  50E5               	movf	postdec1,w,c
   130  0000CA  50E1               	movf	fsr1l,w,c
   131  0000CC  E1FA               	bnz	copy_data0
   132  0000CE                     end_of_initialization:
   133                           	opt stack 0
   134  0000CE                     __end_of__initialization:
   135                           	opt stack 0
   136  0000CE  9058               	bcf	int$flags,0,c	;clear compiler interrupt flag (level 1)
   137  0000D0  9258               	bcf	int$flags,1,c	;clear compiler interrupt flag (level 2)
   138  0000D2  0100               	movlb	0
   139  0000D4  EFE0  F000         	goto	_main	;jump to C main() function
   140                           tblptru	equ	0xFF8
   141                           tblptrh	equ	0xFF7
   142                           tblptrl	equ	0xFF6
   143                           tablat	equ	0xFF5
   144                           postinc0	equ	0xFEE
   145                           wreg	equ	0xFE8
   146                           postdec1	equ	0xFE5
   147                           fsr1l	equ	0xFE1
   148                           
   149                           	psect	bitbssCOMRAM
   150  0002B8                     __pbitbssCOMRAM:
   151                           	opt stack 0
   152  0002B8                     _direction:
   153                           	opt stack 0
   154  0002B8                     	ds	1
   155  0002B9                     _frame:
   156                           	opt stack 0
   157  0002B9                     	ds	1
   158  0002BA                     _highpassallowed:
   159                           	opt stack 0
   160  0002BA                     	ds	1
   161  0002BB                     _obj_type:
   162                           	opt stack 0
   163  0002BB                     	ds	1
   164  0002BC                     _set_ret:
   165                           	opt stack 0
   166  0002BC                     	ds	1
   167  0002BD                     _storedif:
   168                           	opt stack 0
   169  0002BD                     	ds	1
   170  0002BE                     _table:
   171                           	opt stack 0
   172  0002BE                     	ds	1
   173                           tblptru	equ	0xFF8
   174                           tblptrh	equ	0xFF7
   175                           tblptrl	equ	0xFF6
   176                           tablat	equ	0xFF5
   177                           postinc0	equ	0xFEE
   178                           wreg	equ	0xFE8
   179                           postdec1	equ	0xFE5
   180                           fsr1l	equ	0xFE1
   181                           
   182                           	psect	bssCOMRAM
   183  000001                     __pbssCOMRAM:
   184                           	opt stack 0
   185  000001                     _a_frame:
   186                           	opt stack 0
   187  000001                     	ds	20
   188  000015                     _a_frame_dif:
   189                           	opt stack 0
   190  000015                     	ds	10
   191  00001F                     _a_actors:
   192                           	opt stack 0
   193  00001F                     	ds	8
   194  000027                     _changerate:
   195                           	opt stack 0
   196  000027                     	ds	3
   197  00002A                     _outgoing:
   198                           	opt stack 0
   199  00002A                     	ds	3
   200  00002D                     _id_current_cc:
   201                           	opt stack 0
   202  00002D                     	ds	2
   203  00002F                     _lw:
   204                           	opt stack 0
   205  00002F                     	ds	2
   206  000031                     _time_gear_meas:
   207                           	opt stack 0
   208  000031                     	ds	2
   209  000033                     _time_height:
   210                           	opt stack 0
   211  000033                     	ds	2
   212  000035                     _w:
   213                           	opt stack 0
   214  000035                     	ds	2
   215                           tblptru	equ	0xFF8
   216                           tblptrh	equ	0xFF7
   217                           tblptrl	equ	0xFF6
   218                           tablat	equ	0xFF5
   219                           postinc0	equ	0xFEE
   220                           wreg	equ	0xFE8
   221                           postdec1	equ	0xFE5
   222                           fsr1l	equ	0xFE1
   223                           
   224                           	psect	dataCOMRAM
   225  000049                     __pdataCOMRAM:
   226                           	opt stack 0
   227  000049                     _c_path:
   228                           	opt stack 0
   229  000049                     	ds	2
   230  00004B                     _cm100:
   231                           	opt stack 0
   232  00004B                     	ds	2
   233  00004D                     _cm120:
   234                           	opt stack 0
   235  00004D                     	ds	2
   236  00004F                     _cm180:
   237                           	opt stack 0
   238  00004F                     	ds	2
   239  000051                     _cm220:
   240                           	opt stack 0
   241  000051                     	ds	2
   242  000053                     _cm50:
   243                           	opt stack 0
   244  000053                     	ds	2
   245  000055                     _cm80:
   246                           	opt stack 0
   247  000055                     	ds	2
   248                           tblptru	equ	0xFF8
   249                           tblptrh	equ	0xFF7
   250                           tblptrl	equ	0xFF6
   251                           tablat	equ	0xFF5
   252                           postinc0	equ	0xFEE
   253                           wreg	equ	0xFE8
   254                           postdec1	equ	0xFE5
   255                           fsr1l	equ	0xFE1
   256                           
   257                           	psect	bssBANK0
   258  000060                     __pbssBANK0:
   259                           	opt stack 0
   260  000060                     _a_color:
   261                           	opt stack 0
   262  000060                     	ds	70
   263  0000A6                     _a_path:
   264                           	opt stack 0
   265  0000A6                     	ds	42
   266  0000D0                     _a_path_old:
   267                           	opt stack 0
   268  0000D0                     	ds	42
   269                           tblptru	equ	0xFF8
   270                           tblptrh	equ	0xFF7
   271                           tblptrl	equ	0xFF6
   272                           tablat	equ	0xFF5
   273                           postinc0	equ	0xFEE
   274                           wreg	equ	0xFE8
   275                           postdec1	equ	0xFE5
   276                           fsr1l	equ	0xFE1
   277                           
   278                           	psect	cstackBANK0
   279  000000                     __pcstackBANK0:
   280                           	opt stack 0
   281  000000                     tblptru	equ	0xFF8
   282                           tblptrh	equ	0xFF7
   283                           tblptrl	equ	0xFF6
   284                           tablat	equ	0xFF5
   285                           postinc0	equ	0xFEE
   286                           wreg	equ	0xFE8
   287                           postdec1	equ	0xFE5
   288                           fsr1l	equ	0xFE1
   289                           
   290                           ; 0 bytes @ 0x0
   291                           
   292                           	psect	cstackCOMRAM
   293  000037                     __pcstackCOMRAM:
   294                           	opt stack 0
   295  000037                     ?_CalcTime:
   296                           	opt stack 0
   297                           
   298                           ; 2 bytes @ 0x0
   299  000037                     	ds	2
   300  000039                     CalcTime@time_gear:
   301                           	opt stack 0
   302                           
   303                           ; 2 bytes @ 0x2
   304  000039                     	ds	2
   305  00003B                     ??_Isr:
   306                           
   307                           ; 0 bytes @ 0x4
   308  00003B                     	ds	14
   309                           tblptru	equ	0xFF8
   310                           tblptrh	equ	0xFF7
   311                           tblptrl	equ	0xFF6
   312                           tablat	equ	0xFF5
   313                           postinc0	equ	0xFEE
   314                           wreg	equ	0xFE8
   315                           postdec1	equ	0xFE5
   316                           fsr1l	equ	0xFE1
   317                           
   318 ;;
   319 ;;Main: autosize = 0, tempsize = 0, incstack = 0, save=0
   320 ;;
   321 ;; *************** function _main *****************
   322 ;; Defined at:
   323 ;;		line 85 in file "main.c"
   324 ;; Parameters:    Size  Location     Type
   325 ;;		None
   326 ;; Auto vars:     Size  Location     Type
   327 ;;		None
   328 ;; Return value:  Size  Location     Type
   329 ;;		None               void
   330 ;; Registers used:
   331 ;;		wreg, status,2, cstack
   332 ;; Tracked objects:
   333 ;;		On entry : 0/0
   334 ;;		On exit  : 0/0
   335 ;;		Unchanged: 0/0
   336 ;; Data sizes:     COMRAM   BANK0   BANK1   BANK2   BANK3   BANK4   BANK5   BANK6   BANK7   BANK8   BANK9  BANK10  BANK1
      +1  BANK12  BANK13  BANK14  BANK15
   337 ;;      Params:         0       0       0       0       0       0       0       0       0       0       0       0       
      +0       0       0       0       0
   338 ;;      Locals:         0       0       0       0       0       0       0       0       0       0       0       0       
      +0       0       0       0       0
   339 ;;      Temps:          0       0       0       0       0       0       0       0       0       0       0       0       
      +0       0       0       0       0
   340 ;;      Totals:         0       0       0       0       0       0       0       0       0       0       0       0       
      +0       0       0       0       0
   341 ;;Total ram usage:        0 bytes
   342 ;; Hardware stack levels required when called:    5
   343 ;; This function calls:
   344 ;;		_Init
   345 ;; This function is called by:
   346 ;;		Startup code after reset
   347 ;; This function uses a non-reentrant model
   348 ;;
   349                           
   350                           	psect	text0
   351  0001C0                     __ptext0:
   352                           	opt stack 0
   353  0001C0                     _main:
   354                           	opt stack 26
   355                           
   356                           ;main.c: 86: Init();
   357                           
   358                           ;incstack = 0
   359  0001C0  ECA9  F000         	call	_Init	;wreg free
   360  0001C4                     l2340:
   361                           
   362                           ;main.c: 88: __nop();
   363  0001C4  F000               	nop	
   364  0001C6  D7FE               	goto	l2340
   365  0001C8                     __end_of_main:
   366                           	opt stack 0
   367                           tblptru	equ	0xFF8
   368                           tblptrh	equ	0xFF7
   369                           tblptrl	equ	0xFF6
   370                           tablat	equ	0xFF5
   371                           postinc0	equ	0xFEE
   372                           wreg	equ	0xFE8
   373                           postdec1	equ	0xFE5
   374                           fsr1l	equ	0xFE1
   375                           
   376 ;; *************** function _Init *****************
   377 ;; Defined at:
   378 ;;		line 30 in file "init.c"
   379 ;; Parameters:    Size  Location     Type
   380 ;;		None
   381 ;; Auto vars:     Size  Location     Type
   382 ;;		None
   383 ;; Return value:  Size  Location     Type
   384 ;;		None               void
   385 ;; Registers used:
   386 ;;		wreg, status,2, cstack
   387 ;; Tracked objects:
   388 ;;		On entry : 0/0
   389 ;;		On exit  : 0/0
   390 ;;		Unchanged: 0/0
   391 ;; Data sizes:     COMRAM   BANK0   BANK1   BANK2   BANK3   BANK4   BANK5   BANK6   BANK7   BANK8   BANK9  BANK10  BANK1
      +1  BANK12  BANK13  BANK14  BANK15
   392 ;;      Params:         0       0       0       0       0       0       0       0       0       0       0       0       
      +0       0       0       0       0
   393 ;;      Locals:         0       0       0       0       0       0       0       0       0       0       0       0       
      +0       0       0       0       0
   394 ;;      Temps:          0       0       0       0       0       0       0       0       0       0       0       0       
      +0       0       0       0       0
   395 ;;      Totals:         0       0       0       0       0       0       0       0       0       0       0       0       
      +0       0       0       0       0
   396 ;;Total ram usage:        0 bytes
   397 ;; Hardware stack levels used:    1
   398 ;; Hardware stack levels required when called:    4
   399 ;; This function calls:
   400 ;;		_InitAnsel
   401 ;;		_InitInterrupt
   402 ;;		_InitOsc
   403 ;;		_InitPort
   404 ;;		_InitTimer
   405 ;;		_InitTris
   406 ;; This function is called by:
   407 ;;		_main
   408 ;; This function uses a non-reentrant model
   409 ;;
   410                           
   411                           	psect	text1
   412  000152                     __ptext1:
   413                           	opt stack 0
   414  000152                     _Init:
   415                           	opt stack 26
   416                           
   417                           ;init.c: 31: InitPort();
   418                           
   419                           ;incstack = 0
   420  000152  ECCE  F000         	call	_InitPort	;wreg free
   421                           
   422                           ;init.c: 32: InitTris();
   423  000156  ECC3  F000         	call	_InitTris	;wreg free
   424                           
   425                           ;init.c: 33: InitAnsel();
   426  00015A  EC99  F000         	call	_InitAnsel	;wreg free
   427                           
   428                           ;init.c: 34: InitOsc();
   429  00015E  ECE8  F000         	call	_InitOsc	;wreg free
   430                           
   431                           ;init.c: 37: InitTimer();
   432  000162  ECB6  F000         	call	_InitTimer	;wreg free
   433                           
   434                           ;init.c: 38: InitInterrupt();
   435  000166  ECE4  F000         	call	_InitInterrupt	;wreg free
   436  00016A  0012               	return		;funcret
   437  00016C                     __end_of_Init:
   438                           	opt stack 0
   439                           tblptru	equ	0xFF8
   440                           tblptrh	equ	0xFF7
   441                           tblptrl	equ	0xFF6
   442                           tablat	equ	0xFF5
   443                           postinc0	equ	0xFEE
   444                           wreg	equ	0xFE8
   445                           postdec1	equ	0xFE5
   446                           fsr1l	equ	0xFE1
   447                           
   448 ;; *************** function _InitTris *****************
   449 ;; Defined at:
   450 ;;		line 54 in file "init.c"
   451 ;; Parameters:    Size  Location     Type
   452 ;;		None
   453 ;; Auto vars:     Size  Location     Type
   454 ;;		None
   455 ;; Return value:  Size  Location     Type
   456 ;;		None               void
   457 ;; Registers used:
   458 ;;		wreg, status,2
   459 ;; Tracked objects:
   460 ;;		On entry : 0/0
   461 ;;		On exit  : 0/0
   462 ;;		Unchanged: 0/0
   463 ;; Data sizes:     COMRAM   BANK0   BANK1   BANK2   BANK3   BANK4   BANK5   BANK6   BANK7   BANK8   BANK9  BANK10  BANK1
      +1  BANK12  BANK13  BANK14  BANK15
   464 ;;      Params:         0       0       0       0       0       0       0       0       0       0       0       0       
      +0       0       0       0       0
   465 ;;      Locals:         0       0       0       0       0       0       0       0       0       0       0       0       
      +0       0       0       0       0
   466 ;;      Temps:          0       0       0       0       0       0       0       0       0       0       0       0       
      +0       0       0       0       0
   467 ;;      Totals:         0       0       0       0       0       0       0       0       0       0       0       0       
      +0       0       0       0       0
   468 ;;Total ram usage:        0 bytes
   469 ;; Hardware stack levels used:    1
   470 ;; Hardware stack levels required when called:    3
   471 ;; This function calls:
   472 ;;		Nothing
   473 ;; This function is called by:
   474 ;;		_Init
   475 ;; This function uses a non-reentrant model
   476 ;;
   477                           
   478                           	psect	text2
   479  000186                     __ptext2:
   480                           	opt stack 0
   481  000186                     _InitTris:
   482                           	opt stack 26
   483                           
   484                           ;init.c: 55: TRISA = 0b00000000;
   485                           
   486                           ;incstack = 0
   487  000186  0E00               	movlw	0
   488  000188  6E92               	movwf	3986,c	;volatile
   489                           
   490                           ;init.c: 56: TRISB = 0b00010000;
   491  00018A  0E10               	movlw	16
   492  00018C  6E93               	movwf	3987,c	;volatile
   493                           
   494                           ;init.c: 57: TRISC = 0b10010001;
   495  00018E  0E91               	movlw	145
   496  000190  6E94               	movwf	3988,c	;volatile
   497                           
   498                           ;init.c: 58: TRISD = 0b01010000;
   499  000192  0E50               	movlw	80
   500  000194  6E95               	movwf	3989,c	;volatile
   501                           
   502                           ;init.c: 59: TRISE = 0b00000000;
   503  000196  0E00               	movlw	0
   504  000198  6E96               	movwf	3990,c	;volatile
   505  00019A  0012               	return		;funcret
   506  00019C                     __end_of_InitTris:
   507                           	opt stack 0
   508                           tblptru	equ	0xFF8
   509                           tblptrh	equ	0xFF7
   510                           tblptrl	equ	0xFF6
   511                           tablat	equ	0xFF5
   512                           postinc0	equ	0xFEE
   513                           wreg	equ	0xFE8
   514                           postdec1	equ	0xFE5
   515                           fsr1l	equ	0xFE1
   516                           
   517 ;; *************** function _InitTimer *****************
   518 ;; Defined at:
   519 ;;		line 111 in file "init.c"
   520 ;; Parameters:    Size  Location     Type
   521 ;;		None
   522 ;; Auto vars:     Size  Location     Type
   523 ;;		None
   524 ;; Return value:  Size  Location     Type
   525 ;;		None               void
   526 ;; Registers used:
   527 ;;		wreg, status,2
   528 ;; Tracked objects:
   529 ;;		On entry : 0/0
   530 ;;		On exit  : 0/0
   531 ;;		Unchanged: 0/0
   532 ;; Data sizes:     COMRAM   BANK0   BANK1   BANK2   BANK3   BANK4   BANK5   BANK6   BANK7   BANK8   BANK9  BANK10  BANK1
      +1  BANK12  BANK13  BANK14  BANK15
   533 ;;      Params:         0       0       0       0       0       0       0       0       0       0       0       0       
      +0       0       0       0       0
   534 ;;      Locals:         0       0       0       0       0       0       0       0       0       0       0       0       
      +0       0       0       0       0
   535 ;;      Temps:          0       0       0       0       0       0       0       0       0       0       0       0       
      +0       0       0       0       0
   536 ;;      Totals:         0       0       0       0       0       0       0       0       0       0       0       0       
      +0       0       0       0       0
   537 ;;Total ram usage:        0 bytes
   538 ;; Hardware stack levels used:    1
   539 ;; Hardware stack levels required when called:    3
   540 ;; This function calls:
   541 ;;		Nothing
   542 ;; This function is called by:
   543 ;;		_Init
   544 ;; This function uses a non-reentrant model
   545 ;;
   546                           
   547                           	psect	text3
   548  00016C                     __ptext3:
   549                           	opt stack 0
   550  00016C                     _InitTimer:
   551                           	opt stack 26
   552                           
   553                           ;init.c: 114: T3GCONbits.TMR3GE = 1;
   554                           
   555                           ;incstack = 0
   556  00016C  8EB4               	bsf	4020,7,c	;volatile
   557                           
   558                           ;init.c: 115: T3GCONbits.T3GSPM = 0;
   559  00016E  98B4               	bcf	4020,4,c	;volatile
   560                           
   561                           ;init.c: 116: T3GCONbits.T3GTM = 0;
   562  000170  9AB4               	bcf	4020,5,c	;volatile
   563                           
   564                           ;init.c: 117: T3GCONbits.T3GPOL = 1;
   565  000172  8CB4               	bsf	4020,6,c	;volatile
   566                           
   567                           ;init.c: 118: T3GCONbits.T3GSS = 0b00;
   568  000174  0EFC               	movlw	-4
   569  000176  16B4               	andwf	4020,f,c	;volatile
   570                           
   571                           ;init.c: 120: T3CONbits.TMR3CS = 0b00;
   572  000178  0E3F               	movlw	-193
   573  00017A  16B1               	andwf	4017,f,c	;volatile
   574                           
   575                           ;init.c: 121: T3CONbits.T3CKPS = 0b00;
   576  00017C  0ECF               	movlw	-49
   577  00017E  16B1               	andwf	4017,f,c	;volatile
   578                           
   579                           ;init.c: 122: T3CONbits.nT3SYNC = 1;
   580  000180  84B1               	bsf	4017,2,c	;volatile
   581                           
   582                           ;init.c: 123: T3CONbits.TMR3ON = 1;
   583  000182  80B1               	bsf	4017,0,c	;volatile
   584  000184  0012               	return		;funcret
   585  000186                     __end_of_InitTimer:
   586                           	opt stack 0
   587                           tblptru	equ	0xFF8
   588                           tblptrh	equ	0xFF7
   589                           tblptrl	equ	0xFF6
   590                           tablat	equ	0xFF5
   591                           postinc0	equ	0xFEE
   592                           wreg	equ	0xFE8
   593                           postdec1	equ	0xFE5
   594                           fsr1l	equ	0xFE1
   595                           
   596 ;; *************** function _InitPort *****************
   597 ;; Defined at:
   598 ;;		line 44 in file "init.c"
   599 ;; Parameters:    Size  Location     Type
   600 ;;		None
   601 ;; Auto vars:     Size  Location     Type
   602 ;;		None
   603 ;; Return value:  Size  Location     Type
   604 ;;		None               void
   605 ;; Registers used:
   606 ;;		wreg, status,2
   607 ;; Tracked objects:
   608 ;;		On entry : 0/0
   609 ;;		On exit  : 0/0
   610 ;;		Unchanged: 0/0
   611 ;; Data sizes:     COMRAM   BANK0   BANK1   BANK2   BANK3   BANK4   BANK5   BANK6   BANK7   BANK8   BANK9  BANK10  BANK1
      +1  BANK12  BANK13  BANK14  BANK15
   612 ;;      Params:         0       0       0       0       0       0       0       0       0       0       0       0       
      +0       0       0       0       0
   613 ;;      Locals:         0       0       0       0       0       0       0       0       0       0       0       0       
      +0       0       0       0       0
   614 ;;      Temps:          0       0       0       0       0       0       0       0       0       0       0       0       
      +0       0       0       0       0
   615 ;;      Totals:         0       0       0       0       0       0       0       0       0       0       0       0       
      +0       0       0       0       0
   616 ;;Total ram usage:        0 bytes
   617 ;; Hardware stack levels used:    1
   618 ;; Hardware stack levels required when called:    3
   619 ;; This function calls:
   620 ;;		Nothing
   621 ;; This function is called by:
   622 ;;		_Init
   623 ;; This function uses a non-reentrant model
   624 ;;
   625                           
   626                           	psect	text4
   627  00019C                     __ptext4:
   628                           	opt stack 0
   629  00019C                     _InitPort:
   630                           	opt stack 26
   631                           
   632                           ;init.c: 45: PORTA = 0b00000000;
   633                           
   634                           ;incstack = 0
   635  00019C  0E00               	movlw	0
   636  00019E  6E80               	movwf	3968,c	;volatile
   637                           
   638                           ;init.c: 46: PORTB = 0b00001000;
   639  0001A0  0E08               	movlw	8
   640  0001A2  6E81               	movwf	3969,c	;volatile
   641                           
   642                           ;init.c: 47: PORTC = 0b00000000;
   643  0001A4  0E00               	movlw	0
   644  0001A6  6E82               	movwf	3970,c	;volatile
   645                           
   646                           ;init.c: 48: PORTD = 0b00001000;
   647  0001A8  0E08               	movlw	8
   648  0001AA  6E83               	movwf	3971,c	;volatile
   649                           
   650                           ;init.c: 49: PORTE = 0b00000000;
   651  0001AC  0E00               	movlw	0
   652  0001AE  6E84               	movwf	3972,c	;volatile
   653  0001B0  0012               	return		;funcret
   654  0001B2                     __end_of_InitPort:
   655                           	opt stack 0
   656                           tblptru	equ	0xFF8
   657                           tblptrh	equ	0xFF7
   658                           tblptrl	equ	0xFF6
   659                           tablat	equ	0xFF5
   660                           postinc0	equ	0xFEE
   661                           wreg	equ	0xFE8
   662                           postdec1	equ	0xFE5
   663                           fsr1l	equ	0xFE1
   664                           
   665 ;; *************** function _InitOsc *****************
   666 ;; Defined at:
   667 ;;		line 74 in file "init.c"
   668 ;; Parameters:    Size  Location     Type
   669 ;;		None
   670 ;; Auto vars:     Size  Location     Type
   671 ;;		None
   672 ;; Return value:  Size  Location     Type
   673 ;;		None               void
   674 ;; Registers used:
   675 ;;		wreg, status,2
   676 ;; Tracked objects:
   677 ;;		On entry : 0/0
   678 ;;		On exit  : 0/0
   679 ;;		Unchanged: 0/0
   680 ;; Data sizes:     COMRAM   BANK0   BANK1   BANK2   BANK3   BANK4   BANK5   BANK6   BANK7   BANK8   BANK9  BANK10  BANK1
      +1  BANK12  BANK13  BANK14  BANK15
   681 ;;      Params:         0       0       0       0       0       0       0       0       0       0       0       0       
      +0       0       0       0       0
   682 ;;      Locals:         0       0       0       0       0       0       0       0       0       0       0       0       
      +0       0       0       0       0
   683 ;;      Temps:          0       0       0       0       0       0       0       0       0       0       0       0       
      +0       0       0       0       0
   684 ;;      Totals:         0       0       0       0       0       0       0       0       0       0       0       0       
      +0       0       0       0       0
   685 ;;Total ram usage:        0 bytes
   686 ;; Hardware stack levels used:    1
   687 ;; Hardware stack levels required when called:    3
   688 ;; This function calls:
   689 ;;		Nothing
   690 ;; This function is called by:
   691 ;;		_Init
   692 ;; This function uses a non-reentrant model
   693 ;;
   694                           
   695                           	psect	text5
   696  0001D0                     __ptext5:
   697                           	opt stack 0
   698  0001D0                     _InitOsc:
   699                           	opt stack 26
   700                           
   701                           ;init.c: 75: OSCCON = 0b01110111;
   702                           
   703                           ;incstack = 0
   704  0001D0  0E77               	movlw	119
   705  0001D2  6ED3               	movwf	4051,c	;volatile
   706  0001D4  0012               	return		;funcret
   707  0001D6                     __end_of_InitOsc:
   708                           	opt stack 0
   709                           tblptru	equ	0xFF8
   710                           tblptrh	equ	0xFF7
   711                           tblptrl	equ	0xFF6
   712                           tablat	equ	0xFF5
   713                           postinc0	equ	0xFEE
   714                           wreg	equ	0xFE8
   715                           postdec1	equ	0xFE5
   716                           fsr1l	equ	0xFE1
   717                           
   718 ;; *************** function _InitInterrupt *****************
   719 ;; Defined at:
   720 ;;		line 145 in file "init.c"
   721 ;; Parameters:    Size  Location     Type
   722 ;;		None
   723 ;; Auto vars:     Size  Location     Type
   724 ;;		None
   725 ;; Return value:  Size  Location     Type
   726 ;;		None               void
   727 ;; Registers used:
   728 ;;		None
   729 ;; Tracked objects:
   730 ;;		On entry : 0/0
   731 ;;		On exit  : 0/0
   732 ;;		Unchanged: 0/0
   733 ;; Data sizes:     COMRAM   BANK0   BANK1   BANK2   BANK3   BANK4   BANK5   BANK6   BANK7   BANK8   BANK9  BANK10  BANK1
      +1  BANK12  BANK13  BANK14  BANK15
   734 ;;      Params:         0       0       0       0       0       0       0       0       0       0       0       0       
      +0       0       0       0       0
   735 ;;      Locals:         0       0       0       0       0       0       0       0       0       0       0       0       
      +0       0       0       0       0
   736 ;;      Temps:          0       0       0       0       0       0       0       0       0       0       0       0       
      +0       0       0       0       0
   737 ;;      Totals:         0       0       0       0       0       0       0       0       0       0       0       0       
      +0       0       0       0       0
   738 ;;Total ram usage:        0 bytes
   739 ;; Hardware stack levels used:    1
   740 ;; Hardware stack levels required when called:    3
   741 ;; This function calls:
   742 ;;		Nothing
   743 ;; This function is called by:
   744 ;;		_Init
   745 ;; This function uses a non-reentrant model
   746 ;;
   747                           
   748                           	psect	text6
   749  0001C8                     __ptext6:
   750                           	opt stack 0
   751  0001C8                     _InitInterrupt:
   752                           	opt stack 26
   753                           
   754                           ;init.c: 146: GIE = 1;
   755                           
   756                           ;incstack = 0
   757  0001C8  8EF2               	bsf	intcon,7,c	;volatile
   758                           
   759                           ;init.c: 147: PEIE = 1;
   760  0001CA  8CF2               	bsf	intcon,6,c	;volatile
   761                           
   762                           ;init.c: 149: TMR3GIE = 1;
   763  0001CC  82A3               	bsf	4003,1,c	;volatile
   764  0001CE  0012               	return		;funcret
   765  0001D0                     __end_of_InitInterrupt:
   766                           	opt stack 0
   767                           tblptru	equ	0xFF8
   768                           tblptrh	equ	0xFF7
   769                           tblptrl	equ	0xFF6
   770                           tablat	equ	0xFF5
   771                           intcon	equ	0xFF2
   772                           postinc0	equ	0xFEE
   773                           wreg	equ	0xFE8
   774                           postdec1	equ	0xFE5
   775                           fsr1l	equ	0xFE1
   776                           
   777 ;; *************** function _InitAnsel *****************
   778 ;; Defined at:
   779 ;;		line 64 in file "init.c"
   780 ;; Parameters:    Size  Location     Type
   781 ;;		None
   782 ;; Auto vars:     Size  Location     Type
   783 ;;		None
   784 ;; Return value:  Size  Location     Type
   785 ;;		None               void
   786 ;; Registers used:
   787 ;;		wreg, status,2
   788 ;; Tracked objects:
   789 ;;		On entry : 0/0
   790 ;;		On exit  : 0/0
   791 ;;		Unchanged: 0/0
   792 ;; Data sizes:     COMRAM   BANK0   BANK1   BANK2   BANK3   BANK4   BANK5   BANK6   BANK7   BANK8   BANK9  BANK10  BANK1
      +1  BANK12  BANK13  BANK14  BANK15
   793 ;;      Params:         0       0       0       0       0       0       0       0       0       0       0       0       
      +0       0       0       0       0
   794 ;;      Locals:         0       0       0       0       0       0       0       0       0       0       0       0       
      +0       0       0       0       0
   795 ;;      Temps:          0       0       0       0       0       0       0       0       0       0       0       0       
      +0       0       0       0       0
   796 ;;      Totals:         0       0       0       0       0       0       0       0       0       0       0       0       
      +0       0       0       0       0
   797 ;;Total ram usage:        0 bytes
   798 ;; Hardware stack levels used:    1
   799 ;; Hardware stack levels required when called:    3
   800 ;; This function calls:
   801 ;;		Nothing
   802 ;; This function is called by:
   803 ;;		_Init
   804 ;; This function uses a non-reentrant model
   805 ;;
   806                           
   807                           	psect	text7
   808  000132                     __ptext7:
   809                           	opt stack 0
   810  000132                     _InitAnsel:
   811                           	opt stack 26
   812                           
   813                           ;init.c: 65: ANSELA = 0b00000000;
   814                           
   815                           ;incstack = 0
   816  000132  0E00               	movlw	0
   817  000134  010F               	movlb	15	; () banked
   818  000136  6F38               	movwf	56,b	;volatile
   819                           
   820                           ;init.c: 66: ANSELB = 0b00000000;
   821  000138  0E00               	movlw	0
   822  00013A  010F               	movlb	15	; () banked
   823  00013C  6F39               	movwf	57,b	;volatile
   824                           
   825                           ;init.c: 67: ANSELC = 0b00000000;
   826  00013E  0E00               	movlw	0
   827  000140  010F               	movlb	15	; () banked
   828  000142  6F3A               	movwf	58,b	;volatile
   829                           
   830                           ;init.c: 68: ANSELD = 0b00000000;
   831  000144  0E00               	movlw	0
   832  000146  010F               	movlb	15	; () banked
   833  000148  6F3B               	movwf	59,b	;volatile
   834                           
   835                           ;init.c: 69: ANSELE = 0b00000000;
   836  00014A  0E00               	movlw	0
   837  00014C  010F               	movlb	15	; () banked
   838  00014E  6F3C               	movwf	60,b	;volatile
   839                           
   840                           ; BSR set to: 15
   841  000150  0012               	return		;funcret
   842  000152                     __end_of_InitAnsel:
   843                           	opt stack 0
   844                           tblptru	equ	0xFF8
   845                           tblptrh	equ	0xFF7
   846                           tblptrl	equ	0xFF6
   847                           tablat	equ	0xFF5
   848                           intcon	equ	0xFF2
   849                           postinc0	equ	0xFEE
   850                           wreg	equ	0xFE8
   851                           postdec1	equ	0xFE5
   852                           fsr1l	equ	0xFE1
   853                           
   854 ;; *************** function _Isr *****************
   855 ;; Defined at:
   856 ;;		line 30 in file "interrupt.c"
   857 ;; Parameters:    Size  Location     Type
   858 ;;		None
   859 ;; Auto vars:     Size  Location     Type
   860 ;;		None
   861 ;; Return value:  Size  Location     Type
   862 ;;		None               void
   863 ;; Registers used:
   864 ;;		wreg, status,2, status,0, cstack
   865 ;; Tracked objects:
   866 ;;		On entry : 0/0
   867 ;;		On exit  : 0/0
   868 ;;		Unchanged: 0/0
   869 ;; Data sizes:     COMRAM   BANK0   BANK1   BANK2   BANK3   BANK4   BANK5   BANK6   BANK7   BANK8   BANK9  BANK10  BANK1
      +1  BANK12  BANK13  BANK14  BANK15
   870 ;;      Params:         0       0       0       0       0       0       0       0       0       0       0       0       
      +0       0       0       0       0
   871 ;;      Locals:         0       0       0       0       0       0       0       0       0       0       0       0       
      +0       0       0       0       0
   872 ;;      Temps:         14       0       0       0       0       0       0       0       0       0       0       0       
      +0       0       0       0       0
   873 ;;      Totals:        14       0       0       0       0       0       0       0       0       0       0       0       
      +0       0       0       0       0
   874 ;;Total ram usage:       14 bytes
   875 ;; Hardware stack levels used:    1
   876 ;; Hardware stack levels required when called:    2
   877 ;; This function calls:
   878 ;;		_ModeCheck
   879 ;; This function is called by:
   880 ;;		Interrupt level 2
   881 ;; This function uses a non-reentrant model
   882 ;;
   883                           
   884                           	psect	intcode
   885  000008                     __pintcode:
   886                           	opt stack 0
   887  000008                     _Isr:
   888                           	opt stack 26
   889                           
   890                           ; BSR set to: 15
   891                           ;incstack = 0
   892  000008  8258               	bsf	btemp,1,c	;set compiler interrupt flag (level 2)
   893  00000A  CFFA F03B          	movff	pclath,??_Isr
   894  00000E  CFFB F03C          	movff	pclatu,??_Isr+1
   895  000012  CFE9 F03D          	movff	fsr0l,??_Isr+2
   896  000016  CFEA F03E          	movff	fsr0h,??_Isr+3
   897  00001A  CFE1 F03F          	movff	fsr1l,??_Isr+4
   898  00001E  CFE2 F040          	movff	fsr1h,??_Isr+5
   899  000022  CFD9 F041          	movff	fsr2l,??_Isr+6
   900  000026  CFDA F042          	movff	fsr2h,??_Isr+7
   901  00002A  CFF3 F043          	movff	prodl,??_Isr+8
   902  00002E  CFF4 F044          	movff	prodh,??_Isr+9
   903  000032  CFF6 F045          	movff	tblptrl,??_Isr+10
   904  000036  CFF7 F046          	movff	tblptrh,??_Isr+11
   905  00003A  CFF8 F047          	movff	tblptru,??_Isr+12
   906  00003E  CFF5 F048          	movff	tablat,??_Isr+13
   907                           
   908                           ;interrupt.c: 31: __nop();
   909  000042  F000               	nop	
   910                           
   911                           ;interrupt.c: 32: if(TMR3GIF == 1) {
   912  000044  A2A4               	btfss	4004,1,c	;volatile
   913  000046  D004               	goto	i2l413
   914                           
   915                           ;interrupt.c: 33: TMR3GIF = 0;
   916  000048  92A4               	bcf	4004,1,c	;volatile
   917                           
   918                           ;interrupt.c: 34: ModeCheck();
   919  00004A  EC6C  F000         	call	_ModeCheck	;wreg free
   920                           
   921                           ;interrupt.c: 42: }else if (TMR3IF == 1) {
   922  00004E  D002               	goto	i2l416
   923  000050                     i2l413:
   924  000050  B2A1               	btfsc	4001,1,c	;volatile
   925                           
   926                           ;interrupt.c: 43: TMR3IF = 0;
   927  000052  92A1               	bcf	4001,1,c	;volatile
   928  000054                     i2l416:
   929  000054  C048  FFF5         	movff	??_Isr+13,tablat
   930  000058  C047  FFF8         	movff	??_Isr+12,tblptru
   931  00005C  C046  FFF7         	movff	??_Isr+11,tblptrh
   932  000060  C045  FFF6         	movff	??_Isr+10,tblptrl
   933  000064  C044  FFF4         	movff	??_Isr+9,prodh
   934  000068  C043  FFF3         	movff	??_Isr+8,prodl
   935  00006C  C042  FFDA         	movff	??_Isr+7,fsr2h
   936  000070  C041  FFD9         	movff	??_Isr+6,fsr2l
   937  000074  C040  FFE2         	movff	??_Isr+5,fsr1h
   938  000078  C03F  FFE1         	movff	??_Isr+4,fsr1l
   939  00007C  C03E  FFEA         	movff	??_Isr+3,fsr0h
   940  000080  C03D  FFE9         	movff	??_Isr+2,fsr0l
   941  000084  C03C  FFFB         	movff	??_Isr+1,pclatu
   942  000088  C03B  FFFA         	movff	??_Isr,pclath
   943  00008C  9258               	bcf	btemp,1,c	;clear compiler interrupt flag (level 2)
   944  00008E  0011               	retfie		f
   945  000090                     __end_of_Isr:
   946                           	opt stack 0
   947                           pclatu	equ	0xFFB
   948                           pclath	equ	0xFFA
   949                           tblptru	equ	0xFF8
   950                           tblptrh	equ	0xFF7
   951                           tblptrl	equ	0xFF6
   952                           tablat	equ	0xFF5
   953                           prodh	equ	0xFF4
   954                           prodl	equ	0xFF3
   955                           intcon	equ	0xFF2
   956                           postinc0	equ	0xFEE
   957                           fsr0h	equ	0xFEA
   958                           fsr0l	equ	0xFE9
   959                           wreg	equ	0xFE8
   960                           postdec1	equ	0xFE5
   961                           fsr1h	equ	0xFE2
   962                           fsr1l	equ	0xFE1
   963                           fsr2h	equ	0xFDA
   964                           fsr2l	equ	0xFD9
   965                           
   966 ;; *************** function _ModeCheck *****************
   967 ;; Defined at:
   968 ;;		line 30 in file "gear.c"
   969 ;; Parameters:    Size  Location     Type
   970 ;;		None
   971 ;; Auto vars:     Size  Location     Type
   972 ;;		None
   973 ;; Return value:  Size  Location     Type
   974 ;;		None               void
   975 ;; Registers used:
   976 ;;		wreg, status,2, status,0, cstack
   977 ;; Tracked objects:
   978 ;;		On entry : 0/0
   979 ;;		On exit  : 0/0
   980 ;;		Unchanged: 0/0
   981 ;; Data sizes:     COMRAM   BANK0   BANK1   BANK2   BANK3   BANK4   BANK5   BANK6   BANK7   BANK8   BANK9  BANK10  BANK1
      +1  BANK12  BANK13  BANK14  BANK15
   982 ;;      Params:         0       0       0       0       0       0       0       0       0       0       0       0       
      +0       0       0       0       0
   983 ;;      Locals:         0       0       0       0       0       0       0       0       0       0       0       0       
      +0       0       0       0       0
   984 ;;      Temps:          0       0       0       0       0       0       0       0       0       0       0       0       
      +0       0       0       0       0
   985 ;;      Totals:         0       0       0       0       0       0       0       0       0       0       0       0       
      +0       0       0       0       0
   986 ;;Total ram usage:        0 bytes
   987 ;; Hardware stack levels used:    1
   988 ;; Hardware stack levels required when called:    1
   989 ;; This function calls:
   990 ;;		_CalcTime
   991 ;; This function is called by:
   992 ;;		_Isr
   993 ;; This function uses a non-reentrant model
   994 ;;
   995                           
   996                           	psect	text9
   997  0000D8                     __ptext9:
   998                           	opt stack 0
   999  0000D8                     _ModeCheck:
  1000                           	opt stack 26
  1001                           
  1002                           ;gear.c: 31: time_gear_meas = CalcTime();
  1003                           
  1004                           ;incstack = 0
  1005  0000D8  EC87  F000         	call	_CalcTime	;wreg free
  1006  0000DC  C037  F031         	movff	?_CalcTime,_time_gear_meas
  1007  0000E0  C038  F032         	movff	?_CalcTime+1,_time_gear_meas+1
  1008                           
  1009                           ;gear.c: 32: if(time_gear_meas < 6800){
  1010  0000E4  0E90               	movlw	144
  1011  0000E6  5C31               	subwf	_time_gear_meas,w,c
  1012  0000E8  0E1A               	movlw	26
  1013  0000EA  5832               	subwfb	_time_gear_meas+1,w,c
  1014  0000EC  B0D8               	btfsc	status,0,c
  1015  0000EE  D004               	goto	i2l2104
  1016                           
  1017                           ;gear.c: 34: PORTBbits.RB2 = 0;
  1018  0000F0  9481               	bcf	3969,2,c	;volatile
  1019                           
  1020                           ;gear.c: 35: PORTAbits.RA5 = 1;
  1021  0000F2  8A80               	bsf	3968,5,c	;volatile
  1022                           
  1023                           ;gear.c: 36: set_ret = 0;
  1024  0000F4  9857               	bcf	_set_ret/(0+8),_set_ret& (0+7),c
  1025                           
  1026                           ;gear.c: 37: }else if(time_gear_meas >= 6800) {
  1027  0000F6  D009               	goto	i2l204
  1028  0000F8                     i2l2104:
  1029  0000F8  0E90               	movlw	144
  1030  0000FA  5C31               	subwf	_time_gear_meas,w,c
  1031  0000FC  0E1A               	movlw	26
  1032  0000FE  5832               	subwfb	_time_gear_meas+1,w,c
  1033  000100  A0D8               	btfss	status,0,c
  1034  000102  D003               	goto	i2l204
  1035                           
  1036                           ;gear.c: 38: PORTBbits.RB2 = 1;
  1037  000104  8481               	bsf	3969,2,c	;volatile
  1038                           
  1039                           ;gear.c: 39: PORTAbits.RA5 = 0;
  1040  000106  9A80               	bcf	3968,5,c	;volatile
  1041                           
  1042                           ;gear.c: 40: set_ret = 1;
  1043  000108  8857               	bsf	_set_ret/(0+8),_set_ret& (0+7),c
  1044  00010A                     i2l204:
  1045                           
  1046                           ;gear.c: 41: }
  1047                           ;gear.c: 42: __nop();
  1048  00010A  F000               	nop	
  1049                           
  1050                           ;gear.c: 43: return set_ret;
  1051                           ;	Return value of _ModeCheck is never used
  1052  00010C  0012               	return		;funcret
  1053  00010E                     __end_of_ModeCheck:
  1054                           	opt stack 0
  1055                           pclatu	equ	0xFFB
  1056                           pclath	equ	0xFFA
  1057                           tblptru	equ	0xFF8
  1058                           tblptrh	equ	0xFF7
  1059                           tblptrl	equ	0xFF6
  1060                           tablat	equ	0xFF5
  1061                           prodh	equ	0xFF4
  1062                           prodl	equ	0xFF3
  1063                           intcon	equ	0xFF2
  1064                           postinc0	equ	0xFEE
  1065                           fsr0h	equ	0xFEA
  1066                           fsr0l	equ	0xFE9
  1067                           wreg	equ	0xFE8
  1068                           postdec1	equ	0xFE5
  1069                           fsr1h	equ	0xFE2
  1070                           fsr1l	equ	0xFE1
  1071                           fsr2h	equ	0xFDA
  1072                           fsr2l	equ	0xFD9
  1073                           status	equ	0xFD8
  1074                           
  1075 ;; *************** function _CalcTime *****************
  1076 ;; Defined at:
  1077 ;;		line 16 in file "gear.c"
  1078 ;; Parameters:    Size  Location     Type
  1079 ;;		None
  1080 ;; Auto vars:     Size  Location     Type
  1081 ;;  time_gear       2    2[COMRAM] unsigned int 
  1082 ;; Return value:  Size  Location     Type
  1083 ;;                  2    0[COMRAM] unsigned int 
  1084 ;; Registers used:
  1085 ;;		wreg, status,2, status,0
  1086 ;; Tracked objects:
  1087 ;;		On entry : 0/0
  1088 ;;		On exit  : 0/0
  1089 ;;		Unchanged: 0/0
  1090 ;; Data sizes:     COMRAM   BANK0   BANK1   BANK2   BANK3   BANK4   BANK5   BANK6   BANK7   BANK8   BANK9  BANK10  BANK1
      +1  BANK12  BANK13  BANK14  BANK15
  1091 ;;      Params:         2       0       0       0       0       0       0       0       0       0       0       0       
      +0       0       0       0       0
  1092 ;;      Locals:         2       0       0       0       0       0       0       0       0       0       0       0       
      +0       0       0       0       0
  1093 ;;      Temps:          0       0       0       0       0       0       0       0       0       0       0       0       
      +0       0       0       0       0
  1094 ;;      Totals:         4       0       0       0       0       0       0       0       0       0       0       0       
      +0       0       0       0       0
  1095 ;;Total ram usage:        4 bytes
  1096 ;; Hardware stack levels used:    1
  1097 ;; This function calls:
  1098 ;;		Nothing
  1099 ;; This function is called by:
  1100 ;;		_ModeCheck
  1101 ;; This function uses a non-reentrant model
  1102 ;;
  1103                           
  1104                           	psect	text10
  1105  00010E                     __ptext10:
  1106                           	opt stack 0
  1107  00010E                     _CalcTime:
  1108                           	opt stack 26
  1109                           
  1110                           ;gear.c: 17: unsigned int time_gear = TMR3H;
  1111                           
  1112                           ;incstack = 0
  1113  00010E  CFB3 F039          	movff	4019,CalcTime@time_gear	;volatile
  1114  000112  6A3A               	clrf	CalcTime@time_gear+1,c
  1115                           
  1116                           ;gear.c: 18: time_gear <<= 8;
  1117  000114  5039               	movf	CalcTime@time_gear,w,c
  1118  000116  6E3A               	movwf	CalcTime@time_gear+1,c
  1119  000118  6A39               	clrf	CalcTime@time_gear,c
  1120                           
  1121                           ;gear.c: 19: time_gear |= TMR3L;
  1122  00011A  50B2               	movf	4018,w,c	;volatile
  1123  00011C  1239               	iorwf	CalcTime@time_gear,f,c
  1124                           
  1125                           ;gear.c: 20: TMR3H = 0;
  1126  00011E  0E00               	movlw	0
  1127  000120  6EB3               	movwf	4019,c	;volatile
  1128                           
  1129                           ;gear.c: 21: TMR3L = 0;
  1130  000122  0E00               	movlw	0
  1131  000124  6EB2               	movwf	4018,c	;volatile
  1132                           
  1133                           ;gear.c: 22: __nop();
  1134  000126  F000               	nop	
  1135                           
  1136                           ;gear.c: 23: return time_gear;
  1137  000128  C039  F037         	movff	CalcTime@time_gear,?_CalcTime
  1138  00012C  C03A  F038         	movff	CalcTime@time_gear+1,?_CalcTime+1
  1139  000130  0012               	return	
  1140  000132                     __end_of_CalcTime:
  1141                           	opt stack 0
  1142  0000                     pclatu	equ	0xFFB
  1143                           pclath	equ	0xFFA
  1144                           tblptru	equ	0xFF8
  1145                           tblptrh	equ	0xFF7
  1146                           tblptrl	equ	0xFF6
  1147                           tablat	equ	0xFF5
  1148                           prodh	equ	0xFF4
  1149                           prodl	equ	0xFF3
  1150                           intcon	equ	0xFF2
  1151                           postinc0	equ	0xFEE
  1152                           fsr0h	equ	0xFEA
  1153                           fsr0l	equ	0xFE9
  1154                           wreg	equ	0xFE8
  1155                           postdec1	equ	0xFE5
  1156                           fsr1h	equ	0xFE2
  1157                           fsr1l	equ	0xFE1
  1158                           fsr2h	equ	0xFDA
  1159                           fsr2l	equ	0xFD9
  1160                           status	equ	0xFD8
  1161                           pclatu	equ	0xFFB
  1162                           pclath	equ	0xFFA
  1163                           tblptru	equ	0xFF8
  1164                           tblptrh	equ	0xFF7
  1165                           tblptrl	equ	0xFF6
  1166                           tablat	equ	0xFF5
  1167                           prodh	equ	0xFF4
  1168                           prodl	equ	0xFF3
  1169                           intcon	equ	0xFF2
  1170                           postinc0	equ	0xFEE
  1171                           fsr0h	equ	0xFEA
  1172                           fsr0l	equ	0xFE9
  1173                           wreg	equ	0xFE8
  1174                           postdec1	equ	0xFE5
  1175                           fsr1h	equ	0xFE2
  1176                           fsr1l	equ	0xFE1
  1177                           fsr2h	equ	0xFDA
  1178                           fsr2l	equ	0xFD9
  1179                           status	equ	0xFD8
  1180                           
  1181                           	psect	rparam
  1182  0000                     pclatu	equ	0xFFB
  1183                           pclath	equ	0xFFA
  1184                           tblptru	equ	0xFF8
  1185                           tblptrh	equ	0xFF7
  1186                           tblptrl	equ	0xFF6
  1187                           tablat	equ	0xFF5
  1188                           prodh	equ	0xFF4
  1189                           prodl	equ	0xFF3
  1190                           intcon	equ	0xFF2
  1191                           postinc0	equ	0xFEE
  1192                           fsr0h	equ	0xFEA
  1193                           fsr0l	equ	0xFE9
  1194                           wreg	equ	0xFE8
  1195                           postdec1	equ	0xFE5
  1196                           fsr1h	equ	0xFE2
  1197                           fsr1l	equ	0xFE1
  1198                           fsr2h	equ	0xFDA
  1199                           fsr2l	equ	0xFD9
  1200                           status	equ	0xFD8
  1201                           
  1202                           	psect	temp
  1203  000058                     btemp:
  1204                           	opt stack 0
  1205  000058                     	ds	1
  1206  0000                     int$flags	set	btemp
  1207                           pclatu	equ	0xFFB
  1208                           pclath	equ	0xFFA
  1209                           tblptru	equ	0xFF8
  1210                           tblptrh	equ	0xFF7
  1211                           tblptrl	equ	0xFF6
  1212                           tablat	equ	0xFF5
  1213                           prodh	equ	0xFF4
  1214                           prodl	equ	0xFF3
  1215                           intcon	equ	0xFF2
  1216                           postinc0	equ	0xFEE
  1217                           fsr0h	equ	0xFEA
  1218                           fsr0l	equ	0xFE9
  1219                           wreg	equ	0xFE8
  1220                           postdec1	equ	0xFE5
  1221                           fsr1h	equ	0xFE2
  1222                           fsr1l	equ	0xFE1
  1223                           fsr2h	equ	0xFDA
  1224                           fsr2l	equ	0xFD9
  1225                           status	equ	0xFD8


Data Sizes:
    Strings     0
    Constant    0
    Data        14
    BSS         208
    Persistent  0
    Stack       0

Auto Spaces:
    Space          Size  Autos    Used
    COMRAM           94     18      87
    BANK0           160      0     154
    BANK1           256      0       0
    BANK2           256      0       0
    BANK3           256      0       0
    BANK4           256      0       0
    BANK5           256      0       0
    BANK6           256      0       0
    BANK7           256      0       0
    BANK8           256      0       0
    BANK9           256      0       0
    BANK10          256      0       0
    BANK11          256      0       0
    BANK12          256      0       0
    BANK13          256      0       0
    BANK14          256      0       0
    BANK15           56      0       0

Pointer List with Targets:

    None.

Critical Paths under _main in COMRAM

    None.

Critical Paths under _Isr in COMRAM

    _ModeCheck->_CalcTime

Critical Paths under _main in BANK0

    None.

Critical Paths under _Isr in BANK0

    None.

Critical Paths under _main in BANK1

    None.

Critical Paths under _Isr in BANK1

    None.

Critical Paths under _main in BANK2

    None.

Critical Paths under _Isr in BANK2

    None.

Critical Paths under _main in BANK3

    None.

Critical Paths under _Isr in BANK3

    None.

Critical Paths under _main in BANK4

    None.

Critical Paths under _Isr in BANK4

    None.

Critical Paths under _main in BANK5

    None.

Critical Paths under _Isr in BANK5

    None.

Critical Paths under _main in BANK6

    None.

Critical Paths under _Isr in BANK6

    None.

Critical Paths under _main in BANK7

    None.

Critical Paths under _Isr in BANK7

    None.

Critical Paths under _main in BANK8

    None.

Critical Paths under _Isr in BANK8

    None.

Critical Paths under _main in BANK9

    None.

Critical Paths under _Isr in BANK9

    None.

Critical Paths under _main in BANK10

    None.

Critical Paths under _Isr in BANK10

    None.

Critical Paths under _main in BANK11

    None.

Critical Paths under _Isr in BANK11

    None.

Critical Paths under _main in BANK12

    None.

Critical Paths under _Isr in BANK12

    None.

Critical Paths under _main in BANK13

    None.

Critical Paths under _Isr in BANK13

    None.

Critical Paths under _main in BANK14

    None.

Critical Paths under _Isr in BANK14

    None.

Critical Paths under _main in BANK15

    None.

Critical Paths under _Isr in BANK15

    None.

Call Graph Tables:

 ---------------------------------------------------------------------------------
 (Depth) Function   	        Calls       Base Space   Used Autos Params    Refs
 ---------------------------------------------------------------------------------
 (0) _main                                                 0     0      0       0
                               _Init
 ---------------------------------------------------------------------------------
 (1) _Init                                                 0     0      0       0
                          _InitAnsel
                      _InitInterrupt
                            _InitOsc
                           _InitPort
                          _InitTimer
                           _InitTris
 ---------------------------------------------------------------------------------
 (2) _InitTris                                             0     0      0       0
 ---------------------------------------------------------------------------------
 (2) _InitTimer                                            0     0      0       0
 ---------------------------------------------------------------------------------
 (2) _InitPort                                             0     0      0       0
 ---------------------------------------------------------------------------------
 (2) _InitOsc                                              0     0      0       0
 ---------------------------------------------------------------------------------
 (2) _InitInterrupt                                        0     0      0       0
 ---------------------------------------------------------------------------------
 (2) _InitAnsel                                            0     0      0       0
 ---------------------------------------------------------------------------------
 Estimated maximum stack depth 2
 ---------------------------------------------------------------------------------
 (Depth) Function   	        Calls       Base Space   Used Autos Params    Refs
 ---------------------------------------------------------------------------------
 (3) _Isr                                                 14    14      0      25
                                              4 COMRAM    14    14      0
                          _ModeCheck
 ---------------------------------------------------------------------------------
 (4) _ModeCheck                                            0     0      0      25
                           _CalcTime
 ---------------------------------------------------------------------------------
 (5) _CalcTime                                             4     2      2      25
                                              0 COMRAM     4     2      2
 ---------------------------------------------------------------------------------
 Estimated maximum stack depth 5
 ---------------------------------------------------------------------------------

 Call Graph Graphs:

 _main (ROOT)
   _Init
     _InitAnsel
     _InitInterrupt
     _InitOsc
     _InitPort
     _InitTimer
     _InitTris

 _Isr (ROOT)
   _ModeCheck
     _CalcTime

 Address spaces:
Name               Size   Autos  Total    Cost      Usage
BIGRAM             F37      0       0      37        0.0%
EEDATA             400      0       0       0        0.0%
BITBANK14          100      0       0      33        0.0%
BANK14             100      0       0      34        0.0%
BITBANK13          100      0       0      31        0.0%
BANK13             100      0       0      32        0.0%
BITBANK12          100      0       0      29        0.0%
BANK12             100      0       0      30        0.0%
BITBANK11          100      0       0      27        0.0%
BANK11             100      0       0      28        0.0%
BITBANK10          100      0       0      25        0.0%
BANK10             100      0       0      26        0.0%
BITBANK9           100      0       0      23        0.0%
BANK9              100      0       0      24        0.0%
BITBANK8           100      0       0      21        0.0%
BANK8              100      0       0      22        0.0%
BITBANK7           100      0       0      19        0.0%
BANK7              100      0       0      20        0.0%
BITBANK6           100      0       0      17        0.0%
BANK6              100      0       0      18        0.0%
BITBANK5           100      0       0      15        0.0%
BANK5              100      0       0      16        0.0%
BITBANK4           100      0       0      13        0.0%
BANK4              100      0       0      14        0.0%
BITBANK3           100      0       0      10        0.0%
BANK3              100      0       0      11        0.0%
BITBANK2           100      0       0       8        0.0%
BANK2              100      0       0       9        0.0%
BITBANK1           100      0       0       6        0.0%
BANK1              100      0       0       7        0.0%
BITBANK0            A0      0       0       4        0.0%
BANK0               A0      0      9A       5       96.3%
BITCOMRAM           5E      0       1       0        1.1%
COMRAM              5E     12      57       1       92.6%
BITBANK15           38      0       0      35        0.0%
BANK15              38      0       0      36        0.0%
BITSFR_1             0      0       0      40        0.0%
SFR_1                0      0       0      40        0.0%
BITSFR               0      0       0      40        0.0%
SFR                  0      0       0      40        0.0%
STACK                0      0       0       2        0.0%
NULL                 0      0       0       0        0.0%
ABS                  0      0      F1      12        0.0%
DATA                 0      0      F1       3        0.0%
CODE                 0      0       0       0        0.0%


Microchip Technology PIC18 Macro Assembler V1.35 build -356382666 
Symbol Table                                                                                   Mon Feb 01 15:33:20 2016

        _highpassallowed 02BA                        _w 0035                       _lw 002F  
           __CFG_CP0$OFF 000000             __CFG_CP1$OFF 000000             __CFG_CP2$OFF 000000  
           __CFG_CP3$OFF 000000                      _GIE 007F97             __CFG_CPB$OFF 000000  
           __CFG_CPD$OFF 000000                      _Isr 0008                      wreg 000FE8  
           __CFG_LVP$OFF 000000                     ?_Isr 0037                     l2340 01C4  
                   _PEIE 007F96                     _Init 0152                     _cm50 0053  
                   _cm80 0055                     _main 01C0                     fsr0h 000FEA  
                   fsr1h 000FE2                     fsr0l 000FE9                     fsr2h 000FDA  
                   fsr1l 000FE1                     fsr2l 000FD9                     btemp 0058  
          __CFG_BORV$190 000000                     pclat 000FFA                     prodh 000FF4  
                   prodl 000FF3                     start 0090            __CFG_IESO$OFF 000000  
           ___param_bank 000010            _InitInterrupt 01C8          __end_of_InitOsc 01D6  
                  ??_Isr 003B                    ?_Init 0037                    ?_main 0037  
         __CFG_DEBUG$OFF 000000                    i2l204 010A                    i2l413 0050  
                  i2l416 0054                    _TMR3H 000FB3                    _TMR3L 000FB2  
                  _TMR5H 000F50                    _TMR5L 000F4F                    _PORTA 000F80  
                  _PORTB 000F81                    _PORTC 000F82                    _PORTD 000F83  
                  _PORTE 000F84                    _TRISA 000F92                    _TRISB 000F93  
                  _TRISC 000F94                    _TRISD 000F95                    _TRISE 000F96  
          __CFG_WRT0$OFF 000000            __CFG_WRT1$OFF 000000            __CFG_WRT2$OFF 000000  
          __CFG_WRT3$OFF 000000                    _cm100 004B                    _cm120 004D  
                  _cm220 0051                    _cm180 004F           __CFG_EBTR0$OFF 000000  
         __CFG_FCMEN$OFF 000000           __CFG_EBTR1$OFF 000000           __CFG_EBTR2$OFF 000000  
         __CFG_EBTR3$OFF 000000            __CFG_WRTB$OFF 000000            __CFG_WRTC$OFF 000000  
          __CFG_WRTD$OFF 000000           __CFG_EBTRB$OFF 000000                    _frame 02B9  
                  _table 02BE       __CFG_MCLRE$EXTMCLR 000000           __pbitbssCOMRAM 02B8  
                  tablat 000FF5         __end_of_CalcTime 0132                    status 000FD8  
         __CFG_HFOFST$ON 000000           __CFG_PBADEN$ON 000000           ?_InitInterrupt 0037  
        __initialization 0094             __end_of_Init 016C             __end_of_main 01C8  
       __end_of_InitPort 01B2         __end_of_InitTris 019C                   ??_Init 0000  
                 ??_main 0000            __activetblptr 000000                   _ANSELA 000F38  
                 _ANSELB 000F39                   _ANSELC 000F3A                   _ANSELD 000F3B  
                 _ANSELE 000F3C                   i2l2104 00F8           __CFG_WDTEN$OFF 000000  
                 _OSCCON 000FD3       __size_of_InitAnsel 0020                   _TMR3IF 007D09  
                 _TMR5IF 007BF1                   _SSP1IF 007CF3       __size_of_InitTimer 001A  
     __size_of_ModeCheck 0036                ??_InitOsc 0000           __CFG_XINST$OFF 000000  
                 _a_path 00A6                   _c_path 0049           __CFG_STVREN$ON 000000  
                 clear_0 009A                   clear_1 00A8             __pdataCOMRAM 0049  
                 tblptrh 000FF7                   tblptrl 000FF6                   tblptru 000FF8  
             __accesstop 0060  __end_of__initialization 00CE          ??_InitInterrupt 0000  
          ___rparam_used 000001           __pcstackCOMRAM 0037        __end_of_InitAnsel 0152  
             _a_path_old 00D0                ?_CalcTime 0037        __end_of_InitTimer 0186  
      __end_of_ModeCheck 010E               __pbssBANK0 0060          __CFG_PLLCFG$OFF 000000  
              ?_InitPort 0037               _changerate 0027                ?_InitTris 0037  
     __CFG_CCP2MX$PORTC1 000000       __CFG_CCP3MX$PORTB5 000000               ??_CalcTime 0039  
      __CFG_PRICLKEN$OFF 000000                  _TMR3GIE 007D19                  _TMR3GIF 007D21  
                _SSP1BUF 000FC9               ??_InitPort 0000               ??_InitTris 0000  
                _InitOsc 01D0          __CFG_PWRTEN$OFF 000000                  __Hparam 0000  
                __Lparam 0000                  _a_color 0060                  _a_frame 0001  
                __pcinit 0094                  __ramtop 1000                  __ptext0 01C0  
                __ptext1 0152                  __ptext2 0186                  __ptext3 016C  
                __ptext4 019C                  __ptext5 01D0                  __ptext6 01C8  
                __ptext7 0132                  __ptext9 00D8             __size_of_Isr 0088  
              _T3CONbits 000FB1                  _set_ret 02BC     end_of_initialization 00CE  
                postdec1 000FE5                  postinc0 000FEE                _PORTAbits 000F80  
              _PORTBbits 000F81              _a_frame_dif 0015            __pidataCOMRAM 01B2  
    start_initialization 0094        __size_of_CalcTime 0024                _InitAnsel 0132  
            __end_of_Isr 0090                _InitTimer 016C                _ModeCheck 00D8  
      __size_of_InitPort 0016        __size_of_InitTris 0016    __end_of_InitInterrupt 01D0  
         _time_gear_meas 0031              __pbssCOMRAM 0001               ?_InitAnsel 0037  
          __pcstackBANK0 0000               ?_InitTimer 0037               ?_ModeCheck 0037  
               ?_InitOsc 0037                __pintcode 0008                _direction 02B8  
       __CFG_WDTPS$32768 000000                 _SSP1CON1 000FC6                 _SSP1STAT 000FC7  
               _CalcTime 010E              ??_InitAnsel 0000              ??_InitTimer 0000  
            ??_ModeCheck 003B            _id_current_cc 002D                copy_data0 00C2  
               _InitPort 019C                 _InitTris 0186                 __Hrparam 0000  
       __size_of_InitOsc 0006                 __Lrparam 0000       __CFG_BOREN$SBORDIS 000000  
      __CFG_P2BMX$PORTD2 000000                 _a_actors 001F                 __ptext10 010E  
             _T3GCONbits 000FB4            __size_of_Init 001A                 _obj_type 02BB  
          __size_of_main 0008                 int$flags 0058                 _outgoing 002A  
               _storedif 02BD                 intlevel2 0000        CalcTime@time_gear 0039  
            _time_height 0033        __CFG_T3CMX$PORTC0 000000   __size_of_InitInterrupt 0008  
      __CFG_FOSC$INTIO67 000000  
