

Microchip Technology PIC18 LITE Macro Assembler V1.35 build -356382666 
                                                                                               Wed Dec 02 09:40:37 2015

Microchip Technology Omniscient Code Generator v1.35 (Free mode) build 201507080246
     1                           	processor	18F46K22
     2                           	fnconf	rparam,??,?,0
     3                           	opt	pw 120
     4                           	opt	lm
     5                           	psect	cinit,global,reloc=2,class=CODE,delta=1
     6                           	psect	cstackCOMRAM,global,class=COMRAM,space=1,delta=1
     7                           	psect	text0,global,reloc=2,class=CODE,delta=1
     8                           	psect	text1,global,reloc=2,class=CODE,delta=1
     9                           	psect	text2,global,reloc=2,class=CODE,delta=1
    10                           	psect	text3,global,reloc=2,class=CODE,delta=1
    11                           	psect	text4,global,reloc=2,class=CODE,delta=1
    12                           	psect	text5,global,reloc=2,class=CODE,delta=1
    13                           	psect	text6,global,reloc=2,class=CODE,delta=1
    14                           	psect	text7,global,reloc=2,class=CODE,delta=1
    15                           	psect	text8,global,reloc=2,class=CODE,delta=1
    16                           	psect	text9,global,reloc=2,class=CODE,delta=1
    17                           	psect	intcode,global,reloc=2,class=CODE,delta=1
    18                           	psect	text11,global,reloc=2,class=CODE,delta=1
    19                           	psect	text12,global,reloc=2,class=CODE,delta=1
    20                           	psect	intsave_regs,global,class=BIGRAM,space=1,delta=1
    21                           	psect	rparam,global,class=COMRAM,space=1,delta=1
    22                           	psect	temp,global,ovrld,common,class=COMRAM,space=1,delta=1
    23  0000                     _ANSELA	set	3896
    24  0000                     _ANSELB	set	3897
    25  0000                     _ANSELC	set	3898
    26  0000                     _ANSELD	set	3899
    27  0000                     _ANSELE	set	3900
    28  0000                     _OSCCON	set	4051
    29  0000                     _PORTA	set	3968
    30  0000                     _PORTB	set	3969
    31  0000                     _PORTBbits	set	3969
    32  0000                     _PORTC	set	3970
    33  0000                     _PORTD	set	3971
    34  0000                     _PORTE	set	3972
    35  0000                     _T3CON	set	4017
    36  0000                     _T3GCON	set	4020
    37  0000                     _TMR3H	set	4019
    38  0000                     _TMR3L	set	4018
    39  0000                     _TRISA	set	3986
    40  0000                     _TRISB	set	3987
    41  0000                     _TRISC	set	3988
    42  0000                     _TRISD	set	3989
    43  0000                     _TRISE	set	3990
    44  0000                     _GIE	set	32663
    45  0000                     _PEIE	set	32662
    46  0000                     _TMR3GIE	set	32025
    47  0000                     _TMR3GIF	set	32033
    48                           
    49                           ; #config settings
    50  0000                     
    51                           	psect	cinit
    52  000148                     __pcinit:
    53                           	opt stack 0
    54  000148                     start_initialization:
    55                           	opt stack 0
    56  000148                     __initialization:
    57                           	opt stack 0
    58  000148                     end_of_initialization:
    59                           	opt stack 0
    60  000148                     __end_of__initialization:
    61                           	opt stack 0
    62  000148  9015               	bcf	int$flags,0,c	;clear compiler interrupt flag (level 1)
    63  00014A  9215               	bcf	int$flags,1,c	;clear compiler interrupt flag (level 2)
    64  00014C  0100               	movlb	0
    65  00014E  EFA9  F000         	goto	_main	;jump to C main() function
    66                           
    67                           	psect	cstackCOMRAM
    68  000001                     __pcstackCOMRAM:
    69                           	opt stack 0
    70  000001                     ?_Fkt_CalcTime:
    71                           	opt stack 0
    72                           
    73                           ; 2 bytes @ 0x0
    74  000001                     	ds	2
    75  000003                     Fkt_CalcTime@time_pulse:
    76                           	opt stack 0
    77                           
    78                           ; 2 bytes @ 0x2
    79  000003                     	ds	2
    80  000005                     Fkt_ModeCheck@time:
    81                           	opt stack 0
    82                           
    83                           ; 2 bytes @ 0x4
    84  000005                     	ds	2
    85  000007                     ??_Fkt_Isr:
    86                           
    87                           ; 0 bytes @ 0x6
    88  000007                     	ds	14
    89  000015                     
    90                           ; 0 bytes @ 0x14
    91 ;;
    92 ;;Main: autosize = 0, tempsize = 0, incstack = 0, save=0
    93 ;;
    94 ;; *************** function _main *****************
    95 ;; Defined at:
    96 ;;		line 14 in file "main.c"
    97 ;; Parameters:    Size  Location     Type
    98 ;;		None
    99 ;; Auto vars:     Size  Location     Type
   100 ;;		None
   101 ;; Return value:  Size  Location     Type
   102 ;;		None               void
   103 ;; Registers used:
   104 ;;		wreg, status,2, cstack
   105 ;; Tracked objects:
   106 ;;		On entry : 0/0
   107 ;;		On exit  : 0/0
   108 ;;		Unchanged: 0/0
   109 ;; Data sizes:     COMRAM   BANK0   BANK1   BANK2   BANK3   BANK4   BANK5   BANK6   BANK7   BANK8   BANK9  BANK10  BANK1
      +1  BANK12  BANK13  BANK14  BANK15
   110 ;;      Params:         0       0       0       0       0       0       0       0       0       0       0       0       
      +0       0       0       0       0
   111 ;;      Locals:         0       0       0       0       0       0       0       0       0       0       0       0       
      +0       0       0       0       0
   112 ;;      Temps:          0       0       0       0       0       0       0       0       0       0       0       0       
      +0       0       0       0       0
   113 ;;      Totals:         0       0       0       0       0       0       0       0       0       0       0       0       
      +0       0       0       0       0
   114 ;;Total ram usage:        0 bytes
   115 ;; Hardware stack levels required when called:    5
   116 ;; This function calls:
   117 ;;		_Fkt_Init
   118 ;; This function is called by:
   119 ;;		Startup code after reset
   120 ;; This function uses a non-reentrant model
   121 ;;
   122                           
   123                           	psect	text0
   124  000152                     __ptext0:
   125                           	opt stack 0
   126  000152                     _main:
   127                           	opt stack 26
   128                           
   129                           ;main.c: 15: Fkt_Init();
   130                           
   131                           ;incstack = 0
   132  000152  EC5C  F000         	call	_Fkt_Init	;wreg free
   133                           
   134                           ;main.c: 16: PORTBbits.RB2 = 1;
   135  000156  8481               	bsf	3969,2,c	;volatile
   136  000158                     l771:
   137                           
   138                           ;main.c: 19: __nop();
   139  000158  F000               	nop	
   140  00015A  D7FE               	goto	l771
   141  00015C                     __end_of_main:
   142                           	opt stack 0
   143                           
   144 ;; *************** function _Fkt_Init *****************
   145 ;; Defined at:
   146 ;;		line 78 in file "init.c"
   147 ;; Parameters:    Size  Location     Type
   148 ;;		None
   149 ;; Auto vars:     Size  Location     Type
   150 ;;		None
   151 ;; Return value:  Size  Location     Type
   152 ;;		None               void
   153 ;; Registers used:
   154 ;;		wreg, status,2, cstack
   155 ;; Tracked objects:
   156 ;;		On entry : 0/0
   157 ;;		On exit  : 0/0
   158 ;;		Unchanged: 0/0
   159 ;; Data sizes:     COMRAM   BANK0   BANK1   BANK2   BANK3   BANK4   BANK5   BANK6   BANK7   BANK8   BANK9  BANK10  BANK1
      +1  BANK12  BANK13  BANK14  BANK15
   160 ;;      Params:         0       0       0       0       0       0       0       0       0       0       0       0       
      +0       0       0       0       0
   161 ;;      Locals:         0       0       0       0       0       0       0       0       0       0       0       0       
      +0       0       0       0       0
   162 ;;      Temps:          0       0       0       0       0       0       0       0       0       0       0       0       
      +0       0       0       0       0
   163 ;;      Totals:         0       0       0       0       0       0       0       0       0       0       0       0       
      +0       0       0       0       0
   164 ;;Total ram usage:        0 bytes
   165 ;; Hardware stack levels used:    1
   166 ;; Hardware stack levels required when called:    4
   167 ;; This function calls:
   168 ;;		_Fkt_InitAnsel
   169 ;;		_Fkt_InitInterrupt
   170 ;;		_Fkt_InitOsc
   171 ;;		_Fkt_InitPort
   172 ;;		_Fkt_InitSpi
   173 ;;		_Fkt_InitTimer
   174 ;;		_Fkt_InitTris
   175 ;;		_Fkt_InitUart
   176 ;; This function is called by:
   177 ;;		_main
   178 ;; This function uses a non-reentrant model
   179 ;;
   180                           
   181                           	psect	text1
   182  0000B8                     __ptext1:
   183                           	opt stack 0
   184  0000B8                     _Fkt_Init:
   185                           	opt stack 26
   186                           
   187                           ;init.c: 79: Fkt_InitPort();
   188                           
   189                           ;incstack = 0
   190  0000B8  EC99  F000         	call	_Fkt_InitPort	;wreg free
   191                           
   192                           ;init.c: 80: Fkt_InitTris();
   193  0000BC  EC8E  F000         	call	_Fkt_InitTris	;wreg free
   194                           
   195                           ;init.c: 81: Fkt_InitAnsel();
   196  0000C0  EC7E  F000         	call	_Fkt_InitAnsel	;wreg free
   197                           
   198                           ;init.c: 82: Fkt_InitOsc();
   199  0000C4  ECB7  F000         	call	_Fkt_InitOsc	;wreg free
   200                           
   201                           ;init.c: 83: Fkt_InitUart();
   202  0000C8  ECBA  F000         	call	_Fkt_InitUart	;wreg free
   203                           
   204                           ;init.c: 84: Fkt_InitSpi();
   205  0000CC  ECBB  F000         	call	_Fkt_InitSpi	;wreg free
   206                           
   207                           ;init.c: 85: Fkt_InitTimer();
   208  0000D0  ECAE  F000         	call	_Fkt_InitTimer	;wreg free
   209                           
   210                           ;init.c: 86: Fkt_InitInterrupt();
   211  0000D4  ECB3  F000         	call	_Fkt_InitInterrupt	;wreg free
   212  0000D8  0012               	return		;funcret
   213  0000DA                     __end_of_Fkt_Init:
   214                           	opt stack 0
   215                           
   216 ;; *************** function _Fkt_InitUart *****************
   217 ;; Defined at:
   218 ;;		line 117 in file "init.c"
   219 ;; Parameters:    Size  Location     Type
   220 ;;		None
   221 ;; Auto vars:     Size  Location     Type
   222 ;;		None
   223 ;; Return value:  Size  Location     Type
   224 ;;		None               void
   225 ;; Registers used:
   226 ;;		None
   227 ;; Tracked objects:
   228 ;;		On entry : 0/0
   229 ;;		On exit  : 0/0
   230 ;;		Unchanged: 0/0
   231 ;; Data sizes:     COMRAM   BANK0   BANK1   BANK2   BANK3   BANK4   BANK5   BANK6   BANK7   BANK8   BANK9  BANK10  BANK1
      +1  BANK12  BANK13  BANK14  BANK15
   232 ;;      Params:         0       0       0       0       0       0       0       0       0       0       0       0       
      +0       0       0       0       0
   233 ;;      Locals:         0       0       0       0       0       0       0       0       0       0       0       0       
      +0       0       0       0       0
   234 ;;      Temps:          0       0       0       0       0       0       0       0       0       0       0       0       
      +0       0       0       0       0
   235 ;;      Totals:         0       0       0       0       0       0       0       0       0       0       0       0       
      +0       0       0       0       0
   236 ;;Total ram usage:        0 bytes
   237 ;; Hardware stack levels used:    1
   238 ;; Hardware stack levels required when called:    3
   239 ;; This function calls:
   240 ;;		Nothing
   241 ;; This function is called by:
   242 ;;		_Fkt_Init
   243 ;; This function uses a non-reentrant model
   244 ;;
   245                           
   246                           	psect	text2
   247  000174                     __ptext2:
   248                           	opt stack 0
   249  000174                     _Fkt_InitUart:
   250                           	opt stack 26
   251                           
   252                           ;incstack = 0
   253  000174  0012               	return		;funcret
   254  000176                     __end_of_Fkt_InitUart:
   255                           	opt stack 0
   256                           
   257 ;; *************** function _Fkt_InitTris *****************
   258 ;; Defined at:
   259 ;;		line 97 in file "init.c"
   260 ;; Parameters:    Size  Location     Type
   261 ;;		None
   262 ;; Auto vars:     Size  Location     Type
   263 ;;		None
   264 ;; Return value:  Size  Location     Type
   265 ;;		None               void
   266 ;; Registers used:
   267 ;;		wreg, status,2
   268 ;; Tracked objects:
   269 ;;		On entry : 0/0
   270 ;;		On exit  : 0/0
   271 ;;		Unchanged: 0/0
   272 ;; Data sizes:     COMRAM   BANK0   BANK1   BANK2   BANK3   BANK4   BANK5   BANK6   BANK7   BANK8   BANK9  BANK10  BANK1
      +1  BANK12  BANK13  BANK14  BANK15
   273 ;;      Params:         0       0       0       0       0       0       0       0       0       0       0       0       
      +0       0       0       0       0
   274 ;;      Locals:         0       0       0       0       0       0       0       0       0       0       0       0       
      +0       0       0       0       0
   275 ;;      Temps:          0       0       0       0       0       0       0       0       0       0       0       0       
      +0       0       0       0       0
   276 ;;      Totals:         0       0       0       0       0       0       0       0       0       0       0       0       
      +0       0       0       0       0
   277 ;;Total ram usage:        0 bytes
   278 ;; Hardware stack levels used:    1
   279 ;; Hardware stack levels required when called:    3
   280 ;; This function calls:
   281 ;;		Nothing
   282 ;; This function is called by:
   283 ;;		_Fkt_Init
   284 ;; This function uses a non-reentrant model
   285 ;;
   286                           
   287                           	psect	text3
   288  00011C                     __ptext3:
   289                           	opt stack 0
   290  00011C                     _Fkt_InitTris:
   291                           	opt stack 26
   292                           
   293                           ;init.c: 98: TRISA = 0b00000000;
   294                           
   295                           ;incstack = 0
   296  00011C  0E00               	movlw	0
   297  00011E  6E92               	movwf	3986,c	;volatile
   298                           
   299                           ;init.c: 99: TRISB = 0b00010000;
   300  000120  0E10               	movlw	16
   301  000122  6E93               	movwf	3987,c	;volatile
   302                           
   303                           ;init.c: 100: TRISC = 0b10010001;
   304  000124  0E91               	movlw	145
   305  000126  6E94               	movwf	3988,c	;volatile
   306                           
   307                           ;init.c: 101: TRISD = 0b01010000;
   308  000128  0E50               	movlw	80
   309  00012A  6E95               	movwf	3989,c	;volatile
   310                           
   311                           ;init.c: 102: TRISE = 0b00000000;
   312  00012C  0E00               	movlw	0
   313  00012E  6E96               	movwf	3990,c	;volatile
   314  000130  0012               	return		;funcret
   315  000132                     __end_of_Fkt_InitTris:
   316                           	opt stack 0
   317                           
   318 ;; *************** function _Fkt_InitTimer *****************
   319 ;; Defined at:
   320 ;;		line 125 in file "init.c"
   321 ;; Parameters:    Size  Location     Type
   322 ;;		None
   323 ;; Auto vars:     Size  Location     Type
   324 ;;		None
   325 ;; Return value:  Size  Location     Type
   326 ;;		None               void
   327 ;; Registers used:
   328 ;;		wreg, status,2
   329 ;; Tracked objects:
   330 ;;		On entry : 0/0
   331 ;;		On exit  : 0/0
   332 ;;		Unchanged: 0/0
   333 ;; Data sizes:     COMRAM   BANK0   BANK1   BANK2   BANK3   BANK4   BANK5   BANK6   BANK7   BANK8   BANK9  BANK10  BANK1
      +1  BANK12  BANK13  BANK14  BANK15
   334 ;;      Params:         0       0       0       0       0       0       0       0       0       0       0       0       
      +0       0       0       0       0
   335 ;;      Locals:         0       0       0       0       0       0       0       0       0       0       0       0       
      +0       0       0       0       0
   336 ;;      Temps:          0       0       0       0       0       0       0       0       0       0       0       0       
      +0       0       0       0       0
   337 ;;      Totals:         0       0       0       0       0       0       0       0       0       0       0       0       
      +0       0       0       0       0
   338 ;;Total ram usage:        0 bytes
   339 ;; Hardware stack levels used:    1
   340 ;; Hardware stack levels required when called:    3
   341 ;; This function calls:
   342 ;;		Nothing
   343 ;; This function is called by:
   344 ;;		_Fkt_Init
   345 ;; This function uses a non-reentrant model
   346 ;;
   347                           
   348                           	psect	text4
   349  00015C                     __ptext4:
   350                           	opt stack 0
   351  00015C                     _Fkt_InitTimer:
   352                           	opt stack 26
   353                           
   354                           ;init.c: 128: T3CON = 0b000000101;
   355                           
   356                           ;incstack = 0
   357  00015C  0E05               	movlw	5
   358  00015E  6EB1               	movwf	4017,c	;volatile
   359                           
   360                           ;init.c: 129: T3GCON = 0b110000000;
   361  000160  0E80               	movlw	128
   362  000162  6EB4               	movwf	4020,c	;volatile
   363  000164  0012               	return		;funcret
   364  000166                     __end_of_Fkt_InitTimer:
   365                           	opt stack 0
   366                           
   367 ;; *************** function _Fkt_InitSpi *****************
   368 ;; Defined at:
   369 ;;		line 121 in file "init.c"
   370 ;; Parameters:    Size  Location     Type
   371 ;;		None
   372 ;; Auto vars:     Size  Location     Type
   373 ;;		None
   374 ;; Return value:  Size  Location     Type
   375 ;;		None               void
   376 ;; Registers used:
   377 ;;		None
   378 ;; Tracked objects:
   379 ;;		On entry : 0/0
   380 ;;		On exit  : 0/0
   381 ;;		Unchanged: 0/0
   382 ;; Data sizes:     COMRAM   BANK0   BANK1   BANK2   BANK3   BANK4   BANK5   BANK6   BANK7   BANK8   BANK9  BANK10  BANK1
      +1  BANK12  BANK13  BANK14  BANK15
   383 ;;      Params:         0       0       0       0       0       0       0       0       0       0       0       0       
      +0       0       0       0       0
   384 ;;      Locals:         0       0       0       0       0       0       0       0       0       0       0       0       
      +0       0       0       0       0
   385 ;;      Temps:          0       0       0       0       0       0       0       0       0       0       0       0       
      +0       0       0       0       0
   386 ;;      Totals:         0       0       0       0       0       0       0       0       0       0       0       0       
      +0       0       0       0       0
   387 ;;Total ram usage:        0 bytes
   388 ;; Hardware stack levels used:    1
   389 ;; Hardware stack levels required when called:    3
   390 ;; This function calls:
   391 ;;		Nothing
   392 ;; This function is called by:
   393 ;;		_Fkt_Init
   394 ;; This function uses a non-reentrant model
   395 ;;
   396                           
   397                           	psect	text5
   398  000176                     __ptext5:
   399                           	opt stack 0
   400  000176                     _Fkt_InitSpi:
   401                           	opt stack 26
   402                           
   403                           ;incstack = 0
   404  000176  0012               	return		;funcret
   405  000178                     __end_of_Fkt_InitSpi:
   406                           	opt stack 0
   407                           
   408 ;; *************** function _Fkt_InitPort *****************
   409 ;; Defined at:
   410 ;;		line 89 in file "init.c"
   411 ;; Parameters:    Size  Location     Type
   412 ;;		None
   413 ;; Auto vars:     Size  Location     Type
   414 ;;		None
   415 ;; Return value:  Size  Location     Type
   416 ;;		None               void
   417 ;; Registers used:
   418 ;;		wreg, status,2
   419 ;; Tracked objects:
   420 ;;		On entry : 0/0
   421 ;;		On exit  : 0/0
   422 ;;		Unchanged: 0/0
   423 ;; Data sizes:     COMRAM   BANK0   BANK1   BANK2   BANK3   BANK4   BANK5   BANK6   BANK7   BANK8   BANK9  BANK10  BANK1
      +1  BANK12  BANK13  BANK14  BANK15
   424 ;;      Params:         0       0       0       0       0       0       0       0       0       0       0       0       
      +0       0       0       0       0
   425 ;;      Locals:         0       0       0       0       0       0       0       0       0       0       0       0       
      +0       0       0       0       0
   426 ;;      Temps:          0       0       0       0       0       0       0       0       0       0       0       0       
      +0       0       0       0       0
   427 ;;      Totals:         0       0       0       0       0       0       0       0       0       0       0       0       
      +0       0       0       0       0
   428 ;;Total ram usage:        0 bytes
   429 ;; Hardware stack levels used:    1
   430 ;; Hardware stack levels required when called:    3
   431 ;; This function calls:
   432 ;;		Nothing
   433 ;; This function is called by:
   434 ;;		_Fkt_Init
   435 ;; This function uses a non-reentrant model
   436 ;;
   437                           
   438                           	psect	text6
   439  000132                     __ptext6:
   440                           	opt stack 0
   441  000132                     _Fkt_InitPort:
   442                           	opt stack 26
   443                           
   444                           ;init.c: 90: PORTA = 0b00010000;
   445                           
   446                           ;incstack = 0
   447  000132  0E10               	movlw	16
   448  000134  6E80               	movwf	3968,c	;volatile
   449                           
   450                           ;init.c: 91: PORTB = 0b00001000;
   451  000136  0E08               	movlw	8
   452  000138  6E81               	movwf	3969,c	;volatile
   453                           
   454                           ;init.c: 92: PORTC = 0b00000000;
   455  00013A  0E00               	movlw	0
   456  00013C  6E82               	movwf	3970,c	;volatile
   457                           
   458                           ;init.c: 93: PORTD = 0b00001000;
   459  00013E  0E08               	movlw	8
   460  000140  6E83               	movwf	3971,c	;volatile
   461                           
   462                           ;init.c: 94: PORTE = 0b00000000;
   463  000142  0E00               	movlw	0
   464  000144  6E84               	movwf	3972,c	;volatile
   465  000146  0012               	return		;funcret
   466  000148                     __end_of_Fkt_InitPort:
   467                           	opt stack 0
   468                           
   469 ;; *************** function _Fkt_InitOsc *****************
   470 ;; Defined at:
   471 ;;		line 113 in file "init.c"
   472 ;; Parameters:    Size  Location     Type
   473 ;;		None
   474 ;; Auto vars:     Size  Location     Type
   475 ;;		None
   476 ;; Return value:  Size  Location     Type
   477 ;;		None               void
   478 ;; Registers used:
   479 ;;		wreg, status,2
   480 ;; Tracked objects:
   481 ;;		On entry : 0/0
   482 ;;		On exit  : 0/0
   483 ;;		Unchanged: 0/0
   484 ;; Data sizes:     COMRAM   BANK0   BANK1   BANK2   BANK3   BANK4   BANK5   BANK6   BANK7   BANK8   BANK9  BANK10  BANK1
      +1  BANK12  BANK13  BANK14  BANK15
   485 ;;      Params:         0       0       0       0       0       0       0       0       0       0       0       0       
      +0       0       0       0       0
   486 ;;      Locals:         0       0       0       0       0       0       0       0       0       0       0       0       
      +0       0       0       0       0
   487 ;;      Temps:          0       0       0       0       0       0       0       0       0       0       0       0       
      +0       0       0       0       0
   488 ;;      Totals:         0       0       0       0       0       0       0       0       0       0       0       0       
      +0       0       0       0       0
   489 ;;Total ram usage:        0 bytes
   490 ;; Hardware stack levels used:    1
   491 ;; Hardware stack levels required when called:    3
   492 ;; This function calls:
   493 ;;		Nothing
   494 ;; This function is called by:
   495 ;;		_Fkt_Init
   496 ;; This function uses a non-reentrant model
   497 ;;
   498                           
   499                           	psect	text7
   500  00016E                     __ptext7:
   501                           	opt stack 0
   502  00016E                     _Fkt_InitOsc:
   503                           	opt stack 26
   504                           
   505                           ;init.c: 114: OSCCON = 0b01110111;
   506                           
   507                           ;incstack = 0
   508  00016E  0E77               	movlw	119
   509  000170  6ED3               	movwf	4051,c	;volatile
   510  000172  0012               	return		;funcret
   511  000174                     __end_of_Fkt_InitOsc:
   512                           	opt stack 0
   513                           
   514 ;; *************** function _Fkt_InitInterrupt *****************
   515 ;; Defined at:
   516 ;;		line 132 in file "init.c"
   517 ;; Parameters:    Size  Location     Type
   518 ;;		None
   519 ;; Auto vars:     Size  Location     Type
   520 ;;		None
   521 ;; Return value:  Size  Location     Type
   522 ;;		None               void
   523 ;; Registers used:
   524 ;;		None
   525 ;; Tracked objects:
   526 ;;		On entry : 0/0
   527 ;;		On exit  : 0/0
   528 ;;		Unchanged: 0/0
   529 ;; Data sizes:     COMRAM   BANK0   BANK1   BANK2   BANK3   BANK4   BANK5   BANK6   BANK7   BANK8   BANK9  BANK10  BANK1
      +1  BANK12  BANK13  BANK14  BANK15
   530 ;;      Params:         0       0       0       0       0       0       0       0       0       0       0       0       
      +0       0       0       0       0
   531 ;;      Locals:         0       0       0       0       0       0       0       0       0       0       0       0       
      +0       0       0       0       0
   532 ;;      Temps:          0       0       0       0       0       0       0       0       0       0       0       0       
      +0       0       0       0       0
   533 ;;      Totals:         0       0       0       0       0       0       0       0       0       0       0       0       
      +0       0       0       0       0
   534 ;;Total ram usage:        0 bytes
   535 ;; Hardware stack levels used:    1
   536 ;; Hardware stack levels required when called:    3
   537 ;; This function calls:
   538 ;;		Nothing
   539 ;; This function is called by:
   540 ;;		_Fkt_Init
   541 ;; This function uses a non-reentrant model
   542 ;;
   543                           
   544                           	psect	text8
   545  000166                     __ptext8:
   546                           	opt stack 0
   547  000166                     _Fkt_InitInterrupt:
   548                           	opt stack 26
   549                           
   550                           ;init.c: 133: GIE = 1;
   551                           
   552                           ;incstack = 0
   553  000166  8EF2               	bsf	intcon,7,c	;volatile
   554                           
   555                           ;init.c: 134: PEIE = 1;
   556  000168  8CF2               	bsf	intcon,6,c	;volatile
   557                           
   558                           ;init.c: 136: TMR3GIE = 1;
   559  00016A  82A3               	bsf	4003,1,c	;volatile
   560  00016C  0012               	return		;funcret
   561  00016E                     __end_of_Fkt_InitInterrupt:
   562                           	opt stack 0
   563                           intcon	equ	0xFF2
   564                           
   565 ;; *************** function _Fkt_InitAnsel *****************
   566 ;; Defined at:
   567 ;;		line 105 in file "init.c"
   568 ;; Parameters:    Size  Location     Type
   569 ;;		None
   570 ;; Auto vars:     Size  Location     Type
   571 ;;		None
   572 ;; Return value:  Size  Location     Type
   573 ;;		None               void
   574 ;; Registers used:
   575 ;;		wreg, status,2
   576 ;; Tracked objects:
   577 ;;		On entry : 0/0
   578 ;;		On exit  : 0/0
   579 ;;		Unchanged: 0/0
   580 ;; Data sizes:     COMRAM   BANK0   BANK1   BANK2   BANK3   BANK4   BANK5   BANK6   BANK7   BANK8   BANK9  BANK10  BANK1
      +1  BANK12  BANK13  BANK14  BANK15
   581 ;;      Params:         0       0       0       0       0       0       0       0       0       0       0       0       
      +0       0       0       0       0
   582 ;;      Locals:         0       0       0       0       0       0       0       0       0       0       0       0       
      +0       0       0       0       0
   583 ;;      Temps:          0       0       0       0       0       0       0       0       0       0       0       0       
      +0       0       0       0       0
   584 ;;      Totals:         0       0       0       0       0       0       0       0       0       0       0       0       
      +0       0       0       0       0
   585 ;;Total ram usage:        0 bytes
   586 ;; Hardware stack levels used:    1
   587 ;; Hardware stack levels required when called:    3
   588 ;; This function calls:
   589 ;;		Nothing
   590 ;; This function is called by:
   591 ;;		_Fkt_Init
   592 ;; This function uses a non-reentrant model
   593 ;;
   594                           
   595                           	psect	text9
   596  0000FC                     __ptext9:
   597                           	opt stack 0
   598  0000FC                     _Fkt_InitAnsel:
   599                           	opt stack 26
   600                           
   601                           ;init.c: 106: ANSELA = 0b00000000;
   602                           
   603                           ;incstack = 0
   604  0000FC  0E00               	movlw	0
   605  0000FE  010F               	movlb	15	; () banked
   606  000100  6F38               	movwf	56,b	;volatile
   607                           
   608                           ;init.c: 107: ANSELB = 0b00000000;
   609  000102  0E00               	movlw	0
   610  000104  010F               	movlb	15	; () banked
   611  000106  6F39               	movwf	57,b	;volatile
   612                           
   613                           ;init.c: 108: ANSELC = 0b00000000;
   614  000108  0E00               	movlw	0
   615  00010A  010F               	movlb	15	; () banked
   616  00010C  6F3A               	movwf	58,b	;volatile
   617                           
   618                           ;init.c: 109: ANSELD = 0b00000000;
   619  00010E  0E00               	movlw	0
   620  000110  010F               	movlb	15	; () banked
   621  000112  6F3B               	movwf	59,b	;volatile
   622                           
   623                           ;init.c: 110: ANSELE = 0b00000000;
   624  000114  0E00               	movlw	0
   625  000116  010F               	movlb	15	; () banked
   626  000118  6F3C               	movwf	60,b	;volatile
   627                           
   628                           ; BSR set to: 15
   629  00011A  0012               	return		;funcret
   630  00011C                     __end_of_Fkt_InitAnsel:
   631                           	opt stack 0
   632                           intcon	equ	0xFF2
   633                           
   634 ;; *************** function _Fkt_Isr *****************
   635 ;; Defined at:
   636 ;;		line 6 in file "interrupt.c"
   637 ;; Parameters:    Size  Location     Type
   638 ;;		None
   639 ;; Auto vars:     Size  Location     Type
   640 ;;		None
   641 ;; Return value:  Size  Location     Type
   642 ;;		None               void
   643 ;; Registers used:
   644 ;;		wreg, status,2, status,0, cstack
   645 ;; Tracked objects:
   646 ;;		On entry : 0/0
   647 ;;		On exit  : 0/0
   648 ;;		Unchanged: 0/0
   649 ;; Data sizes:     COMRAM   BANK0   BANK1   BANK2   BANK3   BANK4   BANK5   BANK6   BANK7   BANK8   BANK9  BANK10  BANK1
      +1  BANK12  BANK13  BANK14  BANK15
   650 ;;      Params:         0       0       0       0       0       0       0       0       0       0       0       0       
      +0       0       0       0       0
   651 ;;      Locals:         0       0       0       0       0       0       0       0       0       0       0       0       
      +0       0       0       0       0
   652 ;;      Temps:         14       0       0       0       0       0       0       0       0       0       0       0       
      +0       0       0       0       0
   653 ;;      Totals:        14       0       0       0       0       0       0       0       0       0       0       0       
      +0       0       0       0       0
   654 ;;Total ram usage:       14 bytes
   655 ;; Hardware stack levels used:    1
   656 ;; Hardware stack levels required when called:    2
   657 ;; This function calls:
   658 ;;		_Fkt_ModeCheck
   659 ;; This function is called by:
   660 ;;		Interrupt level 2
   661 ;; This function uses a non-reentrant model
   662 ;;
   663                           
   664                           	psect	intcode
   665  000008                     __pintcode:
   666                           	opt stack 0
   667  000008                     _Fkt_Isr:
   668                           	opt stack 26
   669                           
   670                           ; BSR set to: 15
   671                           ;incstack = 0
   672  000008  8215               	bsf	btemp,1,c	;set compiler interrupt flag (level 2)
   673  00000A  CFFA F007          	movff	pclath,??_Fkt_Isr
   674  00000E  CFFB F008          	movff	pclatu,??_Fkt_Isr+1
   675  000012  CFE9 F009          	movff	fsr0l,??_Fkt_Isr+2
   676  000016  CFEA F00A          	movff	fsr0h,??_Fkt_Isr+3
   677  00001A  CFE1 F00B          	movff	fsr1l,??_Fkt_Isr+4
   678  00001E  CFE2 F00C          	movff	fsr1h,??_Fkt_Isr+5
   679  000022  CFD9 F00D          	movff	fsr2l,??_Fkt_Isr+6
   680  000026  CFDA F00E          	movff	fsr2h,??_Fkt_Isr+7
   681  00002A  CFF3 F00F          	movff	prodl,??_Fkt_Isr+8
   682  00002E  CFF4 F010          	movff	prodh,??_Fkt_Isr+9
   683  000032  CFF6 F011          	movff	tblptrl,??_Fkt_Isr+10
   684  000036  CFF7 F012          	movff	tblptrh,??_Fkt_Isr+11
   685  00003A  CFF8 F013          	movff	tblptru,??_Fkt_Isr+12
   686  00003E  CFF5 F014          	movff	tablat,??_Fkt_Isr+13
   687                           
   688                           ;interrupt.c: 7: if(TMR3GIF == 1) {
   689  000042  A2A4               	btfss	4004,1,c	;volatile
   690  000044  D003               	goto	i2l120
   691                           
   692                           ;interrupt.c: 8: TMR3GIF = 0;
   693  000046  92A4               	bcf	4004,1,c	;volatile
   694                           
   695                           ;interrupt.c: 9: Fkt_ModeCheck();
   696  000048  EC46  F000         	call	_Fkt_ModeCheck	;wreg free
   697  00004C                     i2l120:
   698  00004C  C014  FFF5         	movff	??_Fkt_Isr+13,tablat
   699  000050  C013  FFF8         	movff	??_Fkt_Isr+12,tblptru
   700  000054  C012  FFF7         	movff	??_Fkt_Isr+11,tblptrh
   701  000058  C011  FFF6         	movff	??_Fkt_Isr+10,tblptrl
   702  00005C  C010  FFF4         	movff	??_Fkt_Isr+9,prodh
   703  000060  C00F  FFF3         	movff	??_Fkt_Isr+8,prodl
   704  000064  C00E  FFDA         	movff	??_Fkt_Isr+7,fsr2h
   705  000068  C00D  FFD9         	movff	??_Fkt_Isr+6,fsr2l
   706  00006C  C00C  FFE2         	movff	??_Fkt_Isr+5,fsr1h
   707  000070  C00B  FFE1         	movff	??_Fkt_Isr+4,fsr1l
   708  000074  C00A  FFEA         	movff	??_Fkt_Isr+3,fsr0h
   709  000078  C009  FFE9         	movff	??_Fkt_Isr+2,fsr0l
   710  00007C  C008  FFFB         	movff	??_Fkt_Isr+1,pclatu
   711  000080  C007  FFFA         	movff	??_Fkt_Isr,pclath
   712  000084  9215               	bcf	btemp,1,c	;clear compiler interrupt flag (level 2)
   713  000086  0011               	retfie		f
   714  000088                     __end_of_Fkt_Isr:
   715                           	opt stack 0
   716                           pclatu	equ	0xFFB
   717                           pclath	equ	0xFFA
   718                           tblptru	equ	0xFF8
   719                           tblptrh	equ	0xFF7
   720                           tblptrl	equ	0xFF6
   721                           tablat	equ	0xFF5
   722                           prodh	equ	0xFF4
   723                           prodl	equ	0xFF3
   724                           intcon	equ	0xFF2
   725                           fsr0h	equ	0xFEA
   726                           fsr0l	equ	0xFE9
   727                           fsr1h	equ	0xFE2
   728                           fsr1l	equ	0xFE1
   729                           fsr2h	equ	0xFDA
   730                           fsr2l	equ	0xFD9
   731                           
   732 ;; *************** function _Fkt_ModeCheck *****************
   733 ;; Defined at:
   734 ;;		line 20 in file "gear.c"
   735 ;; Parameters:    Size  Location     Type
   736 ;;		None
   737 ;; Auto vars:     Size  Location     Type
   738 ;;  time            2    4[COMRAM] unsigned int 
   739 ;; Return value:  Size  Location     Type
   740 ;;		None               void
   741 ;; Registers used:
   742 ;;		wreg, status,2, status,0, cstack
   743 ;; Tracked objects:
   744 ;;		On entry : 0/0
   745 ;;		On exit  : 0/0
   746 ;;		Unchanged: 0/0
   747 ;; Data sizes:     COMRAM   BANK0   BANK1   BANK2   BANK3   BANK4   BANK5   BANK6   BANK7   BANK8   BANK9  BANK10  BANK1
      +1  BANK12  BANK13  BANK14  BANK15
   748 ;;      Params:         0       0       0       0       0       0       0       0       0       0       0       0       
      +0       0       0       0       0
   749 ;;      Locals:         2       0       0       0       0       0       0       0       0       0       0       0       
      +0       0       0       0       0
   750 ;;      Temps:          0       0       0       0       0       0       0       0       0       0       0       0       
      +0       0       0       0       0
   751 ;;      Totals:         2       0       0       0       0       0       0       0       0       0       0       0       
      +0       0       0       0       0
   752 ;;Total ram usage:        2 bytes
   753 ;; Hardware stack levels used:    1
   754 ;; Hardware stack levels required when called:    1
   755 ;; This function calls:
   756 ;;		_Fkt_CalcTime
   757 ;; This function is called by:
   758 ;;		_Fkt_Isr
   759 ;; This function uses a non-reentrant model
   760 ;;
   761                           
   762                           	psect	text11
   763  00008C                     __ptext11:
   764                           	opt stack 0
   765  00008C                     _Fkt_ModeCheck:
   766                           	opt stack 26
   767                           
   768                           ;gear.c: 21: unsigned int time = Fkt_CalcTime();
   769                           
   770                           ;incstack = 0
   771  00008C  EC6D  F000         	call	_Fkt_CalcTime	;wreg free
   772  000090  C001  F005         	movff	?_Fkt_CalcTime,Fkt_ModeCheck@time
   773  000094  C002  F006         	movff	?_Fkt_CalcTime+1,Fkt_ModeCheck@time+1
   774                           
   775                           ;gear.c: 22: if(time < 6800){
   776  000098  0E90               	movlw	144
   777  00009A  5C05               	subwf	Fkt_ModeCheck@time,w,c
   778  00009C  0E1A               	movlw	26
   779  00009E  5806               	subwfb	Fkt_ModeCheck@time+1,w,c
   780  0000A0  B0D8               	btfsc	status,0,c
   781  0000A2  D002               	goto	i2l801
   782                           
   783                           ;gear.c: 23: PORTBbits.RB2 = 0;
   784  0000A4  9481               	bcf	3969,2,c	;volatile
   785                           
   786                           ;gear.c: 25: }else if(time >= 6800) {
   787                           
   788                           ;gear.c: 24: return 0;
   789                           ;	Return value of _Fkt_ModeCheck is never used
   790  0000A6  0012               	return	
   791  0000A8                     i2l801:
   792  0000A8  0E90               	movlw	144
   793  0000AA  5C05               	subwf	Fkt_ModeCheck@time,w,c
   794  0000AC  0E1A               	movlw	26
   795  0000AE  5806               	subwfb	Fkt_ModeCheck@time+1,w,c
   796  0000B0  A0D8               	btfss	status,0,c
   797  0000B2  0012               	return	
   798                           
   799                           ;gear.c: 26: PORTBbits.RB2 = 1;
   800  0000B4  8481               	bsf	3969,2,c	;volatile
   801                           
   802                           ;gear.c: 27: return 1;
   803                           ;	Return value of _Fkt_ModeCheck is never used
   804  0000B6  0012               	return	
   805  0000B8                     __end_of_Fkt_ModeCheck:
   806                           	opt stack 0
   807                           pclatu	equ	0xFFB
   808                           pclath	equ	0xFFA
   809                           tblptru	equ	0xFF8
   810                           tblptrh	equ	0xFF7
   811                           tblptrl	equ	0xFF6
   812                           tablat	equ	0xFF5
   813                           prodh	equ	0xFF4
   814                           prodl	equ	0xFF3
   815                           intcon	equ	0xFF2
   816                           fsr0h	equ	0xFEA
   817                           fsr0l	equ	0xFE9
   818                           fsr1h	equ	0xFE2
   819                           fsr1l	equ	0xFE1
   820                           fsr2h	equ	0xFDA
   821                           fsr2l	equ	0xFD9
   822                           status	equ	0xFD8
   823                           
   824 ;; *************** function _Fkt_CalcTime *****************
   825 ;; Defined at:
   826 ;;		line 6 in file "gear.c"
   827 ;; Parameters:    Size  Location     Type
   828 ;;		None
   829 ;; Auto vars:     Size  Location     Type
   830 ;;  time_pulse      2    2[COMRAM] unsigned int 
   831 ;; Return value:  Size  Location     Type
   832 ;;                  2    0[COMRAM] unsigned int 
   833 ;; Registers used:
   834 ;;		wreg, status,2, status,0
   835 ;; Tracked objects:
   836 ;;		On entry : 0/0
   837 ;;		On exit  : 0/0
   838 ;;		Unchanged: 0/0
   839 ;; Data sizes:     COMRAM   BANK0   BANK1   BANK2   BANK3   BANK4   BANK5   BANK6   BANK7   BANK8   BANK9  BANK10  BANK1
      +1  BANK12  BANK13  BANK14  BANK15
   840 ;;      Params:         2       0       0       0       0       0       0       0       0       0       0       0       
      +0       0       0       0       0
   841 ;;      Locals:         2       0       0       0       0       0       0       0       0       0       0       0       
      +0       0       0       0       0
   842 ;;      Temps:          0       0       0       0       0       0       0       0       0       0       0       0       
      +0       0       0       0       0
   843 ;;      Totals:         4       0       0       0       0       0       0       0       0       0       0       0       
      +0       0       0       0       0
   844 ;;Total ram usage:        4 bytes
   845 ;; Hardware stack levels used:    1
   846 ;; This function calls:
   847 ;;		Nothing
   848 ;; This function is called by:
   849 ;;		_Fkt_ModeCheck
   850 ;; This function uses a non-reentrant model
   851 ;;
   852                           
   853                           	psect	text12
   854  0000DA                     __ptext12:
   855                           	opt stack 0
   856  0000DA                     _Fkt_CalcTime:
   857                           	opt stack 26
   858                           
   859                           ;gear.c: 7: unsigned int time_pulse = TMR3H;
   860                           
   861                           ;incstack = 0
   862  0000DA  CFB3 F003          	movff	4019,Fkt_CalcTime@time_pulse	;volatile
   863  0000DE  6A04               	clrf	Fkt_CalcTime@time_pulse+1,c
   864                           
   865                           ;gear.c: 8: time_pulse <<= 8;
   866  0000E0  5003               	movf	Fkt_CalcTime@time_pulse,w,c
   867  0000E2  6E04               	movwf	Fkt_CalcTime@time_pulse+1,c
   868  0000E4  6A03               	clrf	Fkt_CalcTime@time_pulse,c
   869                           
   870                           ;gear.c: 9: time_pulse |= TMR3L;
   871  0000E6  50B2               	movf	4018,w,c	;volatile
   872  0000E8  1203               	iorwf	Fkt_CalcTime@time_pulse,f,c
   873                           
   874                           ;gear.c: 10: TMR3H = 0;
   875  0000EA  0E00               	movlw	0
   876  0000EC  6EB3               	movwf	4019,c	;volatile
   877                           
   878                           ;gear.c: 11: TMR3L = 0;
   879  0000EE  0E00               	movlw	0
   880  0000F0  6EB2               	movwf	4018,c	;volatile
   881                           
   882                           ;gear.c: 12: return time_pulse;
   883  0000F2  C003  F001         	movff	Fkt_CalcTime@time_pulse,?_Fkt_CalcTime
   884  0000F6  C004  F002         	movff	Fkt_CalcTime@time_pulse+1,?_Fkt_CalcTime+1
   885  0000FA  0012               	return	
   886  0000FC                     __end_of_Fkt_CalcTime:
   887                           	opt stack 0
   888  0000                     pclatu	equ	0xFFB
   889                           pclath	equ	0xFFA
   890                           tblptru	equ	0xFF8
   891                           tblptrh	equ	0xFF7
   892                           tblptrl	equ	0xFF6
   893                           tablat	equ	0xFF5
   894                           prodh	equ	0xFF4
   895                           prodl	equ	0xFF3
   896                           intcon	equ	0xFF2
   897                           fsr0h	equ	0xFEA
   898                           fsr0l	equ	0xFE9
   899                           fsr1h	equ	0xFE2
   900                           fsr1l	equ	0xFE1
   901                           fsr2h	equ	0xFDA
   902                           fsr2l	equ	0xFD9
   903                           status	equ	0xFD8
   904                           pclatu	equ	0xFFB
   905                           pclath	equ	0xFFA
   906                           tblptru	equ	0xFF8
   907                           tblptrh	equ	0xFF7
   908                           tblptrl	equ	0xFF6
   909                           tablat	equ	0xFF5
   910                           prodh	equ	0xFF4
   911                           prodl	equ	0xFF3
   912                           intcon	equ	0xFF2
   913                           fsr0h	equ	0xFEA
   914                           fsr0l	equ	0xFE9
   915                           fsr1h	equ	0xFE2
   916                           fsr1l	equ	0xFE1
   917                           fsr2h	equ	0xFDA
   918                           fsr2l	equ	0xFD9
   919                           status	equ	0xFD8
   920                           
   921                           	psect	rparam
   922  0000                     pclatu	equ	0xFFB
   923                           pclath	equ	0xFFA
   924                           tblptru	equ	0xFF8
   925                           tblptrh	equ	0xFF7
   926                           tblptrl	equ	0xFF6
   927                           tablat	equ	0xFF5
   928                           prodh	equ	0xFF4
   929                           prodl	equ	0xFF3
   930                           intcon	equ	0xFF2
   931                           fsr0h	equ	0xFEA
   932                           fsr0l	equ	0xFE9
   933                           fsr1h	equ	0xFE2
   934                           fsr1l	equ	0xFE1
   935                           fsr2h	equ	0xFDA
   936                           fsr2l	equ	0xFD9
   937                           status	equ	0xFD8
   938                           
   939                           	psect	temp
   940  000015                     btemp:
   941                           	opt stack 0
   942  000015                     	ds	1
   943  0000                     int$flags	set	btemp
   944                           pclatu	equ	0xFFB
   945                           pclath	equ	0xFFA
   946                           tblptru	equ	0xFF8
   947                           tblptrh	equ	0xFF7
   948                           tblptrl	equ	0xFF6
   949                           tablat	equ	0xFF5
   950                           prodh	equ	0xFF4
   951                           prodl	equ	0xFF3
   952                           intcon	equ	0xFF2
   953                           fsr0h	equ	0xFEA
   954                           fsr0l	equ	0xFE9
   955                           fsr1h	equ	0xFE2
   956                           fsr1l	equ	0xFE1
   957                           fsr2h	equ	0xFDA
   958                           fsr2l	equ	0xFD9
   959                           status	equ	0xFD8


Data Sizes:
    Strings     0
    Constant    0
    Data        0
    BSS         0
    Persistent  0
    Stack       0

Auto Spaces:
    Space          Size  Autos    Used
    COMRAM           94     20      20
    BANK0           160      0       0
    BANK1           256      0       0
    BANK2           256      0       0
    BANK3           256      0       0
    BANK4           256      0       0
    BANK5           256      0       0
    BANK6           256      0       0
    BANK7           256      0       0
    BANK8           256      0       0
    BANK9           256      0       0
    BANK10          256      0       0
    BANK11          256      0       0
    BANK12          256      0       0
    BANK13          256      0       0
    BANK14          256      0       0
    BANK15           56      0       0

Pointer List with Targets:

    None.

Critical Paths under _main in COMRAM

    None.

Critical Paths under _Fkt_Isr in COMRAM

    _Fkt_Isr->_Fkt_ModeCheck
    _Fkt_ModeCheck->_Fkt_CalcTime

Critical Paths under _main in BANK0

    None.

Critical Paths under _Fkt_Isr in BANK0

    None.

Critical Paths under _main in BANK1

    None.

Critical Paths under _Fkt_Isr in BANK1

    None.

Critical Paths under _main in BANK2

    None.

Critical Paths under _Fkt_Isr in BANK2

    None.

Critical Paths under _main in BANK3

    None.

Critical Paths under _Fkt_Isr in BANK3

    None.

Critical Paths under _main in BANK4

    None.

Critical Paths under _Fkt_Isr in BANK4

    None.

Critical Paths under _main in BANK5

    None.

Critical Paths under _Fkt_Isr in BANK5

    None.

Critical Paths under _main in BANK6

    None.

Critical Paths under _Fkt_Isr in BANK6

    None.

Critical Paths under _main in BANK7

    None.

Critical Paths under _Fkt_Isr in BANK7

    None.

Critical Paths under _main in BANK8

    None.

Critical Paths under _Fkt_Isr in BANK8

    None.

Critical Paths under _main in BANK9

    None.

Critical Paths under _Fkt_Isr in BANK9

    None.

Critical Paths under _main in BANK10

    None.

Critical Paths under _Fkt_Isr in BANK10

    None.

Critical Paths under _main in BANK11

    None.

Critical Paths under _Fkt_Isr in BANK11

    None.

Critical Paths under _main in BANK12

    None.

Critical Paths under _Fkt_Isr in BANK12

    None.

Critical Paths under _main in BANK13

    None.

Critical Paths under _Fkt_Isr in BANK13

    None.

Critical Paths under _main in BANK14

    None.

Critical Paths under _Fkt_Isr in BANK14

    None.

Critical Paths under _main in BANK15

    None.

Critical Paths under _Fkt_Isr in BANK15

    None.

Call Graph Tables:

 ---------------------------------------------------------------------------------
 (Depth) Function   	        Calls       Base Space   Used Autos Params    Refs
 ---------------------------------------------------------------------------------
 (0) _main                                                 0     0      0       0
                           _Fkt_Init
 ---------------------------------------------------------------------------------
 (1) _Fkt_Init                                             0     0      0       0
                      _Fkt_InitAnsel
                  _Fkt_InitInterrupt
                        _Fkt_InitOsc
                       _Fkt_InitPort
                        _Fkt_InitSpi
                      _Fkt_InitTimer
                       _Fkt_InitTris
                       _Fkt_InitUart
 ---------------------------------------------------------------------------------
 (2) _Fkt_InitUart                                         0     0      0       0
 ---------------------------------------------------------------------------------
 (2) _Fkt_InitTris                                         0     0      0       0
 ---------------------------------------------------------------------------------
 (2) _Fkt_InitTimer                                        0     0      0       0
 ---------------------------------------------------------------------------------
 (2) _Fkt_InitSpi                                          0     0      0       0
 ---------------------------------------------------------------------------------
 (2) _Fkt_InitPort                                         0     0      0       0
 ---------------------------------------------------------------------------------
 (2) _Fkt_InitOsc                                          0     0      0       0
 ---------------------------------------------------------------------------------
 (2) _Fkt_InitInterrupt                                    0     0      0       0
 ---------------------------------------------------------------------------------
 (2) _Fkt_InitAnsel                                        0     0      0       0
 ---------------------------------------------------------------------------------
 Estimated maximum stack depth 2
 ---------------------------------------------------------------------------------
 (Depth) Function   	        Calls       Base Space   Used Autos Params    Refs
 ---------------------------------------------------------------------------------
 (3) _Fkt_Isr                                             14    14      0      70
                                              6 COMRAM    14    14      0
                      _Fkt_ModeCheck
 ---------------------------------------------------------------------------------
 (4) _Fkt_ModeCheck                                        2     2      0      70
                                              4 COMRAM     2     2      0
                       _Fkt_CalcTime
 ---------------------------------------------------------------------------------
 (5) _Fkt_CalcTime                                         4     2      2      25
                                              0 COMRAM     4     2      2
 ---------------------------------------------------------------------------------
 Estimated maximum stack depth 5
 ---------------------------------------------------------------------------------

 Call Graph Graphs:

 _main (ROOT)
   _Fkt_Init
     _Fkt_InitAnsel
     _Fkt_InitInterrupt
     _Fkt_InitOsc
     _Fkt_InitPort
     _Fkt_InitSpi
     _Fkt_InitTimer
     _Fkt_InitTris
     _Fkt_InitUart

 _Fkt_Isr (ROOT)
   _Fkt_ModeCheck
     _Fkt_CalcTime

 Address spaces:
Name               Size   Autos  Total    Cost      Usage
BITCOMRAM           5E      0       0       0        0.0%
EEDATA             400      0       0       0        0.0%
NULL                 0      0       0       0        0.0%
CODE                 0      0       0       0        0.0%
COMRAM              5E     14      14       1       21.3%
STACK                0      0       0       2        0.0%
DATA                 0      0       0       3        0.0%
BITBANK0            A0      0       0       4        0.0%
BANK0               A0      0       0       5        0.0%
BITBANK1           100      0       0       6        0.0%
BANK1              100      0       0       7        0.0%
BITBANK2           100      0       0       8        0.0%
BANK2              100      0       0       9        0.0%
BITBANK3           100      0       0      10        0.0%
BANK3              100      0       0      11        0.0%
ABS                  0      0       0      12        0.0%
BITBANK4           100      0       0      13        0.0%
BANK4              100      0       0      14        0.0%
BITBANK5           100      0       0      15        0.0%
BANK5              100      0       0      16        0.0%
BITBANK6           100      0       0      17        0.0%
BANK6              100      0       0      18        0.0%
BITBANK7           100      0       0      19        0.0%
BANK7              100      0       0      20        0.0%
BITBANK8           100      0       0      21        0.0%
BANK8              100      0       0      22        0.0%
BITBANK9           100      0       0      23        0.0%
BANK9              100      0       0      24        0.0%
BITBANK10          100      0       0      25        0.0%
BANK10             100      0       0      26        0.0%
BITBANK11          100      0       0      27        0.0%
BANK11             100      0       0      28        0.0%
BITBANK12          100      0       0      29        0.0%
BANK12             100      0       0      30        0.0%
BITBANK13          100      0       0      31        0.0%
BANK13             100      0       0      32        0.0%
BITBANK14          100      0       0      33        0.0%
BANK14             100      0       0      34        0.0%
BITBANK15           38      0       0      35        0.0%
BANK15              38      0       0      36        0.0%
BIGRAM             F37      0       0      37        0.0%
BITSFR_1             0      0       0      40        0.0%
SFR_1                0      0       0      40        0.0%
BITSFR               0      0       0      40        0.0%
SFR                  0      0       0      40        0.0%


Microchip Technology PIC18 Macro Assembler V1.35 build -356382666 
Symbol Table                                                                                   Wed Dec 02 09:40:37 2015

              __CFG_CP0$OFF 000000                __CFG_CP1$OFF 000000                __CFG_CP2$OFF 000000  
              __CFG_CP3$OFF 000000                         l771 0158                         _GIE 007F97  
              __CFG_CPB$OFF 000000                __CFG_CPD$OFF 000000                __CFG_LVP$OFF 000000  
                      _PEIE 007F96                        _main 0152                        fsr0h 000FEA  
                      fsr1h 000FE2                        fsr0l 000FE9                        fsr2h 000FDA  
                      fsr1l 000FE1                        fsr2l 000FD9                        btemp 0015  
             __CFG_BORV$190 000000                        pclat 000FFA                        prodh 000FF4  
                      prodl 000FF3                        start 0088               __CFG_IESO$OFF 000000  
           __end_of_Fkt_Isr 0088                ___param_bank 000010         __end_of_Fkt_InitOsc 0174  
       __end_of_Fkt_InitSpi 0178                       ?_main 0001                       _T3CON 000FB1  
            __CFG_DEBUG$OFF 000000                       i2l120 004C                       i2l801 00A8  
                     _TMR3H 000FB3                       _TMR3L 000FB2                       _PORTA 000F80  
                     _PORTB 000F81                       _PORTC 000F82                       _PORTD 000F83  
                     _PORTE 000F84                       _TRISA 000F92                       _TRISB 000F93  
                     _TRISC 000F94                       _TRISD 000F95                       _TRISE 000F96  
             __CFG_WRT0$OFF 000000               __CFG_WRT1$OFF 000000               __CFG_WRT2$OFF 000000  
             __CFG_WRT3$OFF 000000              __CFG_EBTR0$OFF 000000              __CFG_FCMEN$OFF 000000  
            __CFG_EBTR1$OFF 000000              __CFG_EBTR2$OFF 000000              __CFG_EBTR3$OFF 000000  
             __CFG_WRTB$OFF 000000               __CFG_WRTC$OFF 000000               __CFG_WRTD$OFF 000000  
            __CFG_EBTRB$OFF 000000          __CFG_MCLRE$EXTMCLR 000000                       tablat 000FF5  
      __end_of_Fkt_CalcTime 00FC                       status 000FD8              __CFG_HFOFST$ON 000000  
         _Fkt_InitInterrupt 0166              __CFG_PBADEN$ON 000000          ?_Fkt_InitInterrupt 0001  
           __initialization 0148            __end_of_Fkt_Init 00DA                __end_of_main 015C  
      __end_of_Fkt_InitUart 0176        __end_of_Fkt_InitPort 0148        __end_of_Fkt_InitTris 0132  
       ??_Fkt_InitInterrupt 0015                      ??_main 0015               __activetblptr 000000  
                    _ANSELA 000F38                      _ANSELB 000F39                      _ANSELC 000F3A  
                    _ANSELD 000F3B                      _ANSELE 000F3C                      _T3GCON 000FB4  
 __end_of_Fkt_InitInterrupt 016E              __CFG_WDTEN$OFF 000000                      _OSCCON 000FD3  
                 ??_Fkt_Isr 0007                 _Fkt_InitOsc 016E                 _Fkt_InitSpi 0176  
            __CFG_XINST$OFF 000000              __CFG_STVREN$ON 000000                      tblptrh 000FF7  
                    tblptrl 000FF6                      tblptru 000FF8                  __accesstop 0060  
   __end_of__initialization 0148               ___rparam_used 000001              __pcstackCOMRAM 0001  
     __end_of_Fkt_InitAnsel 011C       __end_of_Fkt_InitTimer 0166       __end_of_Fkt_ModeCheck 00B8  
     __size_of_Fkt_CalcTime 0022                   ?_Fkt_Init 0001  __size_of_Fkt_InitInterrupt 0008  
           __CFG_PLLCFG$OFF 000000       __size_of_Fkt_InitUart 0002       __size_of_Fkt_InitPort 0016  
     __size_of_Fkt_InitTris 0016          __CFG_CCP2MX$PORTC1 000000          __CFG_CCP3MX$PORTB5 000000  
              _Fkt_CalcTime 00DA           __CFG_PRICLKEN$OFF 000000                     _TMR3GIE 007D19  
                   _TMR3GIF 007D21                  ??_Fkt_Init 0015                _Fkt_InitUart 0174  
              _Fkt_InitPort 0132                _Fkt_InitTris 011C                     _Fkt_Isr 0008  
           __CFG_PWRTEN$OFF 000000                     __Hparam 0000                     __Lparam 0000  
                   __pcinit 0148                     __ramtop 1000                     __ptext0 0152  
                   __ptext1 00B8                     __ptext2 0174                     __ptext3 011C  
                   __ptext4 015C                     __ptext5 0176                     __ptext6 0132  
                   __ptext7 016E                     __ptext8 0166                     __ptext9 00FC  
      end_of_initialization 0148                ?_Fkt_InitOsc 0001                ?_Fkt_InitSpi 0001  
                 _PORTBbits 000F81         start_initialization 0148           __size_of_Fkt_Init 0022  
         Fkt_ModeCheck@time 0005                    ?_Fkt_Isr 0001      __size_of_Fkt_InitAnsel 0020  
    __size_of_Fkt_InitTimer 000A      __size_of_Fkt_ModeCheck 002C        __size_of_Fkt_InitOsc 0006  
      __size_of_Fkt_InitSpi 0002                   __pintcode 0008            __CFG_WDTPS$32768 000000  
             _Fkt_InitAnsel 00FC               _Fkt_InitTimer 015C               _Fkt_ModeCheck 008C  
                  _Fkt_Init 00B8            __size_of_Fkt_Isr 0080                    __Hrparam 0000  
                  __Lrparam 0000          __CFG_BOREN$SBORDIS 000000           __CFG_P2BMX$PORTD2 000000  
            ?_Fkt_InitAnsel 0001              ?_Fkt_InitTimer 0001              ?_Fkt_ModeCheck 0001  
                  __ptext11 008C                    __ptext12 00DA               __size_of_main 000A  
    Fkt_CalcTime@time_pulse 0003                    int$flags 0015               ?_Fkt_CalcTime 0001  
             ?_Fkt_InitUart 0001               ?_Fkt_InitPort 0001               ?_Fkt_InitTris 0001  
                  intlevel2 0000             ??_Fkt_InitAnsel 0015              ??_Fkt_CalcTime 0003  
           ??_Fkt_InitTimer 0015             ??_Fkt_ModeCheck 0005           __CFG_T3CMX$PORTC0 000000  
            ??_Fkt_InitUart 0015              ??_Fkt_InitPort 0015              ??_Fkt_InitTris 0015  
             ??_Fkt_InitOsc 0015               ??_Fkt_InitSpi 0015           __CFG_FOSC$INTIO67 000000  
