

Microchip Technology PIC18 LITE Macro Assembler V1.35 build -356382666 
                                                                                               Sun Nov 29 15:39:30 2015

Microchip Technology Omniscient Code Generator v1.35 (Free mode) build 201507080246
     1                           	processor	18F46K22
     2                           	fnconf	rparam,??,?,0
     3                           	opt	pw 120
     4                           	opt	lm
     5                           	psect	cinit,global,reloc=2,class=CODE,delta=1
     6                           	psect	cstackCOMRAM,global,class=COMRAM,space=1,delta=1
     7                           	psect	text0,global,reloc=2,class=CODE,delta=1
     8                           	psect	text1,global,reloc=2,class=CODE,delta=1
     9                           	psect	text2,global,reloc=2,class=CODE,delta=1
    10                           	psect	text3,global,reloc=2,class=CODE,delta=1
    11                           	psect	text4,global,reloc=2,class=CODE,delta=1
    12                           	psect	text5,global,reloc=2,class=CODE,delta=1
    13                           	psect	text6,global,reloc=2,class=CODE,delta=1
    14                           	psect	text7,global,reloc=2,class=CODE,delta=1
    15                           	psect	text8,global,reloc=2,class=CODE,delta=1
    16                           	psect	intsave_regs,global,class=BIGRAM,space=1,delta=1
    17                           	psect	rparam,global,class=COMRAM,space=1,delta=1
    18  0000                     _ANSELA	set	3896
    19  0000                     _ANSELB	set	3897
    20  0000                     _ANSELC	set	3898
    21  0000                     _ANSELD	set	3899
    22  0000                     _ANSELE	set	3900
    23  0000                     _OSCCON	set	4051
    24  0000                     _PORTA	set	3968
    25  0000                     _PORTB	set	3969
    26  0000                     _PORTBbits	set	3969
    27  0000                     _PORTC	set	3970
    28  0000                     _PORTD	set	3971
    29  0000                     _PORTE	set	3972
    30  0000                     _TRISA	set	3986
    31  0000                     _TRISB	set	3987
    32  0000                     _TRISC	set	3988
    33  0000                     _TRISD	set	3989
    34  0000                     _TRISE	set	3990
    35                           
    36                           ; #config settings
    37  0000                     
    38                           	psect	cinit
    39  00FF6A                     __pcinit:
    40                           	opt stack 0
    41  00FF6A                     start_initialization:
    42                           	opt stack 0
    43  00FF6A                     __initialization:
    44                           	opt stack 0
    45  00FF6A                     end_of_initialization:
    46                           	opt stack 0
    47  00FF6A                     __end_of__initialization:
    48                           	opt stack 0
    49  00FF6A  0100               	movlb	0
    50  00FF6C  EFED  F07F         	goto	_main	;jump to C main() function
    51                           
    52                           	psect	cstackCOMRAM
    53  000001                     __pcstackCOMRAM:
    54                           	opt stack 0
    55  000001                     ??_main:
    56                           
    57                           ; 0 bytes @ 0x0
    58  000001                     	ds	1
    59                           
    60 ;;
    61 ;;Main: autosize = 0, tempsize = 1, incstack = 0, save=0
    62 ;;
    63 ;; *************** function _main *****************
    64 ;; Defined at:
    65 ;;		line 15 in file "main.c"
    66 ;; Parameters:    Size  Location     Type
    67 ;;		None
    68 ;; Auto vars:     Size  Location     Type
    69 ;;		None
    70 ;; Return value:  Size  Location     Type
    71 ;;		None               void
    72 ;; Registers used:
    73 ;;		wreg, status,2, cstack
    74 ;; Tracked objects:
    75 ;;		On entry : 0/0
    76 ;;		On exit  : 0/0
    77 ;;		Unchanged: 0/0
    78 ;; Data sizes:     COMRAM   BANK0   BANK1   BANK2   BANK3   BANK4   BANK5   BANK6   BANK7   BANK8   BANK9  BANK10  BANK1
      +1  BANK12  BANK13  BANK14  BANK15
    79 ;;      Params:         0       0       0       0       0       0       0       0       0       0       0       0       
      +0       0       0       0       0
    80 ;;      Locals:         0       0       0       0       0       0       0       0       0       0       0       0       
      +0       0       0       0       0
    81 ;;      Temps:          1       0       0       0       0       0       0       0       0       0       0       0       
      +0       0       0       0       0
    82 ;;      Totals:         1       0       0       0       0       0       0       0       0       0       0       0       
      +0       0       0       0       0
    83 ;;Total ram usage:        1 bytes
    84 ;; Hardware stack levels required when called:    2
    85 ;; This function calls:
    86 ;;		_init
    87 ;; This function is called by:
    88 ;;		Startup code after reset
    89 ;; This function uses a non-reentrant model
    90 ;;
    91                           
    92                           	psect	text0
    93  00FFDA                     __ptext0:
    94                           	opt stack 0
    95  00FFDA                     _main:
    96                           	opt stack 29
    97                           
    98                           ;main.c: 16: init();
    99                           
   100                           ; BSR set to: 15
   101                           ;incstack = 0
   102  00FFDA  ECCE  F07F         	call	_init	;wreg free
   103  00FFDE                     l700:
   104                           
   105                           ;main.c: 18: PORTBbits.RB2 = 1;
   106  00FFDE  8481               	bsf	3969,2,c	;volatile
   107                           
   108                           ;main.c: 19: _delay((unsigned long)((300)*(1000000/4000.0)));
   109  00FFE0  0E62               	movlw	98
   110  00FFE2  6E01               	movwf	??_main& (0+255),c
   111  00FFE4  0E66               	movlw	102
   112  00FFE6                     u17:
   113  00FFE6  2EE8               	decfsz	wreg,f,c
   114  00FFE8  D7FE               	goto	u17
   115  00FFEA  2E01               	decfsz	??_main& (0+255),f,c
   116  00FFEC  D7FC               	goto	u17
   117                           
   118                           ;main.c: 20: PORTBbits.RB2 = 0;
   119  00FFEE  9481               	bcf	3969,2,c	;volatile
   120                           
   121                           ;main.c: 21: _delay((unsigned long)((300)*(1000000/4000.0)));
   122  00FFF0  0E62               	movlw	98
   123  00FFF2  6E01               	movwf	??_main& (0+255),c
   124  00FFF4  0E66               	movlw	102
   125  00FFF6                     u27:
   126  00FFF6  2EE8               	decfsz	wreg,f,c
   127  00FFF8  D7FE               	goto	u27
   128  00FFFA  2E01               	decfsz	??_main& (0+255),f,c
   129  00FFFC  D7FC               	goto	u27
   130  00FFFE  D7EF               	goto	l700
   131  010000                     __end_of_main:
   132                           	opt stack 0
   133                           wreg	equ	0xFE8
   134                           
   135 ;; *************** function _init *****************
   136 ;; Defined at:
   137 ;;		line 78 in file "init.c"
   138 ;; Parameters:    Size  Location     Type
   139 ;;		None
   140 ;; Auto vars:     Size  Location     Type
   141 ;;		None
   142 ;; Return value:  Size  Location     Type
   143 ;;		None               void
   144 ;; Registers used:
   145 ;;		wreg, status,2, cstack
   146 ;; Tracked objects:
   147 ;;		On entry : 0/0
   148 ;;		On exit  : 0/0
   149 ;;		Unchanged: 0/0
   150 ;; Data sizes:     COMRAM   BANK0   BANK1   BANK2   BANK3   BANK4   BANK5   BANK6   BANK7   BANK8   BANK9  BANK10  BANK1
      +1  BANK12  BANK13  BANK14  BANK15
   151 ;;      Params:         0       0       0       0       0       0       0       0       0       0       0       0       
      +0       0       0       0       0
   152 ;;      Locals:         0       0       0       0       0       0       0       0       0       0       0       0       
      +0       0       0       0       0
   153 ;;      Temps:          0       0       0       0       0       0       0       0       0       0       0       0       
      +0       0       0       0       0
   154 ;;      Totals:         0       0       0       0       0       0       0       0       0       0       0       0       
      +0       0       0       0       0
   155 ;;Total ram usage:        0 bytes
   156 ;; Hardware stack levels used:    1
   157 ;; Hardware stack levels required when called:    1
   158 ;; This function calls:
   159 ;;		_init_ANSEL
   160 ;;		_init_OSC
   161 ;;		_init_PORT
   162 ;;		_init_SPI
   163 ;;		_init_TMR
   164 ;;		_init_TRIS
   165 ;;		_init_UART
   166 ;; This function is called by:
   167 ;;		_main
   168 ;; This function uses a non-reentrant model
   169 ;;
   170                           
   171                           	psect	text1
   172  00FF9C                     __ptext1:
   173                           	opt stack 0
   174  00FF9C                     _init:
   175                           	opt stack 29
   176                           
   177                           ;init.c: 79: init_PORT();
   178                           
   179                           ;incstack = 0
   180  00FF9C  ECB8  F07F         	call	_init_PORT	;wreg free
   181                           
   182                           ;init.c: 80: init_TRIS();
   183  00FFA0  ECC3  F07F         	call	_init_TRIS	;wreg free
   184                           
   185                           ;init.c: 81: init_ANSEL();
   186  00FFA4  ECDD  F07F         	call	_init_ANSEL	;wreg free
   187                           
   188                           ;init.c: 82: init_UART();
   189  00FFA8  ECB1  F07F         	call	_init_UART	;wreg free
   190                           
   191                           ;init.c: 83: init_SPI();
   192  00FFAC  ECAF  F07F         	call	_init_SPI	;wreg free
   193                           
   194                           ;init.c: 84: init_TMR();
   195  00FFB0  ECB0  F07F         	call	_init_TMR	;wreg free
   196                           
   197                           ;init.c: 85: init_OSC();
   198  00FFB4  ECB2  F07F         	call	_init_OSC	;wreg free
   199  00FFB8  0012               	return		;funcret
   200  00FFBA                     __end_of_init:
   201                           	opt stack 0
   202                           wreg	equ	0xFE8
   203                           
   204 ;; *************** function _init_UART *****************
   205 ;; Defined at:
   206 ;;		line 112 in file "init.c"
   207 ;; Parameters:    Size  Location     Type
   208 ;;		None
   209 ;; Auto vars:     Size  Location     Type
   210 ;;		None
   211 ;; Return value:  Size  Location     Type
   212 ;;		None               void
   213 ;; Registers used:
   214 ;;		None
   215 ;; Tracked objects:
   216 ;;		On entry : 0/0
   217 ;;		On exit  : 0/0
   218 ;;		Unchanged: 0/0
   219 ;; Data sizes:     COMRAM   BANK0   BANK1   BANK2   BANK3   BANK4   BANK5   BANK6   BANK7   BANK8   BANK9  BANK10  BANK1
      +1  BANK12  BANK13  BANK14  BANK15
   220 ;;      Params:         0       0       0       0       0       0       0       0       0       0       0       0       
      +0       0       0       0       0
   221 ;;      Locals:         0       0       0       0       0       0       0       0       0       0       0       0       
      +0       0       0       0       0
   222 ;;      Temps:          0       0       0       0       0       0       0       0       0       0       0       0       
      +0       0       0       0       0
   223 ;;      Totals:         0       0       0       0       0       0       0       0       0       0       0       0       
      +0       0       0       0       0
   224 ;;Total ram usage:        0 bytes
   225 ;; Hardware stack levels used:    1
   226 ;; This function calls:
   227 ;;		Nothing
   228 ;; This function is called by:
   229 ;;		_init
   230 ;; This function uses a non-reentrant model
   231 ;;
   232                           
   233                           	psect	text2
   234  00FF62                     __ptext2:
   235                           	opt stack 0
   236  00FF62                     _init_UART:
   237                           	opt stack 29
   238                           
   239                           ;incstack = 0
   240  00FF62  0012               	return		;funcret
   241  00FF64                     __end_of_init_UART:
   242                           	opt stack 0
   243                           wreg	equ	0xFE8
   244                           
   245 ;; *************** function _init_TRIS *****************
   246 ;; Defined at:
   247 ;;		line 96 in file "init.c"
   248 ;; Parameters:    Size  Location     Type
   249 ;;		None
   250 ;; Auto vars:     Size  Location     Type
   251 ;;		None
   252 ;; Return value:  Size  Location     Type
   253 ;;		None               void
   254 ;; Registers used:
   255 ;;		wreg, status,2
   256 ;; Tracked objects:
   257 ;;		On entry : 0/0
   258 ;;		On exit  : 0/0
   259 ;;		Unchanged: 0/0
   260 ;; Data sizes:     COMRAM   BANK0   BANK1   BANK2   BANK3   BANK4   BANK5   BANK6   BANK7   BANK8   BANK9  BANK10  BANK1
      +1  BANK12  BANK13  BANK14  BANK15
   261 ;;      Params:         0       0       0       0       0       0       0       0       0       0       0       0       
      +0       0       0       0       0
   262 ;;      Locals:         0       0       0       0       0       0       0       0       0       0       0       0       
      +0       0       0       0       0
   263 ;;      Temps:          0       0       0       0       0       0       0       0       0       0       0       0       
      +0       0       0       0       0
   264 ;;      Totals:         0       0       0       0       0       0       0       0       0       0       0       0       
      +0       0       0       0       0
   265 ;;Total ram usage:        0 bytes
   266 ;; Hardware stack levels used:    1
   267 ;; This function calls:
   268 ;;		Nothing
   269 ;; This function is called by:
   270 ;;		_init
   271 ;; This function uses a non-reentrant model
   272 ;;
   273                           
   274                           	psect	text3
   275  00FF86                     __ptext3:
   276                           	opt stack 0
   277  00FF86                     _init_TRIS:
   278                           	opt stack 29
   279                           
   280                           ;init.c: 97: TRISA = 0b00000000;
   281                           
   282                           ;incstack = 0
   283  00FF86  0E00               	movlw	0
   284  00FF88  6E92               	movwf	3986,c	;volatile
   285                           
   286                           ;init.c: 98: TRISB = 0b00010000;
   287  00FF8A  0E10               	movlw	16
   288  00FF8C  6E93               	movwf	3987,c	;volatile
   289                           
   290                           ;init.c: 99: TRISC = 0b10010001;
   291  00FF8E  0E91               	movlw	145
   292  00FF90  6E94               	movwf	3988,c	;volatile
   293                           
   294                           ;init.c: 100: TRISD = 0b01010000;
   295  00FF92  0E50               	movlw	80
   296  00FF94  6E95               	movwf	3989,c	;volatile
   297                           
   298                           ;init.c: 101: TRISE = 0b00000000;
   299  00FF96  0E00               	movlw	0
   300  00FF98  6E96               	movwf	3990,c	;volatile
   301  00FF9A  0012               	return		;funcret
   302  00FF9C                     __end_of_init_TRIS:
   303                           	opt stack 0
   304                           wreg	equ	0xFE8
   305                           
   306 ;; *************** function _init_TMR *****************
   307 ;; Defined at:
   308 ;;		line 120 in file "init.c"
   309 ;; Parameters:    Size  Location     Type
   310 ;;		None
   311 ;; Auto vars:     Size  Location     Type
   312 ;;		None
   313 ;; Return value:  Size  Location     Type
   314 ;;		None               void
   315 ;; Registers used:
   316 ;;		None
   317 ;; Tracked objects:
   318 ;;		On entry : 0/0
   319 ;;		On exit  : 0/0
   320 ;;		Unchanged: 0/0
   321 ;; Data sizes:     COMRAM   BANK0   BANK1   BANK2   BANK3   BANK4   BANK5   BANK6   BANK7   BANK8   BANK9  BANK10  BANK1
      +1  BANK12  BANK13  BANK14  BANK15
   322 ;;      Params:         0       0       0       0       0       0       0       0       0       0       0       0       
      +0       0       0       0       0
   323 ;;      Locals:         0       0       0       0       0       0       0       0       0       0       0       0       
      +0       0       0       0       0
   324 ;;      Temps:          0       0       0       0       0       0       0       0       0       0       0       0       
      +0       0       0       0       0
   325 ;;      Totals:         0       0       0       0       0       0       0       0       0       0       0       0       
      +0       0       0       0       0
   326 ;;Total ram usage:        0 bytes
   327 ;; Hardware stack levels used:    1
   328 ;; This function calls:
   329 ;;		Nothing
   330 ;; This function is called by:
   331 ;;		_init
   332 ;; This function uses a non-reentrant model
   333 ;;
   334                           
   335                           	psect	text4
   336  00FF60                     __ptext4:
   337                           	opt stack 0
   338  00FF60                     _init_TMR:
   339                           	opt stack 29
   340                           
   341                           ;incstack = 0
   342  00FF60  0012               	return		;funcret
   343  00FF62                     __end_of_init_TMR:
   344                           	opt stack 0
   345                           wreg	equ	0xFE8
   346                           
   347 ;; *************** function _init_SPI *****************
   348 ;; Defined at:
   349 ;;		line 116 in file "init.c"
   350 ;; Parameters:    Size  Location     Type
   351 ;;		None
   352 ;; Auto vars:     Size  Location     Type
   353 ;;		None
   354 ;; Return value:  Size  Location     Type
   355 ;;		None               void
   356 ;; Registers used:
   357 ;;		None
   358 ;; Tracked objects:
   359 ;;		On entry : 0/0
   360 ;;		On exit  : 0/0
   361 ;;		Unchanged: 0/0
   362 ;; Data sizes:     COMRAM   BANK0   BANK1   BANK2   BANK3   BANK4   BANK5   BANK6   BANK7   BANK8   BANK9  BANK10  BANK1
      +1  BANK12  BANK13  BANK14  BANK15
   363 ;;      Params:         0       0       0       0       0       0       0       0       0       0       0       0       
      +0       0       0       0       0
   364 ;;      Locals:         0       0       0       0       0       0       0       0       0       0       0       0       
      +0       0       0       0       0
   365 ;;      Temps:          0       0       0       0       0       0       0       0       0       0       0       0       
      +0       0       0       0       0
   366 ;;      Totals:         0       0       0       0       0       0       0       0       0       0       0       0       
      +0       0       0       0       0
   367 ;;Total ram usage:        0 bytes
   368 ;; Hardware stack levels used:    1
   369 ;; This function calls:
   370 ;;		Nothing
   371 ;; This function is called by:
   372 ;;		_init
   373 ;; This function uses a non-reentrant model
   374 ;;
   375                           
   376                           	psect	text5
   377  00FF5E                     __ptext5:
   378                           	opt stack 0
   379  00FF5E                     _init_SPI:
   380                           	opt stack 29
   381                           
   382                           ;incstack = 0
   383  00FF5E  0012               	return		;funcret
   384  00FF60                     __end_of_init_SPI:
   385                           	opt stack 0
   386                           wreg	equ	0xFE8
   387                           
   388 ;; *************** function _init_PORT *****************
   389 ;; Defined at:
   390 ;;		line 88 in file "init.c"
   391 ;; Parameters:    Size  Location     Type
   392 ;;		None
   393 ;; Auto vars:     Size  Location     Type
   394 ;;		None
   395 ;; Return value:  Size  Location     Type
   396 ;;		None               void
   397 ;; Registers used:
   398 ;;		wreg, status,2
   399 ;; Tracked objects:
   400 ;;		On entry : 0/0
   401 ;;		On exit  : 0/0
   402 ;;		Unchanged: 0/0
   403 ;; Data sizes:     COMRAM   BANK0   BANK1   BANK2   BANK3   BANK4   BANK5   BANK6   BANK7   BANK8   BANK9  BANK10  BANK1
      +1  BANK12  BANK13  BANK14  BANK15
   404 ;;      Params:         0       0       0       0       0       0       0       0       0       0       0       0       
      +0       0       0       0       0
   405 ;;      Locals:         0       0       0       0       0       0       0       0       0       0       0       0       
      +0       0       0       0       0
   406 ;;      Temps:          0       0       0       0       0       0       0       0       0       0       0       0       
      +0       0       0       0       0
   407 ;;      Totals:         0       0       0       0       0       0       0       0       0       0       0       0       
      +0       0       0       0       0
   408 ;;Total ram usage:        0 bytes
   409 ;; Hardware stack levels used:    1
   410 ;; This function calls:
   411 ;;		Nothing
   412 ;; This function is called by:
   413 ;;		_init
   414 ;; This function uses a non-reentrant model
   415 ;;
   416                           
   417                           	psect	text6
   418  00FF70                     __ptext6:
   419                           	opt stack 0
   420  00FF70                     _init_PORT:
   421                           	opt stack 29
   422                           
   423                           ;init.c: 89: PORTA = 0b00010000;
   424                           
   425                           ;incstack = 0
   426  00FF70  0E10               	movlw	16
   427  00FF72  6E80               	movwf	3968,c	;volatile
   428                           
   429                           ;init.c: 90: PORTB = 0b00001000;
   430  00FF74  0E08               	movlw	8
   431  00FF76  6E81               	movwf	3969,c	;volatile
   432                           
   433                           ;init.c: 91: PORTC = 0b00000000;
   434  00FF78  0E00               	movlw	0
   435  00FF7A  6E82               	movwf	3970,c	;volatile
   436                           
   437                           ;init.c: 92: PORTD = 0b00001000;
   438  00FF7C  0E08               	movlw	8
   439  00FF7E  6E83               	movwf	3971,c	;volatile
   440                           
   441                           ;init.c: 93: PORTE = 0b00000000;
   442  00FF80  0E00               	movlw	0
   443  00FF82  6E84               	movwf	3972,c	;volatile
   444  00FF84  0012               	return		;funcret
   445  00FF86                     __end_of_init_PORT:
   446                           	opt stack 0
   447                           wreg	equ	0xFE8
   448                           
   449 ;; *************** function _init_OSC *****************
   450 ;; Defined at:
   451 ;;		line 124 in file "init.c"
   452 ;; Parameters:    Size  Location     Type
   453 ;;		None
   454 ;; Auto vars:     Size  Location     Type
   455 ;;		None
   456 ;; Return value:  Size  Location     Type
   457 ;;		None               void
   458 ;; Registers used:
   459 ;;		wreg, status,2
   460 ;; Tracked objects:
   461 ;;		On entry : 0/0
   462 ;;		On exit  : 0/0
   463 ;;		Unchanged: 0/0
   464 ;; Data sizes:     COMRAM   BANK0   BANK1   BANK2   BANK3   BANK4   BANK5   BANK6   BANK7   BANK8   BANK9  BANK10  BANK1
      +1  BANK12  BANK13  BANK14  BANK15
   465 ;;      Params:         0       0       0       0       0       0       0       0       0       0       0       0       
      +0       0       0       0       0
   466 ;;      Locals:         0       0       0       0       0       0       0       0       0       0       0       0       
      +0       0       0       0       0
   467 ;;      Temps:          0       0       0       0       0       0       0       0       0       0       0       0       
      +0       0       0       0       0
   468 ;;      Totals:         0       0       0       0       0       0       0       0       0       0       0       0       
      +0       0       0       0       0
   469 ;;Total ram usage:        0 bytes
   470 ;; Hardware stack levels used:    1
   471 ;; This function calls:
   472 ;;		Nothing
   473 ;; This function is called by:
   474 ;;		_init
   475 ;; This function uses a non-reentrant model
   476 ;;
   477                           
   478                           	psect	text7
   479  00FF64                     __ptext7:
   480                           	opt stack 0
   481  00FF64                     _init_OSC:
   482                           	opt stack 29
   483                           
   484                           ;init.c: 125: OSCCON = 0b00110111;
   485                           
   486                           ;incstack = 0
   487  00FF64  0E37               	movlw	55
   488  00FF66  6ED3               	movwf	4051,c	;volatile
   489  00FF68  0012               	return		;funcret
   490  00FF6A                     __end_of_init_OSC:
   491                           	opt stack 0
   492                           wreg	equ	0xFE8
   493                           
   494 ;; *************** function _init_ANSEL *****************
   495 ;; Defined at:
   496 ;;		line 104 in file "init.c"
   497 ;; Parameters:    Size  Location     Type
   498 ;;		None
   499 ;; Auto vars:     Size  Location     Type
   500 ;;		None
   501 ;; Return value:  Size  Location     Type
   502 ;;		None               void
   503 ;; Registers used:
   504 ;;		wreg, status,2
   505 ;; Tracked objects:
   506 ;;		On entry : 0/0
   507 ;;		On exit  : 0/0
   508 ;;		Unchanged: 0/0
   509 ;; Data sizes:     COMRAM   BANK0   BANK1   BANK2   BANK3   BANK4   BANK5   BANK6   BANK7   BANK8   BANK9  BANK10  BANK1
      +1  BANK12  BANK13  BANK14  BANK15
   510 ;;      Params:         0       0       0       0       0       0       0       0       0       0       0       0       
      +0       0       0       0       0
   511 ;;      Locals:         0       0       0       0       0       0       0       0       0       0       0       0       
      +0       0       0       0       0
   512 ;;      Temps:          0       0       0       0       0       0       0       0       0       0       0       0       
      +0       0       0       0       0
   513 ;;      Totals:         0       0       0       0       0       0       0       0       0       0       0       0       
      +0       0       0       0       0
   514 ;;Total ram usage:        0 bytes
   515 ;; Hardware stack levels used:    1
   516 ;; This function calls:
   517 ;;		Nothing
   518 ;; This function is called by:
   519 ;;		_init
   520 ;; This function uses a non-reentrant model
   521 ;;
   522                           
   523                           	psect	text8
   524  00FFBA                     __ptext8:
   525                           	opt stack 0
   526  00FFBA                     _init_ANSEL:
   527                           	opt stack 29
   528                           
   529                           ;init.c: 105: ANSELA = 0b00000000;
   530                           
   531                           ;incstack = 0
   532  00FFBA  0E00               	movlw	0
   533  00FFBC  010F               	movlb	15	; () banked
   534  00FFBE  6F38               	movwf	56,b	;volatile
   535                           
   536                           ;init.c: 106: ANSELB = 0b00000000;
   537  00FFC0  0E00               	movlw	0
   538  00FFC2  010F               	movlb	15	; () banked
   539  00FFC4  6F39               	movwf	57,b	;volatile
   540                           
   541                           ;init.c: 107: ANSELC = 0b00000000;
   542  00FFC6  0E00               	movlw	0
   543  00FFC8  010F               	movlb	15	; () banked
   544  00FFCA  6F3A               	movwf	58,b	;volatile
   545                           
   546                           ;init.c: 108: ANSELD = 0b00000000;
   547  00FFCC  0E00               	movlw	0
   548  00FFCE  010F               	movlb	15	; () banked
   549  00FFD0  6F3B               	movwf	59,b	;volatile
   550                           
   551                           ;init.c: 109: ANSELE = 0b00000000;
   552  00FFD2  0E00               	movlw	0
   553  00FFD4  010F               	movlb	15	; () banked
   554  00FFD6  6F3C               	movwf	60,b	;volatile
   555                           
   556                           ; BSR set to: 15
   557  00FFD8  0012               	return		;funcret
   558  00FFDA                     __end_of_init_ANSEL:
   559                           	opt stack 0
   560  0000                     wreg	equ	0xFE8
   561                           wreg	equ	0xFE8
   562                           
   563                           	psect	rparam
   564  0000                     wreg	equ	0xFE8


Data Sizes:
    Strings     0
    Constant    0
    Data        0
    BSS         0
    Persistent  0
    Stack       0

Auto Spaces:
    Space          Size  Autos    Used
    COMRAM           95      1       1
    BANK0           160      0       0
    BANK1           256      0       0
    BANK2           256      0       0
    BANK3           256      0       0
    BANK4           256      0       0
    BANK5           256      0       0
    BANK6           256      0       0
    BANK7           256      0       0
    BANK8           256      0       0
    BANK9           256      0       0
    BANK10          256      0       0
    BANK11          256      0       0
    BANK12          256      0       0
    BANK13          256      0       0
    BANK14          256      0       0
    BANK15           56      0       0

Pointer List with Targets:

    None.

Critical Paths under _main in COMRAM

    None.

Critical Paths under _main in BANK0

    None.

Critical Paths under _main in BANK1

    None.

Critical Paths under _main in BANK2

    None.

Critical Paths under _main in BANK3

    None.

Critical Paths under _main in BANK4

    None.

Critical Paths under _main in BANK5

    None.

Critical Paths under _main in BANK6

    None.

Critical Paths under _main in BANK7

    None.

Critical Paths under _main in BANK8

    None.

Critical Paths under _main in BANK9

    None.

Critical Paths under _main in BANK10

    None.

Critical Paths under _main in BANK11

    None.

Critical Paths under _main in BANK12

    None.

Critical Paths under _main in BANK13

    None.

Critical Paths under _main in BANK14

    None.

Critical Paths under _main in BANK15

    None.

Call Graph Tables:

 ---------------------------------------------------------------------------------
 (Depth) Function   	        Calls       Base Space   Used Autos Params    Refs
 ---------------------------------------------------------------------------------
 (0) _main                                                 1     1      0       0
                                              0 COMRAM     1     1      0
                               _init
 ---------------------------------------------------------------------------------
 (1) _init                                                 0     0      0       0
                         _init_ANSEL
                           _init_OSC
                          _init_PORT
                           _init_SPI
                           _init_TMR
                          _init_TRIS
                          _init_UART
 ---------------------------------------------------------------------------------
 (2) _init_UART                                            0     0      0       0
 ---------------------------------------------------------------------------------
 (2) _init_TRIS                                            0     0      0       0
 ---------------------------------------------------------------------------------
 (2) _init_TMR                                             0     0      0       0
 ---------------------------------------------------------------------------------
 (2) _init_SPI                                             0     0      0       0
 ---------------------------------------------------------------------------------
 (2) _init_PORT                                            0     0      0       0
 ---------------------------------------------------------------------------------
 (2) _init_OSC                                             0     0      0       0
 ---------------------------------------------------------------------------------
 (2) _init_ANSEL                                           0     0      0       0
 ---------------------------------------------------------------------------------
 Estimated maximum stack depth 2
 ---------------------------------------------------------------------------------

 Call Graph Graphs:

 _main (ROOT)
   _init
     _init_ANSEL
     _init_OSC
     _init_PORT
     _init_SPI
     _init_TMR
     _init_TRIS
     _init_UART

 Address spaces:
Name               Size   Autos  Total    Cost      Usage
BITCOMRAM           5F      0       0       0        0.0%
EEDATA             400      0       0       0        0.0%
NULL                 0      0       0       0        0.0%
CODE                 0      0       0       0        0.0%
COMRAM              5F      1       1       1        1.1%
STACK                0      0       0       2        0.0%
DATA                 0      0       0       3        0.0%
BITBANK0            A0      0       0       4        0.0%
BANK0               A0      0       0       5        0.0%
BITBANK1           100      0       0       6        0.0%
BANK1              100      0       0       7        0.0%
BITBANK2           100      0       0       8        0.0%
BANK2              100      0       0       9        0.0%
BITBANK3           100      0       0      10        0.0%
BANK3              100      0       0      11        0.0%
ABS                  0      0       0      12        0.0%
BITBANK4           100      0       0      13        0.0%
BANK4              100      0       0      14        0.0%
BITBANK5           100      0       0      15        0.0%
BANK5              100      0       0      16        0.0%
BITBANK6           100      0       0      17        0.0%
BANK6              100      0       0      18        0.0%
BITBANK7           100      0       0      19        0.0%
BANK7              100      0       0      20        0.0%
BITBANK8           100      0       0      21        0.0%
BANK8              100      0       0      22        0.0%
BITBANK9           100      0       0      23        0.0%
BANK9              100      0       0      24        0.0%
BITBANK10          100      0       0      25        0.0%
BANK10             100      0       0      26        0.0%
BITBANK11          100      0       0      27        0.0%
BANK11             100      0       0      28        0.0%
BITBANK12          100      0       0      29        0.0%
BANK12             100      0       0      30        0.0%
BITBANK13          100      0       0      31        0.0%
BANK13             100      0       0      32        0.0%
BITBANK14          100      0       0      33        0.0%
BANK14             100      0       0      34        0.0%
BITBANK15           38      0       0      35        0.0%
BANK15              38      0       0      36        0.0%
BIGRAM             F37      0       0      37        0.0%
BITSFR_1             0      0       0      40        0.0%
SFR_1                0      0       0      40        0.0%
BITSFR               0      0       0      40        0.0%
SFR                  0      0       0      40        0.0%


Microchip Technology PIC18 Macro Assembler V1.35 build -356382666 
Symbol Table                                                                                   Sun Nov 29 15:39:30 2015

                     u17 FFE6                       u27 FFF6             __CFG_CP0$OFF 000000  
           __CFG_CP1$OFF 000000             __CFG_CP2$OFF 000000             __CFG_CP3$OFF 000000  
                    l700 FFDE             __CFG_CPB$OFF 000000             __CFG_CPD$OFF 000000  
                    wreg 000FE8             __CFG_LVP$OFF 000000                     _main FFDA  
                   _init FF9C            __CFG_BORV$190 000000                     start 0002  
          __CFG_IESO$OFF 000000             ___param_bank 000010                    ?_main 0001  
                  ?_init 0001           __CFG_DEBUG$OFF 000000                    _PORTA 000F80  
                  _PORTB 000F81                    _PORTC 000F82                    _PORTD 000F83  
                  _PORTE 000F84                    _TRISA 000F92                    _TRISB 000F93  
                  _TRISC 000F94                    _TRISD 000F95                    _TRISE 000F96  
          __CFG_WRT0$OFF 000000            __CFG_WRT1$OFF 000000            __CFG_WRT2$OFF 000000  
          __CFG_WRT3$OFF 000000           __CFG_EBTR0$OFF 000000           __CFG_FCMEN$OFF 000000  
         __CFG_EBTR1$OFF 000000           __CFG_EBTR2$OFF 000000           __CFG_EBTR3$OFF 000000  
          __CFG_WRTB$OFF 000000            __CFG_WRTC$OFF 000000            __CFG_WRTD$OFF 000000  
         __CFG_EBTRB$OFF 000000       __CFG_MCLRE$EXTMCLR 000000           __CFG_HFOFST$ON 000000  
         __CFG_PBADEN$ON 000000          __initialization FF6A             __end_of_main 0000  
           __end_of_init FFBA                   ??_main 0001                   ??_init 0001  
          __activetblptr 000000                   _ANSELA 000F38                   _ANSELB 000F39  
                 _ANSELC 000F3A                   _ANSELD 000F3B                   _ANSELE 000F3C  
         __CFG_WDTEN$OFF 000000                   _OSCCON 000FD3           __CFG_XINST$OFF 000000  
         __CFG_STVREN$ON 000000         __end_of_init_OSC FF6A         __end_of_init_SPI FF60  
       __end_of_init_TMR FF62               __accesstop 0060  __end_of__initialization FF6A  
          ___rparam_used 000001           __pcstackCOMRAM 0001          __CFG_PLLCFG$OFF 000000  
     __size_of_init_UART 0002       __size_of_init_PORT 0016       __size_of_init_TRIS 0016  
     __CFG_CCP2MX$PORTC1 000000       __CFG_CCP3MX$PORTB5 000000        __CFG_PRICLKEN$OFF 000000  
              ?_init_OSC 0001                ?_init_SPI 0001                ?_init_TMR 0001  
        __CFG_PWRTEN$OFF 000000               _init_ANSEL FFBA                  __Hparam 0000  
                __Lparam 0000                  __pcinit FF6A                  __ramtop 1000  
                __ptext0 FFDA                  __ptext1 FF9C                  __ptext2 FF62  
                __ptext3 FF86                  __ptext4 FF60                  __ptext5 FF5E  
                __ptext6 FF70                  __ptext7 FF64                  __ptext8 FFBA  
      __end_of_init_UART FF64        __end_of_init_PORT FF86        __end_of_init_TRIS FF9C  
   end_of_initialization FF6A               ??_init_OSC 0001               ??_init_SPI 0001  
             ??_init_TMR 0001                _PORTBbits 000F81              ?_init_ANSEL 0001  
    start_initialization FF6A      __size_of_init_ANSEL 0020        __size_of_init_OSC 0006  
      __size_of_init_SPI 0002        __size_of_init_TMR 0002                _init_UART FF62  
              _init_PORT FF70                _init_TRIS FF86         __CFG_WDTPS$32768 000000  
             ?_init_UART 0001               ?_init_PORT 0001               ?_init_TRIS 0001  
           ??_init_ANSEL 0001                 __Hrparam 0000                 __Lrparam 0000  
     __CFG_BOREN$SBORDIS 000000        __CFG_P2BMX$PORTD2 000000       __end_of_init_ANSEL FFDA  
               _init_OSC FF64                 _init_SPI FF5E                 _init_TMR FF60  
          __size_of_main 0026            __size_of_init 001E              ??_init_UART 0001  
            ??_init_PORT 0001              ??_init_TRIS 0001        __CFG_T3CMX$PORTC0 000000  
      __CFG_FOSC$INTIO67 000000  
