

Microchip Technology PIC LITE Macro Assembler V1.32 build 58300 
                                                                                               Tue Sep 08 09:24:59 2015

Microchip Technology Omniscient Code Generator (Lite mode) build 58300
     1                           	processor	16F1827
     2                           	opt	pw 120
     3                           	opt	lm
     4                           	psect	text0,local,class=CODE,merge=1,delta=2
     5                           	psect	cinit,global,class=CODE,merge=1,delta=2
     6                           	psect	bssCOMMON,global,class=COMMON,space=1,delta=1
     7                           	psect	bssBANK0,global,class=BANK0,space=1,delta=1
     8                           	psect	cstackCOMMON,global,class=COMMON,space=1,delta=1
     9                           	psect	cstackBANK0,global,class=BANK0,space=1,delta=1
    10                           	psect	maintext,global,class=CODE,merge=1,split=1,delta=2
    11                           	psect	text1,local,class=CODE,merge=1,delta=2
    12                           	psect	text2,local,class=CODE,merge=1,delta=2
    13                           	psect	text3,local,class=CODE,merge=1,delta=2
    14                           	psect	text4,local,class=CODE,merge=1,delta=2
    15                           	psect	text5,local,class=CODE,merge=1,delta=2
    16                           	psect	text6,local,class=CODE,merge=1,delta=2
    17                           	dabs	1,0x7E,2
    18  0000                     	;# 
    19  0001                     	;# 
    20  0002                     	;# 
    21  0003                     	;# 
    22  0004                     	;# 
    23  0005                     	;# 
    24  0006                     	;# 
    25  0007                     	;# 
    26  0008                     	;# 
    27  0009                     	;# 
    28  000A                     	;# 
    29  000B                     	;# 
    30  000C                     	;# 
    31  000D                     	;# 
    32  0011                     	;# 
    33  0012                     	;# 
    34  0013                     	;# 
    35  0014                     	;# 
    36  0015                     	;# 
    37  0016                     	;# 
    38  0016                     	;# 
    39  0017                     	;# 
    40  0018                     	;# 
    41  0019                     	;# 
    42  001A                     	;# 
    43  001B                     	;# 
    44  001C                     	;# 
    45  001E                     	;# 
    46  001F                     	;# 
    47  008C                     	;# 
    48  008D                     	;# 
    49  0091                     	;# 
    50  0092                     	;# 
    51  0093                     	;# 
    52  0094                     	;# 
    53  0095                     	;# 
    54  0096                     	;# 
    55  0097                     	;# 
    56  0098                     	;# 
    57  0099                     	;# 
    58  009A                     	;# 
    59  009B                     	;# 
    60  009B                     	;# 
    61  009C                     	;# 
    62  009D                     	;# 
    63  009E                     	;# 
    64  010C                     	;# 
    65  010D                     	;# 
    66  0111                     	;# 
    67  0112                     	;# 
    68  0113                     	;# 
    69  0114                     	;# 
    70  0115                     	;# 
    71  0116                     	;# 
    72  0117                     	;# 
    73  0118                     	;# 
    74  0119                     	;# 
    75  011A                     	;# 
    76  011B                     	;# 
    77  011D                     	;# 
    78  011E                     	;# 
    79  018C                     	;# 
    80  018D                     	;# 
    81  0191                     	;# 
    82  0191                     	;# 
    83  0192                     	;# 
    84  0193                     	;# 
    85  0193                     	;# 
    86  0193                     	;# 
    87  0194                     	;# 
    88  0195                     	;# 
    89  0196                     	;# 
    90  0199                     	;# 
    91  019A                     	;# 
    92  019B                     	;# 
    93  019B                     	;# 
    94  019B                     	;# 
    95  019B                     	;# 
    96  019C                     	;# 
    97  019C                     	;# 
    98  019D                     	;# 
    99  019E                     	;# 
   100  019F                     	;# 
   101  020C                     	;# 
   102  020D                     	;# 
   103  0211                     	;# 
   104  0211                     	;# 
   105  0212                     	;# 
   106  0212                     	;# 
   107  0213                     	;# 
   108  0213                     	;# 
   109  0214                     	;# 
   110  0214                     	;# 
   111  0215                     	;# 
   112  0215                     	;# 
   113  0215                     	;# 
   114  0216                     	;# 
   115  0216                     	;# 
   116  0217                     	;# 
   117  0217                     	;# 
   118  0219                     	;# 
   119  021A                     	;# 
   120  021B                     	;# 
   121  021C                     	;# 
   122  021D                     	;# 
   123  021E                     	;# 
   124  021F                     	;# 
   125  0291                     	;# 
   126  0291                     	;# 
   127  0292                     	;# 
   128  0293                     	;# 
   129  0294                     	;# 
   130  0295                     	;# 
   131  0295                     	;# 
   132  0296                     	;# 
   133  0298                     	;# 
   134  0298                     	;# 
   135  0299                     	;# 
   136  029A                     	;# 
   137  029B                     	;# 
   138  029C                     	;# 
   139  029C                     	;# 
   140  029D                     	;# 
   141  029E                     	;# 
   142  029E                     	;# 
   143  0311                     	;# 
   144  0311                     	;# 
   145  0312                     	;# 
   146  0313                     	;# 
   147  0318                     	;# 
   148  0318                     	;# 
   149  0319                     	;# 
   150  031A                     	;# 
   151  0394                     	;# 
   152  0395                     	;# 
   153  0396                     	;# 
   154  039A                     	;# 
   155  039C                     	;# 
   156  039D                     	;# 
   157  039E                     	;# 
   158  039F                     	;# 
   159  0415                     	;# 
   160  0416                     	;# 
   161  0417                     	;# 
   162  041C                     	;# 
   163  041D                     	;# 
   164  041E                     	;# 
   165  0FE4                     	;# 
   166  0FE5                     	;# 
   167  0FE6                     	;# 
   168  0FE7                     	;# 
   169  0FE8                     	;# 
   170  0FE9                     	;# 
   171  0FEA                     	;# 
   172  0FEB                     	;# 
   173  0FED                     	;# 
   174  0FEE                     	;# 
   175  0FEF                     	;# 
   176  000C                     _PORTA	set	12
   177  000D                     _PORTB	set	13
   178  0018                     _T1CON	set	24
   179  0019                     _T1GCON	set	25
   180  0017                     _TMR1H	set	23
   181  0016                     _TMR1L	set	22
   182  006B                     _RB3	set	107
   183  006C                     _RB4	set	108
   184  008F                     _TMR1GIF	set	143
   185  0099                     _OSCCON	set	153
   186  008C                     _TRISA	set	140
   187  008D                     _TRISB	set	141
   188  018C                     _ANSELA	set	396
   189  018D                     _ANSELB	set	397
   190                           
   191                           	psect	text0
   192  0000                     __ptext0:	
   193                           ; #config settings
   194                           
   195                           
   196                           ;psect for function _init
   197  0000                     
   198                           	psect	cinit
   199  07F5                     start_initialization:	
   200  07F5                     __initialization:	
   201                           
   202                           ; Clear objects allocated to COMMON
   203  07F5  01FC               	clrf	__pbssCOMMON& (0+127)
   204  07F6  01FD               	clrf	(__pbssCOMMON+1)& (0+127)
   205                           
   206                           ; Clear objects allocated to BANK0
   207  07F7  01B7               	clrf	__pbssBANK0& (0+127)
   208  07F8  01B8               	clrf	(__pbssBANK0+1)& (0+127)
   209  07F9  01B9               	clrf	(__pbssBANK0+2)& (0+127)
   210  07FA  01BA               	clrf	(__pbssBANK0+3)& (0+127)
   211  07FB  01BB               	clrf	(__pbssBANK0+4)& (0+127)
   212  07FC                     end_of_initialization:	
   213                           ;End of C runtime variable initialization code
   214                           
   215  07FC                     __end_of__initialization:	
   216  07FC  107E               	bcf	pic14e$flags,0	;clear compiler interrupt flag
   217  07FD  0020               	movlb	0
   218  07FE  3186  2E15         	ljmp	_main	;jump to C main() function
   219                           
   220                           	psect	bssCOMMON
   221  007C                     __pbssCOMMON:	
   222  007C                     _zeit:	
   223  007C                     	ds	2
   224                           
   225                           	psect	bssBANK0
   226  0037                     __pbssBANK0:	
   227  0037                     _s:	
   228  0037                     	ds	3
   229  003A                     _timebreak:	
   230  003A                     	ds	2
   231                           
   232                           	psect	cstackCOMMON
   233  0070                     __pcstackCOMMON:	
   234  0070                     ?_init:	
   235  0070                     ??_init:	
   236                           ; 0 bytes @ 0x0
   237                           
   238  0070                     ?_timer:	
   239                           ; 0 bytes @ 0x0
   240                           
   241  0070                     ?___ftge:	
   242                           ; 0 bytes @ 0x0
   243                           
   244  0070                     ?___ftpack:	
   245                           ; 1 bit 
   246                           
   247  0070                     ___ftpack@arg:	
   248                           ; 3 bytes @ 0x0
   249                           
   250  0070                     ___ftge@ff1:	
   251                           ; 3 bytes @ 0x0
   252                           
   253                           
   254                           ; 3 bytes @ 0x0
   255  0070                     	ds	3
   256  0073                     ___ftpack@exp:	
   257  0073                     ___ftge@ff2:	
   258                           ; 1 bytes @ 0x3
   259                           
   260                           
   261                           ; 3 bytes @ 0x3
   262  0073                     	ds	1
   263  0074                     ___ftpack@sign:	
   264                           
   265                           ; 1 bytes @ 0x4
   266  0074                     	ds	1
   267  0075                     ??___ftpack:	
   268                           
   269                           ; 0 bytes @ 0x5
   270  0075                     	ds	1
   271  0076                     ??___ftge:	
   272                           
   273                           ; 0 bytes @ 0x6
   274  0076                     	ds	2
   275  0078                     ?___lwtoft:	
   276  0078                     ___lwtoft@c:	
   277                           ; 3 bytes @ 0x8
   278                           
   279                           
   280                           ; 2 bytes @ 0x8
   281  0078                     	ds	3
   282  007B                     ??___lwtoft:	
   283                           
   284                           ; 0 bytes @ 0xB
   285  007B                     	ds	1
   286  007C                     ??_main:	
   287                           
   288                           	psect	cstackBANK0
   289  0020                     __pcstackBANK0:	
   290                           ; 0 bytes @ 0xC
   291                           
   292  0020                     ?___ftmul:	
   293  0020                     ___ftmul@f1:	
   294                           ; 3 bytes @ 0x0
   295                           
   296                           
   297                           ; 3 bytes @ 0x0
   298  0020                     	ds	3
   299  0023                     ___ftmul@f2:	
   300                           
   301                           ; 3 bytes @ 0x3
   302  0023                     	ds	3
   303  0026                     ??___ftmul:	
   304                           
   305                           ; 0 bytes @ 0x6
   306  0026                     	ds	4
   307  002A                     ___ftmul@exp:	
   308                           
   309                           ; 1 bytes @ 0xA
   310  002A                     	ds	1
   311  002B                     ___ftmul@f3_as_product:	
   312                           
   313                           ; 3 bytes @ 0xB
   314  002B                     	ds	3
   315  002E                     ___ftmul@cntr:	
   316                           
   317                           ; 1 bytes @ 0xE
   318  002E                     	ds	1
   319  002F                     ___ftmul@sign:	
   320                           
   321                           ; 1 bytes @ 0xF
   322  002F                     	ds	1
   323  0030                     ??_timer:	
   324                           
   325                           ; 0 bytes @ 0x10
   326  0030                     	ds	3
   327  0033                     ?_main:	
   328  0033                     main@argc:	
   329                           ; 2 bytes @ 0x13
   330                           
   331                           
   332                           ; 2 bytes @ 0x13
   333  0033                     	ds	2
   334  0035                     main@argv:	
   335                           
   336                           ; 2 bytes @ 0x15
   337  0035                     	ds	2
   338                           
   339                           	psect	maintext
   340  0615                     __pmaintext:	
   341 ;;
   342 ;;Main: autosize = 0, tempsize = 0, incstack = 0, save=0
   343 ;;
   344 ;; *************** function _main *****************
   345 ;; Defined at:
   346 ;;		line 130 in file "timer1modul.c"
   347 ;; Parameters:    Size  Location     Type
   348 ;;  argc            2   19[BANK0 ] int 
   349 ;;  argv            2   21[BANK0 ] PTR PTR unsigned char 
   350 ;; Auto vars:     Size  Location     Type
   351 ;;		None
   352 ;; Return value:  Size  Location     Type
   353 ;;                  2   19[BANK0 ] int 
   354 ;; Registers used:
   355 ;;		wreg, status,2, status,0, pclath, cstack
   356 ;; Tracked objects:
   357 ;;		On entry : 17F/0
   358 ;;		On exit  : 0/0
   359 ;;		Unchanged: 0/0
   360 ;; Data sizes:     COMMON   BANK0   BANK1   BANK2   BANK3   BANK4
   361 ;;      Params:         0       4       0       0       0       0
   362 ;;      Locals:         0       0       0       0       0       0
   363 ;;      Temps:          0       0       0       0       0       0
   364 ;;      Totals:         0       4       0       0       0       0
   365 ;;Total ram usage:        4 bytes
   366 ;; Hardware stack levels required when called:    3
   367 ;; This function calls:
   368 ;;		_init
   369 ;;		_timer
   370 ;; This function is called by:
   371 ;;		Startup code after reset
   372 ;; This function uses a non-reentrant model
   373 ;;
   374                           
   375                           
   376                           ;psect for function _main
   377  0615                     _main:	
   378                           
   379                           ;timer1modul.c: 133: init();
   380                           
   381                           ;incstack = 0
   382                           ; Regs used in _main: [wreg+status,2+status,0+pclath+cstack]
   383  0615  3186  262F  3186   	fcall	_init
   384                           
   385                           ;timer1modul.c: 135: timer();
   386  0618  3186  26DF         	fcall	_timer
   387                           
   388                           ;timer1modul.c: 138: return (0);
   389                           ;	Return value of _main is never used
   390  061A  3180  2802         	ljmp	start
   391  061C                     __end_of_main:	
   392                           
   393                           	psect	text1
   394  06DF                     __ptext1:	
   395 ;; *************** function _timer *****************
   396 ;; Defined at:
   397 ;;		line 78 in file "timer1modul.c"
   398 ;; Parameters:    Size  Location     Type
   399 ;;		None
   400 ;; Auto vars:     Size  Location     Type
   401 ;;		None
   402 ;; Return value:  Size  Location     Type
   403 ;;		None               void
   404 ;; Registers used:
   405 ;;		wreg, status,2, status,0, pclath, cstack
   406 ;; Tracked objects:
   407 ;;		On entry : 0/0
   408 ;;		On exit  : 0/0
   409 ;;		Unchanged: 0/0
   410 ;; Data sizes:     COMMON   BANK0   BANK1   BANK2   BANK3   BANK4
   411 ;;      Params:         0       0       0       0       0       0
   412 ;;      Locals:         0       0       0       0       0       0
   413 ;;      Temps:          0       3       0       0       0       0
   414 ;;      Totals:         0       3       0       0       0       0
   415 ;;Total ram usage:        3 bytes
   416 ;; Hardware stack levels used:    1
   417 ;; Hardware stack levels required when called:    2
   418 ;; This function calls:
   419 ;;		___ftge
   420 ;;		___ftmul
   421 ;;		___lwtoft
   422 ;; This function is called by:
   423 ;;		_main
   424 ;; This function uses a non-reentrant model
   425 ;;
   426                           
   427                           
   428                           ;psect for function _timer
   429  06DF                     _timer:	
   430  06DF                     l44:	
   431                           ;incstack = 0
   432                           ; Regs used in _timer: [wreg+status,2+status,0+pclath+cstack]
   433                           ;timer1modul.c: 82: while(1){
   434                           
   435                           
   436                           ;timer1modul.c: 103: RB4 = 0;
   437  06DF  0020               	movlb	0	; select bank0
   438  06E0  120D               	bcf	13,4	;volatile
   439  06E1                     l45:	
   440                           ;timer1modul.c: 105: while(TMR1GIF == 0);
   441                           
   442  06E1  1F91               	btfss	17,7	;volatile
   443  06E2  2EE1               	goto	l45
   444                           
   445                           ;timer1modul.c: 106: TMR1GIF = 0;
   446  06E3  1391               	bcf	17,7	;volatile
   447                           
   448                           ;timer1modul.c: 107: zeit = TMR1H;
   449  06E4  0817               	movf	23,w	;volatile
   450  06E5  00B0               	movwf	??_timer
   451  06E6  01B1               	clrf	??_timer+1
   452  06E7  0830               	movf	??_timer,w
   453  06E8  00FC               	movwf	_zeit
   454  06E9  0831               	movf	??_timer+1,w
   455  06EA  00FD               	movwf	_zeit+1
   456                           
   457                           ;timer1modul.c: 108: zeit <<= 8;
   458  06EB  3008               	movlw	8
   459  06EC                     u575:	
   460  06EC  35FC               	lslf	_zeit,f
   461  06ED  0DFD               	rlf	_zeit+1,f
   462  06EE  0B89               	decfsz	9,f
   463  06EF  2EEC               	goto	u575
   464                           
   465                           ;timer1modul.c: 109: zeit |= TMR1L;
   466  06F0  0816               	movf	22,w	;volatile
   467  06F1  00B0               	movwf	??_timer
   468  06F2  01B1               	clrf	??_timer+1
   469  06F3  0830               	movf	??_timer,w
   470  06F4  04FC               	iorwf	_zeit,f
   471  06F5  0831               	movf	??_timer+1,w
   472  06F6  04FD               	iorwf	_zeit+1,f
   473                           
   474                           ;timer1modul.c: 110: TMR1H = 0;
   475  06F7  0197               	clrf	23	;volatile
   476                           
   477                           ;timer1modul.c: 111: TMR1L = 0;
   478  06F8  0196               	clrf	22	;volatile
   479                           
   480                           ;timer1modul.c: 113: RB4 = 1;
   481  06F9  160D               	bsf	13,4	;volatile
   482                           
   483                           ;timer1modul.c: 115: s = (0.000343 * zeit);
   484  06FA  30D5               	movlw	213
   485  06FB  00A0               	movwf	___ftmul@f1
   486  06FC  30B3               	movlw	179
   487  06FD  00A1               	movwf	___ftmul@f1+1
   488  06FE  3039               	movlw	57
   489  06FF  00A2               	movwf	___ftmul@f1+2
   490  0700  087D               	movf	_zeit+1,w
   491  0701  01F9               	clrf	___lwtoft@c+1
   492  0702  07F9               	addwf	___lwtoft@c+1,f
   493  0703  087C               	movf	_zeit,w
   494  0704  01F8               	clrf	___lwtoft@c
   495  0705  07F8               	addwf	___lwtoft@c,f
   496  0706  3186  261C  3186   	fcall	___lwtoft
   497  0709  0878               	movf	?___lwtoft,w
   498  070A  0020               	movlb	0	; select bank0
   499  070B  00A3               	movwf	___ftmul@f2
   500  070C  0879               	movf	?___lwtoft+1,w
   501  070D  00A4               	movwf	___ftmul@f2+1
   502  070E  087A               	movf	?___lwtoft+2,w
   503  070F  00A5               	movwf	___ftmul@f2+2
   504  0710  3187  2741  3186   	fcall	___ftmul
   505  0713  0020               	movlb	0	; select bank0
   506  0714  0820               	movf	?___ftmul,w
   507  0715  00B7               	movwf	_s
   508  0716  0821               	movf	?___ftmul+1,w
   509  0717  00B8               	movwf	_s+1
   510  0718  0822               	movf	?___ftmul+2,w
   511  0719  00B9               	movwf	_s+2
   512                           
   513                           ;timer1modul.c: 116: __nop();
   514  071A  0000               	nop
   515                           
   516                           ;timer1modul.c: 117: if(s > 1){
   517  071B  3000               	movlw	0
   518  071C  00F0               	movwf	___ftge@ff1
   519  071D  3080               	movlw	128
   520  071E  00F1               	movwf	___ftge@ff1+1
   521  071F  303F               	movlw	63
   522  0720  00F2               	movwf	___ftge@ff1+2
   523  0721  0020               	movlb	0	; select bank0
   524  0722  0837               	movf	_s,w
   525  0723  00F3               	movwf	___ftge@ff2
   526  0724  0838               	movf	_s+1,w
   527  0725  00F4               	movwf	___ftge@ff2+1
   528  0726  0839               	movf	_s+2,w
   529  0727  00F5               	movwf	___ftge@ff2+2
   530  0728  3186  2644  3186   	fcall	___ftge
   531  072B  1803               	btfsc	3,0
   532  072C  2F30               	goto	l48
   533                           
   534                           ;timer1modul.c: 118: RB3 = 1;
   535  072D  0020               	movlb	0	; select bank0
   536  072E  158D               	bsf	13,3	;volatile
   537                           
   538                           ;timer1modul.c: 119: }else{
   539  072F  2F32               	goto	l788
   540  0730                     l48:	
   541                           
   542                           ;timer1modul.c: 120: RB3 = 0;
   543  0730  0020               	movlb	0	; select bank0
   544  0731  118D               	bcf	13,3	;volatile
   545  0732                     l788:	
   546                           
   547                           ;timer1modul.c: 121: }
   548                           ;timer1modul.c: 123: _delay((unsigned long)((200)*(4000000/4000.0)));
   549  0732  3002               	movlw	2
   550  0733  00B2               	movwf	??_timer+2
   551  0734  3004               	movlw	4
   552  0735  00B1               	movwf	??_timer+1
   553  0736  30BA               	movlw	186
   554  0737  00B0               	movwf	??_timer
   555  0738                     u597:	
   556  0738  0BB0               	decfsz	??_timer,f
   557  0739  2F38               	goto	u597
   558  073A  0BB1               	decfsz	??_timer+1,f
   559  073B  2F38               	goto	u597
   560  073C  0BB2               	decfsz	??_timer+2,f
   561  073D  2F38               	goto	u597
   562  073E  0000               	nop
   563                           
   564                           ;timer1modul.c: 124: __nop();
   565  073F  0000               	nop
   566  0740  2EDF               	goto	l44
   567  0741                     __end_of_timer:	
   568                           
   569                           	psect	text2
   570  061C                     __ptext2:	
   571 ;; *************** function ___lwtoft *****************
   572 ;; Defined at:
   573 ;;		line 28 in file "C:\Program Files (x86)\Microchip\xc8\v1.32\sources\common\lwtoft.c"
   574 ;; Parameters:    Size  Location     Type
   575 ;;  c               2    8[COMMON] unsigned int 
   576 ;; Auto vars:     Size  Location     Type
   577 ;;		None
   578 ;; Return value:  Size  Location     Type
   579 ;;                  3    8[COMMON] float 
   580 ;; Registers used:
   581 ;;		wreg, status,2, status,0, pclath, cstack
   582 ;; Tracked objects:
   583 ;;		On entry : 0/0
   584 ;;		On exit  : 0/0
   585 ;;		Unchanged: 0/0
   586 ;; Data sizes:     COMMON   BANK0   BANK1   BANK2   BANK3   BANK4
   587 ;;      Params:         3       0       0       0       0       0
   588 ;;      Locals:         0       0       0       0       0       0
   589 ;;      Temps:          1       0       0       0       0       0
   590 ;;      Totals:         4       0       0       0       0       0
   591 ;;Total ram usage:        4 bytes
   592 ;; Hardware stack levels used:    1
   593 ;; Hardware stack levels required when called:    1
   594 ;; This function calls:
   595 ;;		___ftpack
   596 ;; This function is called by:
   597 ;;		_timer
   598 ;; This function uses a non-reentrant model
   599 ;;
   600                           
   601                           
   602                           ;psect for function ___lwtoft
   603  061C                     ___lwtoft:	
   604                           
   605                           ;incstack = 0
   606                           ; Regs used in ___lwtoft: [wreg+status,2+status,0+pclath+cstack]
   607  061C  0878               	movf	___lwtoft@c,w
   608  061D  00F0               	movwf	___ftpack@arg
   609  061E  0879               	movf	___lwtoft@c+1,w
   610  061F  00F1               	movwf	___ftpack@arg+1
   611  0620  01F2               	clrf	___ftpack@arg+2
   612  0621  308E               	movlw	142
   613  0622  00FB               	movwf	??___lwtoft
   614  0623  087B               	movf	??___lwtoft,w
   615  0624  00F3               	movwf	___ftpack@exp
   616  0625  01F4               	clrf	___ftpack@sign
   617  0626  3186  267F         	fcall	___ftpack
   618  0628  0870               	movf	?___ftpack,w
   619  0629  00F8               	movwf	?___lwtoft
   620  062A  0871               	movf	?___ftpack+1,w
   621  062B  00F9               	movwf	?___lwtoft+1
   622  062C  0872               	movf	?___ftpack+2,w
   623  062D  00FA               	movwf	?___lwtoft+2
   624  062E  0008               	return
   625  062F                     __end_of___lwtoft:	
   626                           
   627                           	psect	text3
   628  0741                     __ptext3:	
   629 ;; *************** function ___ftmul *****************
   630 ;; Defined at:
   631 ;;		line 62 in file "C:\Program Files (x86)\Microchip\xc8\v1.32\sources\common\ftmul.c"
   632 ;; Parameters:    Size  Location     Type
   633 ;;  f1              3    0[BANK0 ] float 
   634 ;;  f2              3    3[BANK0 ] float 
   635 ;; Auto vars:     Size  Location     Type
   636 ;;  f3_as_produc    3   11[BANK0 ] unsigned um
   637 ;;  sign            1   15[BANK0 ] unsigned char 
   638 ;;  cntr            1   14[BANK0 ] unsigned char 
   639 ;;  exp             1   10[BANK0 ] unsigned char 
   640 ;; Return value:  Size  Location     Type
   641 ;;                  3    0[BANK0 ] float 
   642 ;; Registers used:
   643 ;;		wreg, status,2, status,0, pclath, cstack
   644 ;; Tracked objects:
   645 ;;		On entry : 0/0
   646 ;;		On exit  : 0/0
   647 ;;		Unchanged: 0/0
   648 ;; Data sizes:     COMMON   BANK0   BANK1   BANK2   BANK3   BANK4
   649 ;;      Params:         0       6       0       0       0       0
   650 ;;      Locals:         0       6       0       0       0       0
   651 ;;      Temps:          0       4       0       0       0       0
   652 ;;      Totals:         0      16       0       0       0       0
   653 ;;Total ram usage:       16 bytes
   654 ;; Hardware stack levels used:    1
   655 ;; Hardware stack levels required when called:    1
   656 ;; This function calls:
   657 ;;		___ftpack
   658 ;; This function is called by:
   659 ;;		_timer
   660 ;; This function uses a non-reentrant model
   661 ;;
   662                           
   663                           
   664                           ;psect for function ___ftmul
   665  0741                     ___ftmul:	
   666                           
   667                           ;incstack = 0
   668                           ; Regs used in ___ftmul: [wreg+status,2+status,0+pclath+cstack]
   669  0741  0020               	movlb	0	; select bank0
   670  0742  0820               	movf	___ftmul@f1,w
   671  0743  00A6               	movwf	??___ftmul
   672  0744  0821               	movf	___ftmul@f1+1,w
   673  0745  00A7               	movwf	??___ftmul+1
   674  0746  0822               	movf	___ftmul@f1+2,w
   675  0747  00A8               	movwf	??___ftmul+2
   676  0748  1003               	clrc
   677  0749  0D27               	rlf	??___ftmul+1,w
   678  074A  0D28               	rlf	??___ftmul+2,w
   679  074B  00A9               	movwf	??___ftmul+3
   680  074C  0829               	movf	??___ftmul+3,w
   681  074D  00AA               	movwf	___ftmul@exp
   682  074E  08AA               	movf	___ftmul@exp,f
   683  074F  1D03               	skipz
   684  0750  2F58               	goto	l724
   685  0751  3000               	movlw	0
   686  0752  00A0               	movwf	?___ftmul
   687  0753  3000               	movlw	0
   688  0754  00A1               	movwf	?___ftmul+1
   689  0755  3000               	movlw	0
   690  0756  00A2               	movwf	?___ftmul+2
   691  0757  0008               	return
   692  0758                     l724:	
   693  0758  0823               	movf	___ftmul@f2,w
   694  0759  00A6               	movwf	??___ftmul
   695  075A  0824               	movf	___ftmul@f2+1,w
   696  075B  00A7               	movwf	??___ftmul+1
   697  075C  0825               	movf	___ftmul@f2+2,w
   698  075D  00A8               	movwf	??___ftmul+2
   699  075E  1003               	clrc
   700  075F  0D27               	rlf	??___ftmul+1,w
   701  0760  0D28               	rlf	??___ftmul+2,w
   702  0761  00A9               	movwf	??___ftmul+3
   703  0762  0829               	movf	??___ftmul+3,w
   704  0763  00AF               	movwf	___ftmul@sign
   705  0764  08AF               	movf	___ftmul@sign,f
   706  0765  1D03               	skipz
   707  0766  2F6E               	goto	l730
   708  0767  3000               	movlw	0
   709  0768  00A0               	movwf	?___ftmul
   710  0769  3000               	movlw	0
   711  076A  00A1               	movwf	?___ftmul+1
   712  076B  3000               	movlw	0
   713  076C  00A2               	movwf	?___ftmul+2
   714  076D  0008               	return
   715  076E                     l730:	
   716  076E  082F               	movf	___ftmul@sign,w
   717  076F  3E7B               	addlw	123
   718  0770  00A6               	movwf	??___ftmul
   719  0771  0826               	movf	??___ftmul,w
   720  0772  07AA               	addwf	___ftmul@exp,f
   721  0773  0820               	movf	___ftmul@f1,w
   722  0774  00A6               	movwf	??___ftmul
   723  0775  0821               	movf	___ftmul@f1+1,w
   724  0776  00A7               	movwf	??___ftmul+1
   725  0777  0822               	movf	___ftmul@f1+2,w
   726  0778  00A8               	movwf	??___ftmul+2
   727  0779  3010               	movlw	16
   728  077A                     u465:	
   729  077A  36A8               	lsrf	??___ftmul+2,f
   730  077B  0CA7               	rrf	??___ftmul+1,f
   731  077C  0CA6               	rrf	??___ftmul,f
   732  077D  0B89               	decfsz	9,f
   733  077E  2F7A               	goto	u465
   734  077F  0826               	movf	??___ftmul,w
   735  0780  00A9               	movwf	??___ftmul+3
   736  0781  0829               	movf	??___ftmul+3,w
   737  0782  00AF               	movwf	___ftmul@sign
   738  0783  0823               	movf	___ftmul@f2,w
   739  0784  00A6               	movwf	??___ftmul
   740  0785  0824               	movf	___ftmul@f2+1,w
   741  0786  00A7               	movwf	??___ftmul+1
   742  0787  0825               	movf	___ftmul@f2+2,w
   743  0788  00A8               	movwf	??___ftmul+2
   744  0789  3010               	movlw	16
   745  078A                     u475:	
   746  078A  36A8               	lsrf	??___ftmul+2,f
   747  078B  0CA7               	rrf	??___ftmul+1,f
   748  078C  0CA6               	rrf	??___ftmul,f
   749  078D  0B89               	decfsz	9,f
   750  078E  2F8A               	goto	u475
   751  078F  0826               	movf	??___ftmul,w
   752  0790  00A9               	movwf	??___ftmul+3
   753  0791  0829               	movf	??___ftmul+3,w
   754  0792  06AF               	xorwf	___ftmul@sign,f
   755  0793  3080               	movlw	128
   756  0794  00A6               	movwf	??___ftmul
   757  0795  0826               	movf	??___ftmul,w
   758  0796  05AF               	andwf	___ftmul@sign,f
   759  0797  17A1               	bsf	___ftmul@f1+1,7
   760  0798  17A4               	bsf	___ftmul@f2+1,7
   761  0799  30FF               	movlw	255
   762  079A  05A3               	andwf	___ftmul@f2,f
   763  079B  30FF               	movlw	255
   764  079C  05A4               	andwf	___ftmul@f2+1,f
   765  079D  3000               	movlw	0
   766  079E  05A5               	andwf	___ftmul@f2+2,f
   767  079F  3000               	movlw	0
   768  07A0  00AB               	movwf	___ftmul@f3_as_product
   769  07A1  3000               	movlw	0
   770  07A2  00AC               	movwf	___ftmul@f3_as_product+1
   771  07A3  3000               	movlw	0
   772  07A4  00AD               	movwf	___ftmul@f3_as_product+2
   773  07A5  3007               	movlw	7
   774  07A6  00A6               	movwf	??___ftmul
   775  07A7  0826               	movf	??___ftmul,w
   776  07A8  00AE               	movwf	___ftmul@cntr
   777  07A9                     l742:	
   778  07A9  1C20               	btfss	___ftmul@f1,0
   779  07AA  2FB1               	goto	l746
   780  07AB  0823               	movf	___ftmul@f2,w
   781  07AC  07AB               	addwf	___ftmul@f3_as_product,f
   782  07AD  0824               	movf	___ftmul@f2+1,w
   783  07AE  3DAC               	addwfc	___ftmul@f3_as_product+1,f
   784  07AF  0825               	movf	___ftmul@f2+2,w
   785  07B0  3DAD               	addwfc	___ftmul@f3_as_product+2,f
   786  07B1                     l746:	
   787  07B1  3001               	movlw	1
   788  07B2                     u495:	
   789  07B2  36A2               	lsrf	___ftmul@f1+2,f
   790  07B3  0CA1               	rrf	___ftmul@f1+1,f
   791  07B4  0CA0               	rrf	___ftmul@f1,f
   792  07B5  0B89               	decfsz	9,f
   793  07B6  2FB2               	goto	u495
   794  07B7  3001               	movlw	1
   795  07B8                     u505:	
   796  07B8  35A3               	lslf	___ftmul@f2,f
   797  07B9  0DA4               	rlf	___ftmul@f2+1,f
   798  07BA  0DA5               	rlf	___ftmul@f2+2,f
   799  07BB  0B89               	decfsz	9,f
   800  07BC  2FB8               	goto	u505
   801  07BD  3001               	movlw	1
   802  07BE  02AE               	subwf	___ftmul@cntr,f
   803  07BF  1D03               	btfss	3,2
   804  07C0  2FA9               	goto	l742
   805  07C1  3009               	movlw	9
   806  07C2  00A6               	movwf	??___ftmul
   807  07C3  0826               	movf	??___ftmul,w
   808  07C4  00AE               	movwf	___ftmul@cntr
   809  07C5                     l754:	
   810  07C5  1C20               	btfss	___ftmul@f1,0
   811  07C6  2FCD               	goto	l758
   812  07C7  0823               	movf	___ftmul@f2,w
   813  07C8  07AB               	addwf	___ftmul@f3_as_product,f
   814  07C9  0824               	movf	___ftmul@f2+1,w
   815  07CA  3DAC               	addwfc	___ftmul@f3_as_product+1,f
   816  07CB  0825               	movf	___ftmul@f2+2,w
   817  07CC  3DAD               	addwfc	___ftmul@f3_as_product+2,f
   818  07CD                     l758:	
   819  07CD  3001               	movlw	1
   820  07CE                     u535:	
   821  07CE  36A2               	lsrf	___ftmul@f1+2,f
   822  07CF  0CA1               	rrf	___ftmul@f1+1,f
   823  07D0  0CA0               	rrf	___ftmul@f1,f
   824  07D1  0B89               	decfsz	9,f
   825  07D2  2FCE               	goto	u535
   826  07D3  3001               	movlw	1
   827  07D4                     u545:	
   828  07D4  36AD               	lsrf	___ftmul@f3_as_product+2,f
   829  07D5  0CAC               	rrf	___ftmul@f3_as_product+1,f
   830  07D6  0CAB               	rrf	___ftmul@f3_as_product,f
   831  07D7  0B89               	decfsz	9,f
   832  07D8  2FD4               	goto	u545
   833  07D9  3001               	movlw	1
   834  07DA  02AE               	subwf	___ftmul@cntr,f
   835  07DB  1D03               	btfss	3,2
   836  07DC  2FC5               	goto	l754
   837  07DD  082B               	movf	___ftmul@f3_as_product,w
   838  07DE  00F0               	movwf	___ftpack@arg
   839  07DF  082C               	movf	___ftmul@f3_as_product+1,w
   840  07E0  00F1               	movwf	___ftpack@arg+1
   841  07E1  082D               	movf	___ftmul@f3_as_product+2,w
   842  07E2  00F2               	movwf	___ftpack@arg+2
   843  07E3  082A               	movf	___ftmul@exp,w
   844  07E4  00A6               	movwf	??___ftmul
   845  07E5  0826               	movf	??___ftmul,w
   846  07E6  00F3               	movwf	___ftpack@exp
   847  07E7  082F               	movf	___ftmul@sign,w
   848  07E8  00A7               	movwf	??___ftmul+1
   849  07E9  0827               	movf	??___ftmul+1,w
   850  07EA  00F4               	movwf	___ftpack@sign
   851  07EB  3186  267F         	fcall	___ftpack
   852  07ED  0870               	movf	?___ftpack,w
   853  07EE  0020               	movlb	0	; select bank0
   854  07EF  00A0               	movwf	?___ftmul
   855  07F0  0871               	movf	?___ftpack+1,w
   856  07F1  00A1               	movwf	?___ftmul+1
   857  07F2  0872               	movf	?___ftpack+2,w
   858  07F3  00A2               	movwf	?___ftmul+2
   859  07F4  0008               	return
   860  07F5                     __end_of___ftmul:	
   861                           
   862                           	psect	text4
   863  067F                     __ptext4:	
   864 ;; *************** function ___ftpack *****************
   865 ;; Defined at:
   866 ;;		line 62 in file "C:\Program Files (x86)\Microchip\xc8\v1.32\sources\common\float.c"
   867 ;; Parameters:    Size  Location     Type
   868 ;;  arg             3    0[COMMON] unsigned um
   869 ;;  exp             1    3[COMMON] unsigned char 
   870 ;;  sign            1    4[COMMON] unsigned char 
   871 ;; Auto vars:     Size  Location     Type
   872 ;;		None
   873 ;; Return value:  Size  Location     Type
   874 ;;                  3    0[COMMON] float 
   875 ;; Registers used:
   876 ;;		wreg, status,2, status,0
   877 ;; Tracked objects:
   878 ;;		On entry : 0/0
   879 ;;		On exit  : 0/0
   880 ;;		Unchanged: 0/0
   881 ;; Data sizes:     COMMON   BANK0   BANK1   BANK2   BANK3   BANK4
   882 ;;      Params:         5       0       0       0       0       0
   883 ;;      Locals:         0       0       0       0       0       0
   884 ;;      Temps:          3       0       0       0       0       0
   885 ;;      Totals:         8       0       0       0       0       0
   886 ;;Total ram usage:        8 bytes
   887 ;; Hardware stack levels used:    1
   888 ;; This function calls:
   889 ;;		Nothing
   890 ;; This function is called by:
   891 ;;		___ftmul
   892 ;;		___lwtoft
   893 ;; This function uses a non-reentrant model
   894 ;;
   895                           
   896                           
   897                           ;psect for function ___ftpack
   898  067F                     ___ftpack:	
   899                           
   900                           ;incstack = 0
   901                           ; Regs used in ___ftpack: [wreg+status,2+status,0]
   902  067F  0873               	movf	___ftpack@exp,w
   903  0680  1903               	btfsc	3,2
   904  0681  2E87               	goto	l672
   905  0682  0872               	movf	___ftpack@arg+2,w
   906  0683  0471               	iorwf	___ftpack@arg+1,w
   907  0684  0470               	iorwf	___ftpack@arg,w
   908  0685  1D03               	skipz
   909  0686  2E98               	goto	l678
   910  0687                     l672:	
   911  0687  3000               	movlw	0
   912  0688  00F0               	movwf	?___ftpack
   913  0689  3000               	movlw	0
   914  068A  00F1               	movwf	?___ftpack+1
   915  068B  3000               	movlw	0
   916  068C  00F2               	movwf	?___ftpack+2
   917  068D  0008               	return
   918  068E                     l676:	
   919  068E  3001               	movlw	1
   920  068F  00F5               	movwf	??___ftpack
   921  0690  0875               	movf	??___ftpack,w
   922  0691  07F3               	addwf	___ftpack@exp,f
   923  0692  3001               	movlw	1
   924  0693                     u325:	
   925  0693  36F2               	lsrf	___ftpack@arg+2,f
   926  0694  0CF1               	rrf	___ftpack@arg+1,f
   927  0695  0CF0               	rrf	___ftpack@arg,f
   928  0696  0B89               	decfsz	9,f
   929  0697  2E93               	goto	u325
   930  0698                     l678:	
   931  0698  30FE               	movlw	254
   932  0699  0572               	andwf	___ftpack@arg+2,w
   933  069A  1903               	btfsc	3,2
   934  069B  2EB1               	goto	l300
   935  069C  2E8E               	goto	l676
   936  069D                     l680:	
   937  069D  3001               	movlw	1
   938  069E  00F5               	movwf	??___ftpack
   939  069F  0875               	movf	??___ftpack,w
   940  06A0  07F3               	addwf	___ftpack@exp,f
   941  06A1  3001               	movlw	1
   942  06A2  07F0               	addwf	___ftpack@arg,f
   943  06A3  3000               	movlw	0
   944  06A4  1803               	skipnc
   945  06A5  3001               	movlw	1
   946  06A6  07F1               	addwf	___ftpack@arg+1,f
   947  06A7  3000               	movlw	0
   948  06A8  1803               	skipnc
   949  06A9  3001               	movlw	1
   950  06AA  07F2               	addwf	___ftpack@arg+2,f
   951  06AB  3001               	movlw	1
   952  06AC                     u345:	
   953  06AC  36F2               	lsrf	___ftpack@arg+2,f
   954  06AD  0CF1               	rrf	___ftpack@arg+1,f
   955  06AE  0CF0               	rrf	___ftpack@arg,f
   956  06AF  0B89               	decfsz	9,f
   957  06B0  2EAC               	goto	u345
   958  06B1                     l300:	
   959  06B1  30FF               	movlw	255
   960  06B2  0572               	andwf	___ftpack@arg+2,w
   961  06B3  1903               	btfsc	3,2
   962  06B4  2EBE               	goto	l688
   963  06B5  2E9D               	goto	l680
   964  06B6                     l686:	
   965  06B6  3001               	movlw	1
   966  06B7  02F3               	subwf	___ftpack@exp,f
   967  06B8  3001               	movlw	1
   968  06B9                     u365:	
   969  06B9  35F0               	lslf	___ftpack@arg,f
   970  06BA  0DF1               	rlf	___ftpack@arg+1,f
   971  06BB  0DF2               	rlf	___ftpack@arg+2,f
   972  06BC  0B89               	decfsz	9,f
   973  06BD  2EB9               	goto	u365
   974  06BE                     l688:	
   975  06BE  1FF1               	btfss	___ftpack@arg+1,7
   976  06BF  2EB6               	goto	l686
   977  06C0  1873               	btfsc	___ftpack@exp,0
   978  06C1  2EC8               	goto	l306
   979  06C2  30FF               	movlw	255
   980  06C3  05F0               	andwf	___ftpack@arg,f
   981  06C4  307F               	movlw	127
   982  06C5  05F1               	andwf	___ftpack@arg+1,f
   983  06C6  30FF               	movlw	255
   984  06C7  05F2               	andwf	___ftpack@arg+2,f
   985  06C8                     l306:	
   986  06C8  1003               	clrc
   987  06C9  0CF3               	rrf	___ftpack@exp,f
   988  06CA  0873               	movf	___ftpack@exp,w
   989  06CB  00F5               	movwf	??___ftpack
   990  06CC  01F6               	clrf	??___ftpack+1
   991  06CD  01F7               	clrf	??___ftpack+2
   992  06CE  3010               	movlw	16
   993  06CF                     u395:	
   994  06CF  35F5               	lslf	??___ftpack,f
   995  06D0  0DF6               	rlf	??___ftpack+1,f
   996  06D1  0DF7               	rlf	??___ftpack+2,f
   997  06D2  0B89               	decfsz	9,f
   998  06D3  2ECF               	goto	u395
   999  06D4  0875               	movf	??___ftpack,w
  1000  06D5  04F0               	iorwf	___ftpack@arg,f
  1001  06D6  0876               	movf	??___ftpack+1,w
  1002  06D7  04F1               	iorwf	___ftpack@arg+1,f
  1003  06D8  0877               	movf	??___ftpack+2,w
  1004  06D9  04F2               	iorwf	___ftpack@arg+2,f
  1005  06DA  0874               	movf	___ftpack@sign,w
  1006  06DB  1903               	btfsc	3,2
  1007  06DC  0008               	return
  1008  06DD  17F2               	bsf	___ftpack@arg+2,7
  1009  06DE  0008               	return
  1010  06DF                     __end_of___ftpack:	
  1011                           
  1012                           	psect	text5
  1013  0644                     __ptext5:	
  1014 ;; *************** function ___ftge *****************
  1015 ;; Defined at:
  1016 ;;		line 4 in file "C:\Program Files (x86)\Microchip\xc8\v1.32\sources\common\ftge.c"
  1017 ;; Parameters:    Size  Location     Type
  1018 ;;  ff1             3    0[COMMON] float 
  1019 ;;  ff2             3    3[COMMON] float 
  1020 ;; Auto vars:     Size  Location     Type
  1021 ;;		None
  1022 ;; Return value:  Size  Location     Type
  1023 ;;		None               void
  1024 ;; Registers used:
  1025 ;;		wreg, status,2, status,0
  1026 ;; Tracked objects:
  1027 ;;		On entry : 0/0
  1028 ;;		On exit  : 0/0
  1029 ;;		Unchanged: 0/0
  1030 ;; Data sizes:     COMMON   BANK0   BANK1   BANK2   BANK3   BANK4
  1031 ;;      Params:         6       0       0       0       0       0
  1032 ;;      Locals:         0       0       0       0       0       0
  1033 ;;      Temps:          3       0       0       0       0       0
  1034 ;;      Totals:         9       0       0       0       0       0
  1035 ;;Total ram usage:        9 bytes
  1036 ;; Hardware stack levels used:    1
  1037 ;; This function calls:
  1038 ;;		Nothing
  1039 ;; This function is called by:
  1040 ;;		_timer
  1041 ;; This function uses a non-reentrant model
  1042 ;;
  1043                           
  1044                           
  1045                           ;psect for function ___ftge
  1046  0644                     ___ftge:	
  1047                           
  1048                           ;incstack = 0
  1049                           ; Regs used in ___ftge: [wreg+status,2+status,0]
  1050  0644  1FF2               	btfss	___ftge@ff1+2,7
  1051  0645  2E5A               	goto	l702
  1052  0646  0970               	comf	___ftge@ff1,w
  1053  0647  00F6               	movwf	??___ftge
  1054  0648  0971               	comf	___ftge@ff1+1,w
  1055  0649  00F7               	movwf	??___ftge+1
  1056  064A  0972               	comf	___ftge@ff1+2,w
  1057  064B  00F8               	movwf	??___ftge+2
  1058  064C  0AF6               	incf	??___ftge,f
  1059  064D  1903               	skipnz
  1060  064E  0AF7               	incf	??___ftge+1,f
  1061  064F  1903               	skipnz
  1062  0650  0AF8               	incf	??___ftge+2,f
  1063  0651  3000               	movlw	0
  1064  0652  0776               	addwf	??___ftge,w
  1065  0653  00F0               	movwf	___ftge@ff1
  1066  0654  3000               	movlw	0
  1067  0655  3D77               	addwfc	??___ftge+1,w
  1068  0656  00F1               	movwf	___ftge@ff1+1
  1069  0657  3080               	movlw	128
  1070  0658  3D78               	addwfc	??___ftge+2,w
  1071  0659  00F2               	movwf	___ftge@ff1+2
  1072  065A                     l702:	
  1073  065A  1FF5               	btfss	___ftge@ff2+2,7
  1074  065B  2E70               	goto	l706
  1075  065C  0973               	comf	___ftge@ff2,w
  1076  065D  00F6               	movwf	??___ftge
  1077  065E  0974               	comf	___ftge@ff2+1,w
  1078  065F  00F7               	movwf	??___ftge+1
  1079  0660  0975               	comf	___ftge@ff2+2,w
  1080  0661  00F8               	movwf	??___ftge+2
  1081  0662  0AF6               	incf	??___ftge,f
  1082  0663  1903               	skipnz
  1083  0664  0AF7               	incf	??___ftge+1,f
  1084  0665  1903               	skipnz
  1085  0666  0AF8               	incf	??___ftge+2,f
  1086  0667  3000               	movlw	0
  1087  0668  0776               	addwf	??___ftge,w
  1088  0669  00F3               	movwf	___ftge@ff2
  1089  066A  3000               	movlw	0
  1090  066B  3D77               	addwfc	??___ftge+1,w
  1091  066C  00F4               	movwf	___ftge@ff2+1
  1092  066D  3080               	movlw	128
  1093  066E  3D78               	addwfc	??___ftge+2,w
  1094  066F  00F5               	movwf	___ftge@ff2+2
  1095  0670                     l706:	
  1096  0670  3080               	movlw	128
  1097  0671  06F2               	xorwf	___ftge@ff1+2,f
  1098  0672  3080               	movlw	128
  1099  0673  06F5               	xorwf	___ftge@ff2+2,f
  1100  0674  0875               	movf	___ftge@ff2+2,w
  1101  0675  0272               	subwf	___ftge@ff1+2,w
  1102  0676  1D03               	skipz
  1103  0677  0008               	return
  1104  0678  0874               	movf	___ftge@ff2+1,w
  1105  0679  0271               	subwf	___ftge@ff1+1,w
  1106  067A  1D03               	skipz
  1107  067B  0008               	return
  1108  067C  0873               	movf	___ftge@ff2,w
  1109  067D  0270               	subwf	___ftge@ff1,w
  1110  067E  0008               	return
  1111  067F                     __end_of___ftge:	
  1112                           
  1113                           	psect	text6
  1114  062F                     __ptext6:	
  1115 ;; *************** function _init *****************
  1116 ;; Defined at:
  1117 ;;		line 56 in file "timer1modul.c"
  1118 ;; Parameters:    Size  Location     Type
  1119 ;;		None
  1120 ;; Auto vars:     Size  Location     Type
  1121 ;;		None
  1122 ;; Return value:  Size  Location     Type
  1123 ;;		None               void
  1124 ;; Registers used:
  1125 ;;		wreg, status,2
  1126 ;; Tracked objects:
  1127 ;;		On entry : 0/0
  1128 ;;		On exit  : 0/0
  1129 ;;		Unchanged: 0/0
  1130 ;; Data sizes:     COMMON   BANK0   BANK1   BANK2   BANK3   BANK4
  1131 ;;      Params:         0       0       0       0       0       0
  1132 ;;      Locals:         0       0       0       0       0       0
  1133 ;;      Temps:          0       0       0       0       0       0
  1134 ;;      Totals:         0       0       0       0       0       0
  1135 ;;Total ram usage:        0 bytes
  1136 ;; Hardware stack levels used:    1
  1137 ;; This function calls:
  1138 ;;		Nothing
  1139 ;; This function is called by:
  1140 ;;		_main
  1141 ;; This function uses a non-reentrant model
  1142 ;;
  1143                           
  1144                           
  1145                           ;psect for function _init
  1146  062F                     _init:	
  1147                           
  1148                           ;timer1modul.c: 59: PORTA = 0;
  1149                           
  1150                           ;incstack = 0
  1151                           ; Regs used in _init: [wreg+status,2]
  1152  062F  0020               	movlb	0	; select bank0
  1153  0630  018C               	clrf	12	;volatile
  1154                           
  1155                           ;timer1modul.c: 60: PORTB = 0b00010000;
  1156  0631  3010               	movlw	16
  1157  0632  008D               	movwf	13	;volatile
  1158                           
  1159                           ;timer1modul.c: 62: TRISA = 0;
  1160  0633  0021               	movlb	1	; select bank1
  1161  0634  018C               	clrf	12	;volatile
  1162                           
  1163                           ;timer1modul.c: 63: TRISB = 0b00000001;
  1164  0635  3001               	movlw	1
  1165  0636  008D               	movwf	13	;volatile
  1166                           
  1167                           ;timer1modul.c: 65: ANSELA = 0;
  1168  0637  0023               	movlb	3	; select bank3
  1169  0638  018C               	clrf	12	;volatile
  1170                           
  1171                           ;timer1modul.c: 66: ANSELB = 0;
  1172  0639  018D               	clrf	13	;volatile
  1173                           
  1174                           ;timer1modul.c: 68: OSCCON = 0b01101011;
  1175  063A  306B               	movlw	107
  1176  063B  0021               	movlb	1	; select bank1
  1177  063C  0099               	movwf	25	;volatile
  1178                           
  1179                           ;timer1modul.c: 70: T1CON = 0b000000001;
  1180  063D  3001               	movlw	1
  1181  063E  0020               	movlb	0	; select bank0
  1182  063F  0098               	movwf	24	;volatile
  1183                           
  1184                           ;timer1modul.c: 71: T1GCON = 0b11000000;
  1185  0640  30C0               	movlw	192
  1186  0641  0099               	movwf	25	;volatile
  1187                           
  1188                           ;timer1modul.c: 72: TMR1GIF = 0;
  1189  0642  1391               	bcf	17,7	;volatile
  1190  0643  0008               	return
  1191  0644                     __end_of_init:	
  1192  007E                     btemp	set	126	;btemp
  1193  007E                     pic14e$flags	set	126
  1194  007E                     wtemp	set	126
  1195  007E                     wtemp0	set	126
  1196  0080                     wtemp1	set	128
  1197  0082                     wtemp2	set	130
  1198  0084                     wtemp3	set	132
  1199  0086                     wtemp4	set	134
  1200  0088                     wtemp5	set	136
  1201  007F                     wtemp6	set	127
  1202  007E                     ttemp	set	126
  1203  007E                     ttemp0	set	126
  1204  0081                     ttemp1	set	129
  1205  0084                     ttemp2	set	132
  1206  0087                     ttemp3	set	135
  1207  007F                     ttemp4	set	127
  1208  007E                     ltemp	set	126
  1209  007E                     ltemp0	set	126
  1210  0082                     ltemp1	set	130
  1211  0086                     ltemp2	set	134
  1212  0080                     ltemp3	set	128


Data Sizes:
    Strings     0
    Constant    0
    Data        0
    BSS         7
    Persistent  0
    Stack       0

Auto Spaces:
    Space          Size  Autos    Used
    COMMON           14     12      14
    BANK0            80     23      28
    BANK1            80      0       0
    BANK2            80      0       0
    BANK3            80      0       0
    BANK4            48      0       0

Pointer List with Targets:

    None.

Critical Paths under _main in COMMON

    _timer->___lwtoft
    ___lwtoft->___ftpack
    ___ftmul->___lwtoft

Critical Paths under _main in BANK0

    _main->_timer
    _timer->___ftmul

Critical Paths under _main in BANK1

    None.

Critical Paths under _main in BANK2

    None.

Critical Paths under _main in BANK3

    None.

Critical Paths under _main in BANK4

    None.

Call Graph Tables:

 ---------------------------------------------------------------------------------
 (Depth) Function   	        Calls       Base Space   Used Autos Params    Refs
 ---------------------------------------------------------------------------------
 (0) _main                                                 4     0      4    3963
                                             19 BANK0      4     0      4
                               _init
                              _timer
 ---------------------------------------------------------------------------------
 (1) _timer                                                3     3      0    3963
                                             16 BANK0      3     3      0
                             ___ftge
                            ___ftmul
                           ___lwtoft
 ---------------------------------------------------------------------------------
 (2) ___lwtoft                                             4     1      3    1682
                                              8 COMMON     4     1      3
                           ___ftpack
 ---------------------------------------------------------------------------------
 (2) ___ftmul                                             16    10      6    2039
                                              0 BANK0     16    10      6
                           ___ftpack
                           ___lwtoft (ARG)
 ---------------------------------------------------------------------------------
 (3) ___ftpack                                             8     3      5    1607
                                              0 COMMON     8     3      5
 ---------------------------------------------------------------------------------
 (2) ___ftge                                               9     3      6     242
                                              0 COMMON     9     3      6
 ---------------------------------------------------------------------------------
 (1) _init                                                 0     0      0       0
 ---------------------------------------------------------------------------------
 Estimated maximum stack depth 3
 ---------------------------------------------------------------------------------

 Call Graph Graphs:

 _main (ROOT)
   _init
   _timer
     ___ftge
     ___ftmul
       ___ftpack
       ___lwtoft (ARG)
         ___ftpack
     ___lwtoft
       ___ftpack

 Address spaces:
Name               Size   Autos  Total    Cost      Usage
BIGRAM             170      0       0       0        0.0%
EEDATA             100      0       0       0        0.0%
NULL                 0      0       0       0        0.0%
CODE                 0      0       0       0        0.0%
BITCOMMON            E      0       0       1        0.0%
BITSFR0              0      0       0       1        0.0%
SFR0                 0      0       0       1        0.0%
COMMON               E      C       E       2      100.0%
BITSFR1              0      0       0       2        0.0%
SFR1                 0      0       0       2        0.0%
BITSFR2              0      0       0       3        0.0%
SFR2                 0      0       0       3        0.0%
STACK                0      0       0       3        0.0%
BITSFR3              0      0       0       4        0.0%
SFR3                 0      0       0       4        0.0%
ABS                  0      0      2A       4        0.0%
BITBANK0            50      0       0       5        0.0%
BITSFR4              0      0       0       5        0.0%
SFR4                 0      0       0       5        0.0%
BANK0               50     17      1C       6       35.0%
BITSFR5              0      0       0       6        0.0%
SFR5                 0      0       0       6        0.0%
BITBANK1            50      0       0       7        0.0%
BITSFR6              0      0       0       7        0.0%
SFR6                 0      0       0       7        0.0%
BANK1               50      0       0       8        0.0%
BITSFR7              0      0       0       8        0.0%
SFR7                 0      0       0       8        0.0%
BITBANK2            50      0       0       9        0.0%
BITSFR8              0      0       0       9        0.0%
SFR8                 0      0       0       9        0.0%
BANK2               50      0       0      10        0.0%
BITSFR9              0      0       0      10        0.0%
SFR9                 0      0       0      10        0.0%
BITBANK3            50      0       0      11        0.0%
BITSFR10             0      0       0      11        0.0%
SFR10                0      0       0      11        0.0%
BANK3               50      0       0      12        0.0%
BITSFR11             0      0       0      12        0.0%
SFR11                0      0       0      12        0.0%
BITBANK4            30      0       0      13        0.0%
BITSFR12             0      0       0      13        0.0%
SFR12                0      0       0      13        0.0%
BANK4               30      0       0      14        0.0%
BITSFR13             0      0       0      14        0.0%
SFR13                0      0       0      14        0.0%
BITSFR14             0      0       0      15        0.0%
SFR14                0      0       0      15        0.0%
DATA                 0      0      2A      15        0.0%
BITSFR15             0      0       0      16        0.0%
SFR15                0      0       0      16        0.0%
BITSFR16             0      0       0      17        0.0%
SFR16                0      0       0      17        0.0%
BITSFR17             0      0       0      18        0.0%
SFR17                0      0       0      18        0.0%
BITSFR18             0      0       0      19        0.0%
SFR18                0      0       0      19        0.0%
BITSFR19             0      0       0      20        0.0%
SFR19                0      0       0      20        0.0%
BITSFR20             0      0       0      21        0.0%
SFR20                0      0       0      21        0.0%
BITSFR21             0      0       0      22        0.0%
SFR21                0      0       0      22        0.0%
BITSFR22             0      0       0      23        0.0%
SFR22                0      0       0      23        0.0%
BITSFR23             0      0       0      24        0.0%
SFR23                0      0       0      24        0.0%
BITSFR24             0      0       0      25        0.0%
SFR24                0      0       0      25        0.0%
BITSFR25             0      0       0      26        0.0%
SFR25                0      0       0      26        0.0%
BITSFR26             0      0       0      27        0.0%
SFR26                0      0       0      27        0.0%
BITSFR27             0      0       0      28        0.0%
SFR27                0      0       0      28        0.0%
BITSFR28             0      0       0      29        0.0%
SFR28                0      0       0      29        0.0%
BITSFR29             0      0       0      30        0.0%
SFR29                0      0       0      30        0.0%
BITSFR30             0      0       0      31        0.0%
SFR30                0      0       0      31        0.0%
BITSFR31             0      0       0      32        0.0%
SFR31                0      0       0      32        0.0%


Microchip Technology PIC Macro Assembler V1.32 build 58300 
Symbol Table                                                                                   Tue Sep 08 09:24:59 2015

                      _s 0037              __CFG_CP$OFF 0000                       l44 06DF  
                     l45 06E1                       l48 0730                      l300 06B1  
                    l306 06C8                      l702 065A                      l706 0670  
                    l730 076E                      l724 0758                      l742 07A9  
                    l680 069D                      l672 0687                      l754 07C5  
                    l746 07B1                      l676 068E                      l686 06B6  
                    l678 0698                      l758 07CD                      l688 06BE  
                    l788 0732                      _RB3 006B                      _RB4 006C  
                    u325 0693                      u345 06AC                      u505 07B8  
           __CFG_CPD$OFF 0000                      u365 06B9                      u535 07CE  
                    u545 07D4                      u465 077A                      u395 06CF  
                    u475 078A                      u495 07B2                      u575 06EC  
                    u597 0738             __CFG_BORV$LO 0000                      wreg 0009  
           __CFG_LVP$OFF 0000             __CFG_WRT$OFF 0000                     _main 0615  
           ___ftpack@arg 0070                     _init 062F             ___ftpack@exp 0073  
                   _zeit 007C                     btemp 007E                     ltemp 007E  
                   start 0002                     ttemp 007E                     wtemp 007E  
          __CFG_IESO$OFF 0000            __CFG_MCLRE$ON 0000             ___ftmul@cntr 002E  
           ___ftmul@sign 002F                    ?_main 0033                    ?_init 0070  
          __CFG_WDTE$OFF 0000          __end_of___ftmul 07F5                    _T1CON 0018  
                  _TMR1H 0017                    _TMR1L 0016                    _PORTA 000C  
                  _PORTB 000D                    _TRISA 008C                    _TRISB 008D  
         __CFG_FCMEN$OFF 0000            ___ftpack@sign 0074                    _timer 06DF  
         __CFG_BOREN$OFF 0000                    ltemp0 007E                    ltemp1 0082  
                  ltemp2 0086                    ltemp3 0080                    ttemp0 007E  
                  ttemp1 0081                    ttemp2 0084                    ttemp3 0087  
                  ttemp4 007F                    status 0003                    wtemp0 007E  
                  wtemp1 0080                    wtemp2 0082                    wtemp3 0084  
                  wtemp4 0086                    wtemp5 0088                    wtemp6 007F  
        __initialization 07F5             __end_of_main 061C             __end_of_init 0644  
                 ??_main 007C                   ??_init 0070           __CFG_PLLEN$OFF 0000  
                 ?_timer 0070                   _ANSELA 018C                   _ANSELB 018D  
       __end_of___ftpack 06DF                   _T1GCON 0019         __end_of___lwtoft 062F  
                 _OSCCON 0099           __CFG_PWRTE$OFF 0000                   ___ftge 0644  
              ??___ftmul 0026    ___ftmul@f3_as_product 002B  __end_of__initialization 07FC  
             ___ftge@ff1 0070               ___ftge@ff2 0073               ___ftmul@f1 0020  
             ___ftmul@f2 0023           __pcstackCOMMON 0070            __end_of_timer 0741  
             ___lwtoft@c 0078                  ??_timer 0030               __pbssBANK0 0037  
             __pmaintext 0615                  ?___ftge 0070                ?___ftpack 0070  
              ?___lwtoft 0078                  _TMR1GIF 008F          __size_of___ftge 003B  
                ___ftmul 0741          __CFG_STVREN$OFF 0000               ??___ftpack 0075  
                __ptext0 0000                  __ptext1 06DF                  __ptext2 061C  
                __ptext3 0741                  __ptext4 067F                  __ptext5 0644  
                __ptext6 062F               ??___lwtoft 007B     end_of_initialization 07FC  
       __CFG_FOSC$INTOSC 0000              ___ftmul@exp 002A           __end_of___ftge 067F  
    start_initialization 07F5                 ??___ftge 0076        __size_of___ftpack 0060  
            __pbssCOMMON 007C                ___latbits 0001        __size_of___lwtoft 0013  
          __pcstackBANK0 0020                 ?___ftmul 0020           __size_of_timer 0062  
              _timebreak 003A         __size_of___ftmul 00B4                 ___ftpack 067F  
               ___lwtoft 061C            __size_of_main 0007            __size_of_init 0015  
               main@argc 0033                 main@argv 0035              pic14e$flags 007E  
      __CFG_CLKOUTEN$OFF 0000  
